[ 2017-05-02T21:09:11+08:00 ] ::1 /me/tp3.2/x/index.php/admin/cat/catlist
INFO: [ app_init ] --START--
INFO: Run Behavior\BuildLiteBehavior [ RunTime:0.000014s ]
INFO: [ app_init ] --END-- [ RunTime:0.000541s ]
INFO: [ app_begin ] --START--
INFO: Run Behavior\ReadHtmlCacheBehavior [ RunTime:0.000768s ]
INFO: [ app_begin ] --END-- [ RunTime:0.000819s ]
SQL: SHOW COLUMNS FROM `cat` [ RunTime:0.0006s ]
SQL: SELECT * FROM `cat`  [ RunTime:0.0003s ]
INFO: [ view_parse ] --START--
INFO: [ template_filter ] --START--
INFO: Run Behavior\ContentReplaceBehavior [ RunTime:0.000031s ]
INFO: [ template_filter ] --END-- [ RunTime:0.000076s ]

[ 2017-05-02T21:09:11+08:00 ] ::1 /me/tp3.2/x/index.php/admin/cat/catlist
INFO: [ app_init ] --START--
INFO: Run Behavior\BuildLiteBehavior [ RunTime:0.000017s ]
INFO: [ app_init ] --END-- [ RunTime:0.000640s ]
INFO: [ app_begin ] --START--
INFO: Run Behavior\ReadHtmlCacheBehavior [ RunTime:0.000983s ]
INFO: [ app_begin ] --END-- [ RunTime:0.001054s ]
SQL: SHOW COLUMNS FROM `cat` [ RunTime:0.0006s ]
SQL: SELECT * FROM `cat`  [ RunTime:0.0003s ]
INFO: [ view_parse ] --START--
INFO: [ template_filter ] --START--
INFO: Run Behavior\ContentReplaceBehavior [ RunTime:0.000048s ]
INFO: [ template_filter ] --END-- [ RunTime:0.000117s ]

[ 2017-05-02T21:09:11+08:00 ] ::1 /me/tp3.2/x/index.php/admin/cat/catlist
INFO: [ app_init ] --START--
INFO: Run Behavior\BuildLiteBehavior [ RunTime:0.000017s ]
INFO: [ app_init ] --END-- [ RunTime:0.000658s ]
INFO: [ app_begin ] --START--
INFO: Run Behavior\ReadHtmlCacheBehavior [ RunTime:0.001170s ]
INFO: [ app_begin ] --END-- [ RunTime:0.001238s ]
SQL: SHOW COLUMNS FROM `cat` [ RunTime:0.0007s ]
SQL: SELECT * FROM `cat`  [ RunTime:0.0003s ]
INFO: [ view_parse ] --START--
INFO: [ template_filter ] --START--
INFO: Run Behavior\ContentReplaceBehavior [ RunTime:0.000038s ]
INFO: [ template_filter ] --END-- [ RunTime:0.000097s ]

[ 2017-05-02T21:09:23+08:00 ] ::1 /me/tp3.2/x/index.php/admin/cat/catlist
INFO: [ app_init ] --START--
INFO: Run Behavior\BuildLiteBehavior [ RunTime:0.000015s ]
INFO: [ app_init ] --END-- [ RunTime:0.000604s ]
INFO: [ app_begin ] --START--
INFO: Run Behavior\ReadHtmlCacheBehavior [ RunTime:0.000736s ]
INFO: [ app_begin ] --END-- [ RunTime:0.000782s ]
SQL: SHOW COLUMNS FROM `cat` [ RunTime:0.0006s ]
SQL: SELECT * FROM `cat`  [ RunTime:0.0003s ]
INFO: [ view_parse ] --START--
INFO: [ template_filter ] --START--
INFO: Run Behavior\ContentReplaceBehavior [ RunTime:0.000038s ]
INFO: [ template_filter ] --END-- [ RunTime:0.000093s ]
INFO: Run Behavior\ParseTemplateBehavior [ RunTime:0.007134s ]
INFO: [ view_parse ] --END-- [ RunTime:0.007187s ]
INFO: [ view_filter ] --START--
INFO: Run Behavior\WriteHtmlCacheBehavior [ RunTime:0.000590s ]
INFO: [ view_filter ] --END-- [ RunTime:0.000625s ]
INFO: [ app_end ] --START--
INFO: Run Behavior\ShowPageTraceBehavior [ RunTime:0.000751s ]
INFO: [ app_end ] --END-- [ RunTime:0.000786s ]

[ 2017-05-02T21:09:24+08:00 ] ::1 /me/tp3.2/x/index.php/admin/cat/catlist
INFO: [ app_init ] --START--
INFO: Run Behavior\BuildLiteBehavior [ RunTime:0.000016s ]
INFO: [ app_init ] --END-- [ RunTime:0.000677s ]
INFO: [ app_begin ] --START--
INFO: Run Behavior\ReadHtmlCacheBehavior [ RunTime:0.000836s ]
INFO: [ app_begin ] --END-- [ RunTime:0.000887s ]
SQL: SHOW COLUMNS FROM `cat` [ RunTime:0.0010s ]
SQL: SELECT * FROM `cat`  [ RunTime:0.0005s ]
INFO: [ view_parse ] --START--
INFO: [ template_filter ] --START--
INFO: Run Behavior\ContentReplaceBehavior [ RunTime:0.000083s ]
INFO: [ template_filter ] --END-- [ RunTime:0.000159s ]
INFO: Run Behavior\ParseTemplateBehavior [ RunTime:0.007930s ]
INFO: [ view_parse ] --END-- [ RunTime:0.007988s ]
INFO: [ view_filter ] --START--
INFO: Run Behavior\WriteHtmlCacheBehavior [ RunTime:0.000614s ]
INFO: [ view_filter ] --END-- [ RunTime:0.000655s ]
INFO: [ app_end ] --START--
INFO: Run Behavior\ShowPageTraceBehavior [ RunTime:0.000887s ]
INFO: [ app_end ] --END-- [ RunTime:0.000931s ]

[ 2017-05-02T21:09:33+08:00 ] ::1 /me/tp3.2/x/index.php/admin/cat/catlist
INFO: [ app_init ] --START--
INFO: Run Behavior\BuildLiteBehavior [ RunTime:0.000015s ]
INFO: [ app_init ] --END-- [ RunTime:0.000577s ]
INFO: [ app_begin ] --START--
INFO: Run Behavior\ReadHtmlCacheBehavior [ RunTime:0.000814s ]
INFO: [ app_begin ] --END-- [ RunTime:0.000866s ]
SQL: SHOW COLUMNS FROM `cat` [ RunTime:0.0007s ]
SQL: SELECT * FROM `cat`  [ RunTime:0.0003s ]
INFO: [ view_parse ] --START--
INFO: [ template_filter ] --START--
INFO: Run Behavior\ContentReplaceBehavior [ RunTime:0.000039s ]
INFO: [ template_filter ] --END-- [ RunTime:0.000127s ]

[ 2017-05-02T21:11:32+08:00 ] ::1 /me/tp3.2/x/index.php/admin/cat/catlist
INFO: [ app_init ] --START--
INFO: Run Behavior\BuildLiteBehavior [ RunTime:0.000014s ]
INFO: [ app_init ] --END-- [ RunTime:0.000535s ]
INFO: [ app_begin ] --START--
INFO: Run Behavior\ReadHtmlCacheBehavior [ RunTime:0.000859s ]
INFO: [ app_begin ] --END-- [ RunTime:0.000915s ]
SQL: SHOW COLUMNS FROM `cat` [ RunTime:0.0006s ]
SQL: SELECT * FROM `cat`  [ RunTime:0.0003s ]
INFO: [ view_parse ] --START--
INFO: [ template_filter ] --START--
INFO: Run Behavior\ContentReplaceBehavior [ RunTime:0.000051s ]
INFO: [ template_filter ] --END-- [ RunTime:0.000127s ]
INFO: Run Behavior\ParseTemplateBehavior [ RunTime:0.006978s ]
INFO: [ view_parse ] --END-- [ RunTime:0.007027s ]
INFO: [ view_filter ] --START--
INFO: Run Behavior\WriteHtmlCacheBehavior [ RunTime:0.000511s ]
INFO: [ view_filter ] --END-- [ RunTime:0.000548s ]
INFO: [ app_end ] --START--
INFO: Run Behavior\ShowPageTraceBehavior [ RunTime:0.000683s ]
INFO: [ app_end ] --END-- [ RunTime:0.000718s ]

[ 2017-05-02T21:11:33+08:00 ] ::1 /me/tp3.2/x/index.php/admin/cat/catlist
INFO: [ app_init ] --START--
INFO: Run Behavior\BuildLiteBehavior [ RunTime:0.000022s ]
INFO: [ app_init ] --END-- [ RunTime:0.000726s ]
INFO: [ app_begin ] --START--
INFO: Run Behavior\ReadHtmlCacheBehavior [ RunTime:0.000833s ]
INFO: [ app_begin ] --END-- [ RunTime:0.000887s ]
SQL: SHOW COLUMNS FROM `cat` [ RunTime:0.0006s ]
SQL: SELECT * FROM `cat`  [ RunTime:0.0003s ]
INFO: [ view_parse ] --START--
INFO: [ template_filter ] --START--
INFO: Run Behavior\ContentReplaceBehavior [ RunTime:0.000033s ]
INFO: [ template_filter ] --END-- [ RunTime:0.000083s ]
INFO: Run Behavior\ParseTemplateBehavior [ RunTime:0.006980s ]
INFO: [ view_parse ] --END-- [ RunTime:0.007031s ]
INFO: [ view_filter ] --START--
INFO: Run Behavior\WriteHtmlCacheBehavior [ RunTime:0.000562s ]
INFO: [ view_filter ] --END-- [ RunTime:0.000601s ]
INFO: [ app_end ] --START--
INFO: Run Behavior\ShowPageTraceBehavior [ RunTime:0.000729s ]
INFO: [ app_end ] --END-- [ RunTime:0.000770s ]

[ 2017-05-02T21:11:33+08:00 ] ::1 /me/tp3.2/x/index.php/admin/cat/catlist
INFO: [ app_init ] --START--
INFO: Run Behavior\BuildLiteBehavior [ RunTime:0.000014s ]
INFO: [ app_init ] --END-- [ RunTime:0.000550s ]
INFO: [ app_begin ] --START--
INFO: Run Behavior\ReadHtmlCacheBehavior [ RunTime:0.000782s ]
INFO: [ app_begin ] --END-- [ RunTime:0.000831s ]
SQL: SHOW COLUMNS FROM `cat` [ RunTime:0.0008s ]
SQL: SELECT * FROM `cat`  [ RunTime:0.0003s ]
INFO: [ view_parse ] --START--
INFO: [ template_filter ] --START--
INFO: Run Behavior\ContentReplaceBehavior [ RunTime:0.000038s ]
INFO: [ template_filter ] --END-- [ RunTime:0.000096s ]
INFO: Run Behavior\ParseTemplateBehavior [ RunTime:0.007275s ]
INFO: [ view_parse ] --END-- [ RunTime:0.007333s ]
INFO: [ view_filter ] --START--
INFO: Run Behavior\WriteHtmlCacheBehavior [ RunTime:0.000604s ]
INFO: [ view_filter ] --END-- [ RunTime:0.000640s ]
INFO: [ app_end ] --START--
INFO: Run Behavior\ShowPageTraceBehavior [ RunTime:0.000712s ]
INFO: [ app_end ] --END-- [ RunTime:0.000746s ]

[ 2017-05-02T21:11:33+08:00 ] ::1 /me/tp3.2/x/index.php/admin/cat/catlist
INFO: [ app_init ] --START--
INFO: Run Behavior\BuildLiteBehavior [ RunTime:0.000014s ]
INFO: [ app_init ] --END-- [ RunTime:0.000471s ]
INFO: [ app_begin ] --START--
INFO: Run Behavior\ReadHtmlCacheBehavior [ RunTime:0.000832s ]
INFO: [ app_begin ] --END-- [ RunTime:0.000892s ]
SQL: SHOW COLUMNS FROM `cat` [ RunTime:0.0006s ]
SQL: SELECT * FROM `cat`  [ RunTime:0.0003s ]
INFO: [ view_parse ] --START--
INFO: [ template_filter ] --START--
INFO: Run Behavior\ContentReplaceBehavior [ RunTime:0.000038s ]
INFO: [ template_filter ] --END-- [ RunTime:0.000103s ]
INFO: Run Behavior\ParseTemplateBehavior [ RunTime:0.009022s ]
INFO: [ view_parse ] --END-- [ RunTime:0.009106s ]
INFO: [ view_filter ] --START--
INFO: Run Behavior\WriteHtmlCacheBehavior [ RunTime:0.000844s ]
INFO: [ view_filter ] --END-- [ RunTime:0.000894s ]
INFO: [ app_end ] --START--
INFO: Run Behavior\ShowPageTraceBehavior [ RunTime:0.000739s ]
INFO: [ app_end ] --END-- [ RunTime:0.000775s ]

[ 2017-05-02T21:11:33+08:00 ] ::1 /me/tp3.2/x/index.php/admin/cat/catlist
INFO: [ app_init ] --START--
INFO: Run Behavior\BuildLiteBehavior [ RunTime:0.000014s ]
INFO: [ app_init ] --END-- [ RunTime:0.000556s ]
INFO: [ app_begin ] --START--
INFO: Run Behavior\ReadHtmlCacheBehavior [ RunTime:0.000866s ]
INFO: [ app_begin ] --END-- [ RunTime:0.000930s ]
SQL: SHOW COLUMNS FROM `cat` [ RunTime:0.0006s ]
SQL: SELECT * FROM `cat`  [ RunTime:0.0002s ]
INFO: [ view_parse ] --START--
INFO: [ template_filter ] --START--
INFO: Run Behavior\ContentReplaceBehavior [ RunTime:0.000046s ]
INFO: [ template_filter ] --END-- [ RunTime:0.000133s ]
INFO: Run Behavior\ParseTemplateBehavior [ RunTime:0.006923s ]
INFO: [ view_parse ] --END-- [ RunTime:0.006973s ]
INFO: [ view_filter ] --START--
INFO: Run Behavior\WriteHtmlCacheBehavior [ RunTime:0.000555s ]
INFO: [ view_filter ] --END-- [ RunTime:0.000590s ]
INFO: [ app_end ] --START--
INFO: Run Behavior\ShowPageTraceBehavior [ RunTime:0.000711s ]
INFO: [ app_end ] --END-- [ RunTime:0.000755s ]

[ 2017-05-02T21:11:33+08:00 ] ::1 /me/tp3.2/x/index.php/admin/cat/catlist
INFO: [ app_init ] --START--
INFO: Run Behavior\BuildLiteBehavior [ RunTime:0.000020s ]
INFO: [ app_init ] --END-- [ RunTime:0.000623s ]
INFO: [ app_begin ] --START--
INFO: Run Behavior\ReadHtmlCacheBehavior [ RunTime:0.000693s ]
INFO: [ app_begin ] --END-- [ RunTime:0.000735s ]
SQL: SHOW COLUMNS FROM `cat` [ RunTime:0.0006s ]
SQL: SELECT * FROM `cat`  [ RunTime:0.0003s ]
INFO: [ view_parse ] --START--
INFO: [ template_filter ] --START--
INFO: Run Behavior\ContentReplaceBehavior [ RunTime:0.000031s ]
INFO: [ template_filter ] --END-- [ RunTime:0.000078s ]
INFO: Run Behavior\ParseTemplateBehavior [ RunTime:0.007236s ]
INFO: [ view_parse ] --END-- [ RunTime:0.007284s ]
INFO: [ view_filter ] --START--
INFO: Run Behavior\WriteHtmlCacheBehavior [ RunTime:0.000536s ]
INFO: [ view_filter ] --END-- [ RunTime:0.000579s ]
INFO: [ app_end ] --START--
INFO: Run Behavior\ShowPageTraceBehavior [ RunTime:0.000728s ]
INFO: [ app_end ] --END-- [ RunTime:0.000762s ]

[ 2017-05-02T21:11:55+08:00 ] ::1 /me/tp3.2/x/index.php/admin/cat/catlist
INFO: [ app_init ] --START--
INFO: Run Behavior\BuildLiteBehavior [ RunTime:0.000016s ]
INFO: [ app_init ] --END-- [ RunTime:0.000604s ]
INFO: [ app_begin ] --START--
INFO: Run Behavior\ReadHtmlCacheBehavior [ RunTime:0.001370s ]
INFO: [ app_begin ] --END-- [ RunTime:0.001433s ]
SQL: SHOW COLUMNS FROM `cat` [ RunTime:0.0008s ]
SQL: SELECT * FROM `cat`  [ RunTime:0.0003s ]
INFO: [ view_parse ] --START--
INFO: [ template_filter ] --START--
INFO: Run Behavior\ContentReplaceBehavior [ RunTime:0.000034s ]
INFO: [ template_filter ] --END-- [ RunTime:0.000083s ]
INFO: Run Behavior\ParseTemplateBehavior [ RunTime:0.007651s ]
INFO: [ view_parse ] --END-- [ RunTime:0.007707s ]
INFO: [ view_filter ] --START--
INFO: Run Behavior\WriteHtmlCacheBehavior [ RunTime:0.000552s ]
INFO: [ view_filter ] --END-- [ RunTime:0.000583s ]
INFO: [ app_end ] --START--
INFO: Run Behavior\ShowPageTraceBehavior [ RunTime:0.000730s ]
INFO: [ app_end ] --END-- [ RunTime:0.000764s ]

[ 2017-05-02T21:11:55+08:00 ] ::1 /me/tp3.2/x/index.php/admin/cat/catlist
INFO: [ app_init ] --START--
INFO: Run Behavior\BuildLiteBehavior [ RunTime:0.000015s ]
INFO: [ app_init ] --END-- [ RunTime:0.000583s ]
INFO: [ app_begin ] --START--
INFO: Run Behavior\ReadHtmlCacheBehavior [ RunTime:0.000816s ]
INFO: [ app_begin ] --END-- [ RunTime:0.000865s ]
SQL: SHOW COLUMNS FROM `cat` [ RunTime:0.0007s ]
SQL: SELECT * FROM `cat`  [ RunTime:0.0003s ]
INFO: [ view_parse ] --START--
INFO: [ template_filter ] --START--
INFO: Run Behavior\ContentReplaceBehavior [ RunTime:0.000036s ]
INFO: [ template_filter ] --END-- [ RunTime:0.000090s ]
INFO: Run Behavior\ParseTemplateBehavior [ RunTime:0.007717s ]
INFO: [ view_parse ] --END-- [ RunTime:0.007834s ]
INFO: [ view_filter ] --START--
INFO: Run Behavior\WriteHtmlCacheBehavior [ RunTime:0.000913s ]
INFO: [ view_filter ] --END-- [ RunTime:0.000988s ]
INFO: [ app_end ] --START--
INFO: Run Behavior\ShowPageTraceBehavior [ RunTime:0.000912s ]
INFO: [ app_end ] --END-- [ RunTime:0.000973s ]

[ 2017-05-02T21:11:56+08:00 ] ::1 /me/tp3.2/x/index.php/admin/cat/catlist
INFO: [ app_init ] --START--
INFO: Run Behavior\BuildLiteBehavior [ RunTime:0.000012s ]
INFO: [ app_init ] --END-- [ RunTime:0.000466s ]
INFO: [ app_begin ] --START--
INFO: Run Behavior\ReadHtmlCacheBehavior [ RunTime:0.000724s ]
INFO: [ app_begin ] --END-- [ RunTime:0.000766s ]
SQL: SHOW COLUMNS FROM `cat` [ RunTime:0.0006s ]
SQL: SELECT * FROM `cat`  [ RunTime:0.0003s ]
INFO: [ view_parse ] --START--
INFO: [ template_filter ] --START--
INFO: Run Behavior\ContentReplaceBehavior [ RunTime:0.000034s ]
INFO: [ template_filter ] --END-- [ RunTime:0.000101s ]
INFO: Run Behavior\ParseTemplateBehavior [ RunTime:0.008009s ]
INFO: [ view_parse ] --END-- [ RunTime:0.008070s ]
INFO: [ view_filter ] --START--
INFO: Run Behavior\WriteHtmlCacheBehavior [ RunTime:0.000657s ]
INFO: [ view_filter ] --END-- [ RunTime:0.000725s ]
INFO: [ app_end ] --START--
INFO: Run Behavior\ShowPageTraceBehavior [ RunTime:0.000770s ]
INFO: [ app_end ] --END-- [ RunTime:0.000810s ]

[ 2017-05-02T21:11:57+08:00 ] ::1 /me/tp3.2/x/index.php/admin/cat/catdel.html
INFO: [ app_init ] --START--
INFO: Run Behavior\BuildLiteBehavior [ RunTime:0.000014s ]
INFO: [ app_init ] --END-- [ RunTime:0.000510s ]
INFO: [ app_begin ] --START--
INFO: Run Behavior\ReadHtmlCacheBehavior [ RunTime:0.000867s ]
INFO: [ app_begin ] --END-- [ RunTime:0.000921s ]
INFO: [ app_end ] --START--
INFO: Run Behavior\ShowPageTraceBehavior [ RunTime:0.000946s ]
INFO: [ app_end ] --END-- [ RunTime:0.001001s ]

[ 2017-05-02T21:12:03+08:00 ] ::1 /me/tp3.2/x/index.php/admin/cat/catdel.html
INFO: [ app_init ] --START--
INFO: Run Behavior\BuildLiteBehavior [ RunTime:0.000012s ]
INFO: [ app_init ] --END-- [ RunTime:0.000448s ]
INFO: [ app_begin ] --START--
INFO: Run Behavior\ReadHtmlCacheBehavior [ RunTime:0.000763s ]
INFO: [ app_begin ] --END-- [ RunTime:0.000815s ]
INFO: [ app_end ] --START--
INFO: Run Behavior\ShowPageTraceBehavior [ RunTime:0.000736s ]
INFO: [ app_end ] --END-- [ RunTime:0.000783s ]

[ 2017-05-02T21:12:36+08:00 ] ::1 /me/tp3.2/x/index.php/admin/cat/catlist
INFO: [ app_init ] --START--
INFO: Run Behavior\BuildLiteBehavior [ RunTime:0.000014s ]
INFO: [ app_init ] --END-- [ RunTime:0.000520s ]
INFO: [ app_begin ] --START--
INFO: Run Behavior\ReadHtmlCacheBehavior [ RunTime:0.000801s ]
INFO: [ app_begin ] --END-- [ RunTime:0.000850s ]
SQL: SHOW COLUMNS FROM `cat` [ RunTime:0.0007s ]
SQL: SELECT * FROM `cat`  [ RunTime:0.0003s ]
INFO: [ view_parse ] --START--
INFO: [ template_filter ] --START--
INFO: Run Behavior\ContentReplaceBehavior [ RunTime:0.000029s ]
INFO: [ template_filter ] --END-- [ RunTime:0.000075s ]
NOTIC: [8] Use of undefined constant cat_id - assumed 'cat_id' D:\AppServ\www\me\tp3.2\x\Runtime\Cache\Admin\c0efe08e94efe4cd4bd67323d6440b04.php 第 30 行.
NOTIC: [8] Use of undefined constant cat_id - assumed 'cat_id' D:\AppServ\www\me\tp3.2\x\Runtime\Cache\Admin\c0efe08e94efe4cd4bd67323d6440b04.php 第 30 行.
NOTIC: [8] Use of undefined constant cat_id - assumed 'cat_id' D:\AppServ\www\me\tp3.2\x\Runtime\Cache\Admin\c0efe08e94efe4cd4bd67323d6440b04.php 第 30 行.
NOTIC: [8] Use of undefined constant cat_id - assumed 'cat_id' D:\AppServ\www\me\tp3.2\x\Runtime\Cache\Admin\c0efe08e94efe4cd4bd67323d6440b04.php 第 30 行.
NOTIC: [8] Use of undefined constant cat_id - assumed 'cat_id' D:\AppServ\www\me\tp3.2\x\Runtime\Cache\Admin\c0efe08e94efe4cd4bd67323d6440b04.php 第 30 行.
INFO: Run Behavior\ParseTemplateBehavior [ RunTime:0.006911s ]
INFO: [ view_parse ] --END-- [ RunTime:0.007028s ]
INFO: [ view_filter ] --START--
INFO: Run Behavior\WriteHtmlCacheBehavior [ RunTime:0.001038s ]
INFO: [ view_filter ] --END-- [ RunTime:0.001097s ]
INFO: [ app_end ] --START--
INFO: Run Behavior\ShowPageTraceBehavior [ RunTime:0.000814s ]
INFO: [ app_end ] --END-- [ RunTime:0.000874s ]

[ 2017-05-02T21:12:54+08:00 ] ::1 /me/tp3.2/x/index.php/admin/cat/catlist
INFO: [ app_init ] --START--
INFO: Run Behavior\BuildLiteBehavior [ RunTime:0.000025s ]
INFO: [ app_init ] --END-- [ RunTime:0.001076s ]
INFO: [ app_begin ] --START--
INFO: Run Behavior\ReadHtmlCacheBehavior [ RunTime:0.001164s ]
INFO: [ app_begin ] --END-- [ RunTime:0.001246s ]
SQL: SHOW COLUMNS FROM `cat` [ RunTime:0.0008s ]
SQL: SELECT * FROM `cat`  [ RunTime:0.0003s ]
INFO: [ view_parse ] --START--
INFO: [ template_filter ] --START--
INFO: Run Behavior\ContentReplaceBehavior [ RunTime:0.000034s ]
INFO: [ template_filter ] --END-- [ RunTime:0.000086s ]
NOTIC: [8] Use of undefined constant cat_id - assumed 'cat_id' D:\AppServ\www\me\tp3.2\x\Runtime\Cache\Admin\c0efe08e94efe4cd4bd67323d6440b04.php 第 29 行.
NOTIC: [8] Use of undefined constant cat_id - assumed 'cat_id' D:\AppServ\www\me\tp3.2\x\Runtime\Cache\Admin\c0efe08e94efe4cd4bd67323d6440b04.php 第 30 行.
NOTIC: [8] Use of undefined constant cat_id - assumed 'cat_id' D:\AppServ\www\me\tp3.2\x\Runtime\Cache\Admin\c0efe08e94efe4cd4bd67323d6440b04.php 第 29 行.
NOTIC: [8] Use of undefined constant cat_id - assumed 'cat_id' D:\AppServ\www\me\tp3.2\x\Runtime\Cache\Admin\c0efe08e94efe4cd4bd67323d6440b04.php 第 30 行.
NOTIC: [8] Use of undefined constant cat_id - assumed 'cat_id' D:\AppServ\www\me\tp3.2\x\Runtime\Cache\Admin\c0efe08e94efe4cd4bd67323d6440b04.php 第 29 行.
NOTIC: [8] Use of undefined constant cat_id - assumed 'cat_id' D:\AppServ\www\me\tp3.2\x\Runtime\Cache\Admin\c0efe08e94efe4cd4bd67323d6440b04.php 第 30 行.
NOTIC: [8] Use of undefined constant cat_id - assumed 'cat_id' D:\AppServ\www\me\tp3.2\x\Runtime\Cache\Admin\c0efe08e94efe4cd4bd67323d6440b04.php 第 29 行.
NOTIC: [8] Use of undefined constant cat_id - assumed 'cat_id' D:\AppServ\www\me\tp3.2\x\Runtime\Cache\Admin\c0efe08e94efe4cd4bd67323d6440b04.php 第 30 行.
NOTIC: [8] Use of undefined constant cat_id - assumed 'cat_id' D:\AppServ\www\me\tp3.2\x\Runtime\Cache\Admin\c0efe08e94efe4cd4bd67323d6440b04.php 第 29 行.
NOTIC: [8] Use of undefined constant cat_id - assumed 'cat_id' D:\AppServ\www\me\tp3.2\x\Runtime\Cache\Admin\c0efe08e94efe4cd4bd67323d6440b04.php 第 30 行.
INFO: Run Behavior\ParseTemplateBehavior [ RunTime:0.007757s ]
INFO: [ view_parse ] --END-- [ RunTime:0.007807s ]
INFO: [ view_filter ] --START--
INFO: Run Behavior\WriteHtmlCacheBehavior [ RunTime:0.000667s ]
INFO: [ view_filter ] --END-- [ RunTime:0.000705s ]
INFO: [ app_end ] --START--
INFO: Run Behavior\ShowPageTraceBehavior [ RunTime:0.000731s ]
INFO: [ app_end ] --END-- [ RunTime:0.000769s ]

[ 2017-05-02T21:14:15+08:00 ] ::1 /me/tp3.2/x/index.php/admin/cat/catlist
INFO: [ app_init ] --START--
INFO: Run Behavior\BuildLiteBehavior [ RunTime:0.000014s ]
INFO: [ app_init ] --END-- [ RunTime:0.000521s ]
INFO: [ app_begin ] --START--
INFO: Run Behavior\ReadHtmlCacheBehavior [ RunTime:0.000939s ]
INFO: [ app_begin ] --END-- [ RunTime:0.001006s ]
SQL: SHOW COLUMNS FROM `cat` [ RunTime:0.0007s ]
SQL: SELECT * FROM `cat`  [ RunTime:0.0003s ]
INFO: [ view_parse ] --START--
INFO: [ template_filter ] --START--
INFO: Run Behavior\ContentReplaceBehavior [ RunTime:0.000036s ]
INFO: [ template_filter ] --END-- [ RunTime:0.000088s ]
NOTIC: [8] Use of undefined constant cat_id - assumed 'cat_id' D:\AppServ\www\me\tp3.2\x\Runtime\Cache\Admin\c0efe08e94efe4cd4bd67323d6440b04.php 第 29 行.
NOTIC: [8] Use of undefined constant cat_id - assumed 'cat_id' D:\AppServ\www\me\tp3.2\x\Runtime\Cache\Admin\c0efe08e94efe4cd4bd67323d6440b04.php 第 30 行.
NOTIC: [8] Use of undefined constant cat_id - assumed 'cat_id' D:\AppServ\www\me\tp3.2\x\Runtime\Cache\Admin\c0efe08e94efe4cd4bd67323d6440b04.php 第 29 行.
NOTIC: [8] Use of undefined constant cat_id - assumed 'cat_id' D:\AppServ\www\me\tp3.2\x\Runtime\Cache\Admin\c0efe08e94efe4cd4bd67323d6440b04.php 第 30 行.
NOTIC: [8] Use of undefined constant cat_id - assumed 'cat_id' D:\AppServ\www\me\tp3.2\x\Runtime\Cache\Admin\c0efe08e94efe4cd4bd67323d6440b04.php 第 29 行.
NOTIC: [8] Use of undefined constant cat_id - assumed 'cat_id' D:\AppServ\www\me\tp3.2\x\Runtime\Cache\Admin\c0efe08e94efe4cd4bd67323d6440b04.php 第 30 行.
NOTIC: [8] Use of undefined constant cat_id - assumed 'cat_id' D:\AppServ\www\me\tp3.2\x\Runtime\Cache\Admin\c0efe08e94efe4cd4bd67323d6440b04.php 第 29 行.
NOTIC: [8] Use of undefined constant cat_id - assumed 'cat_id' D:\AppServ\www\me\tp3.2\x\Runtime\Cache\Admin\c0efe08e94efe4cd4bd67323d6440b04.php 第 30 行.
NOTIC: [8] Use of undefined constant cat_id - assumed 'cat_id' D:\AppServ\www\me\tp3.2\x\Runtime\Cache\Admin\c0efe08e94efe4cd4bd67323d6440b04.php 第 29 行.
NOTIC: [8] Use of undefined constant cat_id - assumed 'cat_id' D:\AppServ\www\me\tp3.2\x\Runtime\Cache\Admin\c0efe08e94efe4cd4bd67323d6440b04.php 第 30 行.
INFO: Run Behavior\ParseTemplateBehavior [ RunTime:0.008389s ]
INFO: [ view_parse ] --END-- [ RunTime:0.008457s ]
INFO: [ view_filter ] --START--
INFO: Run Behavior\WriteHtmlCacheBehavior [ RunTime:0.000850s ]
INFO: [ view_filter ] --END-- [ RunTime:0.000908s ]
INFO: [ app_end ] --START--
INFO: Run Behavior\ShowPageTraceBehavior [ RunTime:0.000895s ]
INFO: [ app_end ] --END-- [ RunTime:0.000943s ]

[ 2017-05-02T21:14:16+08:00 ] ::1 /me/tp3.2/x/index.php/admin/cat/catdel/cat_id/5.html
INFO: [ app_init ] --START--
INFO: Run Behavior\BuildLiteBehavior [ RunTime:0.000026s ]
INFO: [ app_init ] --END-- [ RunTime:0.000715s ]
INFO: [ app_begin ] --START--
INFO: Run Behavior\ReadHtmlCacheBehavior [ RunTime:0.001059s ]
INFO: [ app_begin ] --END-- [ RunTime:0.001124s ]
SQL: SHOW COLUMNS FROM `cat` [ RunTime:0.0008s ]
SQL: DELETE FROM `cat` WHERE `cat_id` = 5 [ RunTime:0.0018s ]
INFO: [ app_end ] --START--
INFO: Run Behavior\ShowPageTraceBehavior [ RunTime:0.001081s ]
INFO: [ app_end ] --END-- [ RunTime:0.001138s ]

[ 2017-05-02T21:14:18+08:00 ] ::1 /me/tp3.2/x/index.php/admin/cat/catlist
INFO: [ app_init ] --START--
INFO: Run Behavior\BuildLiteBehavior [ RunTime:0.000016s ]
INFO: [ app_init ] --END-- [ RunTime:0.000585s ]
INFO: [ app_begin ] --START--
INFO: Run Behavior\ReadHtmlCacheBehavior [ RunTime:0.000814s ]
INFO: [ app_begin ] --END-- [ RunTime:0.000864s ]
SQL: SHOW COLUMNS FROM `cat` [ RunTime:0.0008s ]
SQL: SELECT * FROM `cat`  [ RunTime:0.0003s ]
INFO: [ view_parse ] --START--
INFO: [ template_filter ] --START--
INFO: Run Behavior\ContentReplaceBehavior [ RunTime:0.000050s ]
INFO: [ template_filter ] --END-- [ RunTime:0.000115s ]
NOTIC: [8] Use of undefined constant cat_id - assumed 'cat_id' D:\AppServ\www\me\tp3.2\x\Runtime\Cache\Admin\c0efe08e94efe4cd4bd67323d6440b04.php 第 29 行.
NOTIC: [8] Use of undefined constant cat_id - assumed 'cat_id' D:\AppServ\www\me\tp3.2\x\Runtime\Cache\Admin\c0efe08e94efe4cd4bd67323d6440b04.php 第 30 行.
NOTIC: [8] Use of undefined constant cat_id - assumed 'cat_id' D:\AppServ\www\me\tp3.2\x\Runtime\Cache\Admin\c0efe08e94efe4cd4bd67323d6440b04.php 第 29 行.
NOTIC: [8] Use of undefined constant cat_id - assumed 'cat_id' D:\AppServ\www\me\tp3.2\x\Runtime\Cache\Admin\c0efe08e94efe4cd4bd67323d6440b04.php 第 30 行.
NOTIC: [8] Use of undefined constant cat_id - assumed 'cat_id' D:\AppServ\www\me\tp3.2\x\Runtime\Cache\Admin\c0efe08e94efe4cd4bd67323d6440b04.php 第 29 行.
NOTIC: [8] Use of undefined constant cat_id - assumed 'cat_id' D:\AppServ\www\me\tp3.2\x\Runtime\Cache\Admin\c0efe08e94efe4cd4bd67323d6440b04.php 第 30 行.
NOTIC: [8] Use of undefined constant cat_id - assumed 'cat_id' D:\AppServ\www\me\tp3.2\x\Runtime\Cache\Admin\c0efe08e94efe4cd4bd67323d6440b04.php 第 29 行.
NOTIC: [8] Use of undefined constant cat_id - assumed 'cat_id' D:\AppServ\www\me\tp3.2\x\Runtime\Cache\Admin\c0efe08e94efe4cd4bd67323d6440b04.php 第 30 行.
INFO: Run Behavior\ParseTemplateBehavior [ RunTime:0.007285s ]
INFO: [ view_parse ] --END-- [ RunTime:0.007332s ]
INFO: [ view_filter ] --START--
INFO: Run Behavior\WriteHtmlCacheBehavior [ RunTime:0.000592s ]
INFO: [ view_filter ] --END-- [ RunTime:0.000628s ]
INFO: [ app_end ] --START--
INFO: Run Behavior\ShowPageTraceBehavior [ RunTime:0.000816s ]
INFO: [ app_end ] --END-- [ RunTime:0.000867s ]

[ 2017-05-02T21:14:19+08:00 ] ::1 /me/tp3.2/x/index.php/admin/cat/catlist
INFO: [ app_init ] --START--
INFO: Run Behavior\BuildLiteBehavior [ RunTime:0.000016s ]
INFO: [ app_init ] --END-- [ RunTime:0.000626s ]
INFO: [ app_begin ] --START--
INFO: Run Behavior\ReadHtmlCacheBehavior [ RunTime:0.000851s ]
INFO: [ app_begin ] --END-- [ RunTime:0.000903s ]
SQL: SHOW COLUMNS FROM `cat` [ RunTime:0.0007s ]
SQL: SELECT * FROM `cat`  [ RunTime:0.0003s ]
INFO: [ view_parse ] --START--
INFO: [ template_filter ] --START--
INFO: Run Behavior\ContentReplaceBehavior [ RunTime:0.000040s ]
INFO: [ template_filter ] --END-- [ RunTime:0.000101s ]
NOTIC: [8] Use of undefined constant cat_id - assumed 'cat_id' D:\AppServ\www\me\tp3.2\x\Runtime\Cache\Admin\c0efe08e94efe4cd4bd67323d6440b04.php 第 29 行.
NOTIC: [8] Use of undefined constant cat_id - assumed 'cat_id' D:\AppServ\www\me\tp3.2\x\Runtime\Cache\Admin\c0efe08e94efe4cd4bd67323d6440b04.php 第 30 行.
NOTIC: [8] Use of undefined constant cat_id - assumed 'cat_id' D:\AppServ\www\me\tp3.2\x\Runtime\Cache\Admin\c0efe08e94efe4cd4bd67323d6440b04.php 第 29 行.
NOTIC: [8] Use of undefined constant cat_id - assumed 'cat_id' D:\AppServ\www\me\tp3.2\x\Runtime\Cache\Admin\c0efe08e94efe4cd4bd67323d6440b04.php 第 30 行.
NOTIC: [8] Use of undefined constant cat_id - assumed 'cat_id' D:\AppServ\www\me\tp3.2\x\Runtime\Cache\Admin\c0efe08e94efe4cd4bd67323d6440b04.php 第 29 行.
NOTIC: [8] Use of undefined constant cat_id - assumed 'cat_id' D:\AppServ\www\me\tp3.2\x\Runtime\Cache\Admin\c0efe08e94efe4cd4bd67323d6440b04.php 第 30 行.
NOTIC: [8] Use of undefined constant cat_id - assumed 'cat_id' D:\AppServ\www\me\tp3.2\x\Runtime\Cache\Admin\c0efe08e94efe4cd4bd67323d6440b04.php 第 29 行.
NOTIC: [8] Use of undefined constant cat_id - assumed 'cat_id' D:\AppServ\www\me\tp3.2\x\Runtime\Cache\Admin\c0efe08e94efe4cd4bd67323d6440b04.php 第 30 行.
INFO: Run Behavior\ParseTemplateBehavior [ RunTime:0.008515s ]
INFO: [ view_parse ] --END-- [ RunTime:0.008567s ]
INFO: [ view_filter ] --START--
INFO: Run Behavior\WriteHtmlCacheBehavior [ RunTime:0.000653s ]
INFO: [ view_filter ] --END-- [ RunTime:0.000693s ]
INFO: [ app_end ] --START--
INFO: Run Behavior\ShowPageTraceBehavior [ RunTime:0.000899s ]
INFO: [ app_end ] --END-- [ RunTime:0.000964s ]

[ 2017-05-02T21:15:20+08:00 ] ::1 /me/tp3.2/x/index.php/admin/cat/catlist
INFO: [ app_init ] --START--
INFO: Run Behavior\BuildLiteBehavior [ RunTime:0.000015s ]
INFO: [ app_init ] --END-- [ RunTime:0.000546s ]
INFO: [ app_begin ] --START--
INFO: Run Behavior\ReadHtmlCacheBehavior [ RunTime:0.000685s ]
INFO: [ app_begin ] --END-- [ RunTime:0.000727s ]
SQL: SHOW COLUMNS FROM `cat` [ RunTime:0.0006s ]
SQL: SELECT * FROM `cat`  [ RunTime:0.0002s ]
INFO: [ view_parse ] --START--
INFO: [ template_filter ] --START--
INFO: Run Behavior\ContentReplaceBehavior [ RunTime:0.000035s ]
INFO: [ template_filter ] --END-- [ RunTime:0.000086s ]
NOTIC: [8] Use of undefined constant cat_id - assumed 'cat_id' D:\AppServ\www\me\tp3.2\x\Runtime\Cache\Admin\c0efe08e94efe4cd4bd67323d6440b04.php 第 29 行.
NOTIC: [8] Use of undefined constant cat_id - assumed 'cat_id' D:\AppServ\www\me\tp3.2\x\Runtime\Cache\Admin\c0efe08e94efe4cd4bd67323d6440b04.php 第 30 行.
NOTIC: [8] Use of undefined constant cat_id - assumed 'cat_id' D:\AppServ\www\me\tp3.2\x\Runtime\Cache\Admin\c0efe08e94efe4cd4bd67323d6440b04.php 第 29 行.
NOTIC: [8] Use of undefined constant cat_id - assumed 'cat_id' D:\AppServ\www\me\tp3.2\x\Runtime\Cache\Admin\c0efe08e94efe4cd4bd67323d6440b04.php 第 30 行.
NOTIC: [8] Use of undefined constant cat_id - assumed 'cat_id' D:\AppServ\www\me\tp3.2\x\Runtime\Cache\Admin\c0efe08e94efe4cd4bd67323d6440b04.php 第 29 行.
NOTIC: [8] Use of undefined constant cat_id - assumed 'cat_id' D:\AppServ\www\me\tp3.2\x\Runtime\Cache\Admin\c0efe08e94efe4cd4bd67323d6440b04.php 第 30 行.
NOTIC: [8] Use of undefined constant cat_id - assumed 'cat_id' D:\AppServ\www\me\tp3.2\x\Runtime\Cache\Admin\c0efe08e94efe4cd4bd67323d6440b04.php 第 29 行.
NOTIC: [8] Use of undefined constant cat_id - assumed 'cat_id' D:\AppServ\www\me\tp3.2\x\Runtime\Cache\Admin\c0efe08e94efe4cd4bd67323d6440b04.php 第 30 行.
INFO: Run Behavior\ParseTemplateBehavior [ RunTime:0.008183s ]
INFO: [ view_parse ] --END-- [ RunTime:0.008234s ]
INFO: [ view_filter ] --START--
INFO: Run Behavior\WriteHtmlCacheBehavior [ RunTime:0.000539s ]
INFO: [ view_filter ] --END-- [ RunTime:0.000575s ]
INFO: [ app_end ] --START--
INFO: Run Behavior\ShowPageTraceBehavior [ RunTime:0.000728s ]
INFO: [ app_end ] --END-- [ RunTime:0.000765s ]

[ 2017-05-02T21:15:21+08:00 ] ::1 /me/tp3.2/x/index.php/admin/cat/catdel/cat_id/4.html
INFO: [ app_init ] --START--
INFO: Run Behavior\BuildLiteBehavior [ RunTime:0.000015s ]
INFO: [ app_init ] --END-- [ RunTime:0.000527s ]
INFO: [ app_begin ] --START--
INFO: Run Behavior\ReadHtmlCacheBehavior [ RunTime:0.000850s ]
INFO: [ app_begin ] --END-- [ RunTime:0.000900s ]
SQL: SHOW COLUMNS FROM `cat` [ RunTime:0.0006s ]
SQL: DELETE FROM `cat` WHERE `cat_id` = 4 [ RunTime:0.0016s ]

[ 2017-05-02T21:15:23+08:00 ] ::1 /me/tp3.2/x/index.php/admin/cat/catdel/cat_id/admin/cat/catlist
INFO: [ app_init ] --START--
INFO: Run Behavior\BuildLiteBehavior [ RunTime:0.000040s ]
INFO: [ app_init ] --END-- [ RunTime:0.001270s ]
INFO: [ app_begin ] --START--
INFO: Run Behavior\ReadHtmlCacheBehavior [ RunTime:0.001865s ]
INFO: [ app_begin ] --END-- [ RunTime:0.001986s ]
SQL: SHOW COLUMNS FROM `cat` [ RunTime:0.0009s ]
SQL: DELETE FROM `cat` WHERE `cat_id` = 0 [ RunTime:0.0004s ]

[ 2017-05-02T21:15:25+08:00 ] ::1 /me/tp3.2/x/index.php/admin/cat/catdel/cat_id/admin/cat/admin/cat/catlist
INFO: [ app_init ] --START--
INFO: Run Behavior\BuildLiteBehavior [ RunTime:0.000026s ]
INFO: [ app_init ] --END-- [ RunTime:0.000899s ]
INFO: [ app_begin ] --START--
INFO: Run Behavior\ReadHtmlCacheBehavior [ RunTime:0.001012s ]
INFO: [ app_begin ] --END-- [ RunTime:0.001079s ]
SQL: SHOW COLUMNS FROM `cat` [ RunTime:0.0007s ]
SQL: DELETE FROM `cat` WHERE `cat_id` = 0 [ RunTime:0.0004s ]

[ 2017-05-02T21:15:27+08:00 ] ::1 /me/tp3.2/x/index.php/admin/cat/catdel/cat_id/admin/cat/admin/cat/admin/cat/catlist
INFO: [ app_init ] --START--
INFO: Run Behavior\BuildLiteBehavior [ RunTime:0.000018s ]
INFO: [ app_init ] --END-- [ RunTime:0.000757s ]
INFO: [ app_begin ] --START--
INFO: Run Behavior\ReadHtmlCacheBehavior [ RunTime:0.001076s ]
INFO: [ app_begin ] --END-- [ RunTime:0.001145s ]
SQL: SHOW COLUMNS FROM `cat` [ RunTime:0.0008s ]
SQL: DELETE FROM `cat` WHERE `cat_id` = 0 [ RunTime:0.0003s ]

[ 2017-05-02T21:15:29+08:00 ] ::1 /me/tp3.2/x/index.php/admin/cat/catdel/cat_id/admin/cat/admin/cat/admin/cat/admin/cat/catlist
INFO: [ app_init ] --START--
INFO: Run Behavior\BuildLiteBehavior [ RunTime:0.000032s ]
INFO: [ app_init ] --END-- [ RunTime:0.001345s ]
INFO: [ app_begin ] --START--
INFO: Run Behavior\ReadHtmlCacheBehavior [ RunTime:0.000998s ]
INFO: [ app_begin ] --END-- [ RunTime:0.001059s ]
SQL: SHOW COLUMNS FROM `cat` [ RunTime:0.0008s ]
SQL: DELETE FROM `cat` WHERE `cat_id` = 0 [ RunTime:0.0004s ]

[ 2017-05-02T21:15:30+08:00 ] ::1 /me/tp3.2/x/index.php/admin/cat/catdel/cat_id/admin/cat/admin/cat/catlist
INFO: [ app_init ] --START--
INFO: Run Behavior\BuildLiteBehavior [ RunTime:0.000012s ]
INFO: [ app_init ] --END-- [ RunTime:0.000496s ]
INFO: [ app_begin ] --START--
INFO: Run Behavior\ReadHtmlCacheBehavior [ RunTime:0.000700s ]
INFO: [ app_begin ] --END-- [ RunTime:0.000743s ]
SQL: SHOW COLUMNS FROM `cat` [ RunTime:0.0006s ]
SQL: DELETE FROM `cat` WHERE `cat_id` = 0 [ RunTime:0.0002s ]

[ 2017-05-02T21:15:32+08:00 ] ::1 /me/tp3.2/x/index.php/admin/cat/catdel/cat_id/admin/cat/admin/cat/admin/cat/catlist
INFO: [ app_init ] --START--
INFO: Run Behavior\BuildLiteBehavior [ RunTime:0.000018s ]
INFO: [ app_init ] --END-- [ RunTime:0.000714s ]
INFO: [ app_begin ] --START--
INFO: Run Behavior\ReadHtmlCacheBehavior [ RunTime:0.001345s ]
INFO: [ app_begin ] --END-- [ RunTime:0.001414s ]
SQL: SHOW COLUMNS FROM `cat` [ RunTime:0.0008s ]
SQL: DELETE FROM `cat` WHERE `cat_id` = 0 [ RunTime:0.0003s ]

[ 2017-05-02T21:15:34+08:00 ] ::1 /me/tp3.2/x/index.php/admin/cat/catdel/cat_id/admin/cat/admin/cat/catlist
INFO: [ app_init ] --START--
INFO: Run Behavior\BuildLiteBehavior [ RunTime:0.000013s ]
INFO: [ app_init ] --END-- [ RunTime:0.000616s ]
INFO: [ app_begin ] --START--
INFO: Run Behavior\ReadHtmlCacheBehavior [ RunTime:0.000838s ]
INFO: [ app_begin ] --END-- [ RunTime:0.000902s ]
SQL: SHOW COLUMNS FROM `cat` [ RunTime:0.0006s ]
SQL: DELETE FROM `cat` WHERE `cat_id` = 0 [ RunTime:0.0003s ]

[ 2017-05-02T21:15:34+08:00 ] ::1 /me/tp3.2/x/index.php/admin/cat/catdel/cat_id/admin/cat/catlist
INFO: [ app_init ] --START--
INFO: Run Behavior\BuildLiteBehavior [ RunTime:0.000012s ]
INFO: [ app_init ] --END-- [ RunTime:0.000449s ]
INFO: [ app_begin ] --START--
INFO: Run Behavior\ReadHtmlCacheBehavior [ RunTime:0.000713s ]
INFO: [ app_begin ] --END-- [ RunTime:0.000762s ]
SQL: SHOW COLUMNS FROM `cat` [ RunTime:0.0007s ]
SQL: DELETE FROM `cat` WHERE `cat_id` = 0 [ RunTime:0.0002s ]

[ 2017-05-02T21:15:34+08:00 ] ::1 /me/tp3.2/x/index.php/admin/cat/catdel/cat_id/4.html
INFO: [ app_init ] --START--
INFO: Run Behavior\BuildLiteBehavior [ RunTime:0.000014s ]
INFO: [ app_init ] --END-- [ RunTime:0.000524s ]
INFO: [ app_begin ] --START--
INFO: Run Behavior\ReadHtmlCacheBehavior [ RunTime:0.001058s ]
INFO: [ app_begin ] --END-- [ RunTime:0.001139s ]
SQL: SHOW COLUMNS FROM `cat` [ RunTime:0.0006s ]
SQL: DELETE FROM `cat` WHERE `cat_id` = 4 [ RunTime:0.0003s ]

[ 2017-05-02T21:15:53+08:00 ] ::1 /me/tp3.2/x/index.php/admin/cat/catlist
INFO: [ app_init ] --START--
INFO: Run Behavior\BuildLiteBehavior [ RunTime:0.000015s ]
INFO: [ app_init ] --END-- [ RunTime:0.000519s ]
INFO: [ app_begin ] --START--
INFO: Run Behavior\ReadHtmlCacheBehavior [ RunTime:0.000822s ]
INFO: [ app_begin ] --END-- [ RunTime:0.000871s ]
SQL: SHOW COLUMNS FROM `cat` [ RunTime:0.0006s ]
SQL: SELECT * FROM `cat`  [ RunTime:0.0002s ]
INFO: [ view_parse ] --START--
INFO: [ template_filter ] --START--
INFO: Run Behavior\ContentReplaceBehavior [ RunTime:0.000034s ]
INFO: [ template_filter ] --END-- [ RunTime:0.000085s ]
NOTIC: [8] Use of undefined constant cat_id - assumed 'cat_id' D:\AppServ\www\me\tp3.2\x\Runtime\Cache\Admin\c0efe08e94efe4cd4bd67323d6440b04.php 第 29 行.
NOTIC: [8] Use of undefined constant cat_id - assumed 'cat_id' D:\AppServ\www\me\tp3.2\x\Runtime\Cache\Admin\c0efe08e94efe4cd4bd67323d6440b04.php 第 30 行.
NOTIC: [8] Use of undefined constant cat_id - assumed 'cat_id' D:\AppServ\www\me\tp3.2\x\Runtime\Cache\Admin\c0efe08e94efe4cd4bd67323d6440b04.php 第 29 行.
NOTIC: [8] Use of undefined constant cat_id - assumed 'cat_id' D:\AppServ\www\me\tp3.2\x\Runtime\Cache\Admin\c0efe08e94efe4cd4bd67323d6440b04.php 第 30 行.
NOTIC: [8] Use of undefined constant cat_id - assumed 'cat_id' D:\AppServ\www\me\tp3.2\x\Runtime\Cache\Admin\c0efe08e94efe4cd4bd67323d6440b04.php 第 29 行.
NOTIC: [8] Use of undefined constant cat_id - assumed 'cat_id' D:\AppServ\www\me\tp3.2\x\Runtime\Cache\Admin\c0efe08e94efe4cd4bd67323d6440b04.php 第 30 行.
INFO: Run Behavior\ParseTemplateBehavior [ RunTime:0.008396s ]
INFO: [ view_parse ] --END-- [ RunTime:0.008454s ]
INFO: [ view_filter ] --START--
INFO: Run Behavior\WriteHtmlCacheBehavior [ RunTime:0.000760s ]
INFO: [ view_filter ] --END-- [ RunTime:0.000811s ]
INFO: [ app_end ] --START--
INFO: Run Behavior\ShowPageTraceBehavior [ RunTime:0.000761s ]
INFO: [ app_end ] --END-- [ RunTime:0.000802s ]

[ 2017-05-02T21:15:54+08:00 ] ::1 /me/tp3.2/x/index.php/admin/cat/catlist
INFO: [ app_init ] --START--
INFO: Run Behavior\BuildLiteBehavior [ RunTime:0.000016s ]
INFO: [ app_init ] --END-- [ RunTime:0.000576s ]
INFO: [ app_begin ] --START--
INFO: Run Behavior\ReadHtmlCacheBehavior [ RunTime:0.000860s ]
INFO: [ app_begin ] --END-- [ RunTime:0.000917s ]
SQL: SHOW COLUMNS FROM `cat` [ RunTime:0.0007s ]
SQL: SELECT * FROM `cat`  [ RunTime:0.0004s ]
INFO: [ view_parse ] --START--
INFO: [ template_filter ] --START--
INFO: Run Behavior\ContentReplaceBehavior [ RunTime:0.000057s ]
INFO: [ template_filter ] --END-- [ RunTime:0.000148s ]
NOTIC: [8] Use of undefined constant cat_id - assumed 'cat_id' D:\AppServ\www\me\tp3.2\x\Runtime\Cache\Admin\c0efe08e94efe4cd4bd67323d6440b04.php 第 29 行.
NOTIC: [8] Use of undefined constant cat_id - assumed 'cat_id' D:\AppServ\www\me\tp3.2\x\Runtime\Cache\Admin\c0efe08e94efe4cd4bd67323d6440b04.php 第 30 行.
NOTIC: [8] Use of undefined constant cat_id - assumed 'cat_id' D:\AppServ\www\me\tp3.2\x\Runtime\Cache\Admin\c0efe08e94efe4cd4bd67323d6440b04.php 第 29 行.
NOTIC: [8] Use of undefined constant cat_id - assumed 'cat_id' D:\AppServ\www\me\tp3.2\x\Runtime\Cache\Admin\c0efe08e94efe4cd4bd67323d6440b04.php 第 30 行.
NOTIC: [8] Use of undefined constant cat_id - assumed 'cat_id' D:\AppServ\www\me\tp3.2\x\Runtime\Cache\Admin\c0efe08e94efe4cd4bd67323d6440b04.php 第 29 行.
NOTIC: [8] Use of undefined constant cat_id - assumed 'cat_id' D:\AppServ\www\me\tp3.2\x\Runtime\Cache\Admin\c0efe08e94efe4cd4bd67323d6440b04.php 第 30 行.
INFO: Run Behavior\ParseTemplateBehavior [ RunTime:0.009079s ]
INFO: [ view_parse ] --END-- [ RunTime:0.009137s ]
INFO: [ view_filter ] --START--
INFO: Run Behavior\WriteHtmlCacheBehavior [ RunTime:0.000839s ]
INFO: [ view_filter ] --END-- [ RunTime:0.000885s ]
INFO: [ app_end ] --START--
INFO: Run Behavior\ShowPageTraceBehavior [ RunTime:0.000958s ]
INFO: [ app_end ] --END-- [ RunTime:0.001004s ]

[ 2017-05-02T21:15:54+08:00 ] ::1 /me/tp3.2/x/index.php/admin/cat/catlist
INFO: [ app_init ] --START--
INFO: Run Behavior\BuildLiteBehavior [ RunTime:0.000014s ]
INFO: [ app_init ] --END-- [ RunTime:0.000551s ]
INFO: [ app_begin ] --START--
INFO: Run Behavior\ReadHtmlCacheBehavior [ RunTime:0.000797s ]
INFO: [ app_begin ] --END-- [ RunTime:0.000845s ]
SQL: SHOW COLUMNS FROM `cat` [ RunTime:0.0008s ]
SQL: SELECT * FROM `cat`  [ RunTime:0.0003s ]
INFO: [ view_parse ] --START--
INFO: [ template_filter ] --START--
INFO: Run Behavior\ContentReplaceBehavior [ RunTime:0.000035s ]
INFO: [ template_filter ] --END-- [ RunTime:0.000089s ]
NOTIC: [8] Use of undefined constant cat_id - assumed 'cat_id' D:\AppServ\www\me\tp3.2\x\Runtime\Cache\Admin\c0efe08e94efe4cd4bd67323d6440b04.php 第 29 行.
NOTIC: [8] Use of undefined constant cat_id - assumed 'cat_id' D:\AppServ\www\me\tp3.2\x\Runtime\Cache\Admin\c0efe08e94efe4cd4bd67323d6440b04.php 第 30 行.
NOTIC: [8] Use of undefined constant cat_id - assumed 'cat_id' D:\AppServ\www\me\tp3.2\x\Runtime\Cache\Admin\c0efe08e94efe4cd4bd67323d6440b04.php 第 29 行.
NOTIC: [8] Use of undefined constant cat_id - assumed 'cat_id' D:\AppServ\www\me\tp3.2\x\Runtime\Cache\Admin\c0efe08e94efe4cd4bd67323d6440b04.php 第 30 行.
NOTIC: [8] Use of undefined constant cat_id - assumed 'cat_id' D:\AppServ\www\me\tp3.2\x\Runtime\Cache\Admin\c0efe08e94efe4cd4bd67323d6440b04.php 第 29 行.
NOTIC: [8] Use of undefined constant cat_id - assumed 'cat_id' D:\AppServ\www\me\tp3.2\x\Runtime\Cache\Admin\c0efe08e94efe4cd4bd67323d6440b04.php 第 30 行.
INFO: Run Behavior\ParseTemplateBehavior [ RunTime:0.007271s ]
INFO: [ view_parse ] --END-- [ RunTime:0.007318s ]
INFO: [ view_filter ] --START--
INFO: Run Behavior\WriteHtmlCacheBehavior [ RunTime:0.001506s ]
INFO: [ view_filter ] --END-- [ RunTime:0.001580s ]
INFO: [ app_end ] --START--
INFO: Run Behavior\ShowPageTraceBehavior [ RunTime:0.000950s ]
INFO: [ app_end ] --END-- [ RunTime:0.001010s ]

[ 2017-05-02T21:15:54+08:00 ] ::1 /me/tp3.2/x/index.php/admin/cat/catlist
INFO: [ app_init ] --START--
INFO: Run Behavior\BuildLiteBehavior [ RunTime:0.000015s ]
INFO: [ app_init ] --END-- [ RunTime:0.000553s ]
INFO: [ app_begin ] --START--
INFO: Run Behavior\ReadHtmlCacheBehavior [ RunTime:0.000795s ]
INFO: [ app_begin ] --END-- [ RunTime:0.000843s ]
SQL: SHOW COLUMNS FROM `cat` [ RunTime:0.0009s ]
SQL: SELECT * FROM `cat`  [ RunTime:0.0004s ]
INFO: [ view_parse ] --START--
INFO: [ template_filter ] --START--
INFO: Run Behavior\ContentReplaceBehavior [ RunTime:0.000036s ]
INFO: [ template_filter ] --END-- [ RunTime:0.000088s ]
NOTIC: [8] Use of undefined constant cat_id - assumed 'cat_id' D:\AppServ\www\me\tp3.2\x\Runtime\Cache\Admin\c0efe08e94efe4cd4bd67323d6440b04.php 第 29 行.
NOTIC: [8] Use of undefined constant cat_id - assumed 'cat_id' D:\AppServ\www\me\tp3.2\x\Runtime\Cache\Admin\c0efe08e94efe4cd4bd67323d6440b04.php 第 30 行.
NOTIC: [8] Use of undefined constant cat_id - assumed 'cat_id' D:\AppServ\www\me\tp3.2\x\Runtime\Cache\Admin\c0efe08e94efe4cd4bd67323d6440b04.php 第 29 行.
NOTIC: [8] Use of undefined constant cat_id - assumed 'cat_id' D:\AppServ\www\me\tp3.2\x\Runtime\Cache\Admin\c0efe08e94efe4cd4bd67323d6440b04.php 第 30 行.
NOTIC: [8] Use of undefined constant cat_id - assumed 'cat_id' D:\AppServ\www\me\tp3.2\x\Runtime\Cache\Admin\c0efe08e94efe4cd4bd67323d6440b04.php 第 29 行.
NOTIC: [8] Use of undefined constant cat_id - assumed 'cat_id' D:\AppServ\www\me\tp3.2\x\Runtime\Cache\Admin\c0efe08e94efe4cd4bd67323d6440b04.php 第 30 行.
INFO: Run Behavior\ParseTemplateBehavior [ RunTime:0.007845s ]
INFO: [ view_parse ] --END-- [ RunTime:0.007905s ]
INFO: [ view_filter ] --START--
INFO: Run Behavior\WriteHtmlCacheBehavior [ RunTime:0.000613s ]
INFO: [ view_filter ] --END-- [ RunTime:0.000651s ]
INFO: [ app_end ] --START--
INFO: Run Behavior\ShowPageTraceBehavior [ RunTime:0.001286s ]
INFO: [ app_end ] --END-- [ RunTime:0.001350s ]

[ 2017-05-02T21:15:55+08:00 ] ::1 /me/tp3.2/x/index.php/admin/cat/catlist
INFO: [ app_init ] --START--
INFO: Run Behavior\BuildLiteBehavior [ RunTime:0.000013s ]
INFO: [ app_init ] --END-- [ RunTime:0.000443s ]
INFO: [ app_begin ] --START--
INFO: Run Behavior\ReadHtmlCacheBehavior [ RunTime:0.000710s ]
INFO: [ app_begin ] --END-- [ RunTime:0.000754s ]
SQL: SHOW COLUMNS FROM `cat` [ RunTime:0.0008s ]
SQL: SELECT * FROM `cat`  [ RunTime:0.0003s ]
INFO: [ view_parse ] --START--
INFO: [ template_filter ] --START--
INFO: Run Behavior\ContentReplaceBehavior [ RunTime:0.000031s ]
INFO: [ template_filter ] --END-- [ RunTime:0.000076s ]
NOTIC: [8] Use of undefined constant cat_id - assumed 'cat_id' D:\AppServ\www\me\tp3.2\x\Runtime\Cache\Admin\c0efe08e94efe4cd4bd67323d6440b04.php 第 29 行.
NOTIC: [8] Use of undefined constant cat_id - assumed 'cat_id' D:\AppServ\www\me\tp3.2\x\Runtime\Cache\Admin\c0efe08e94efe4cd4bd67323d6440b04.php 第 30 行.
NOTIC: [8] Use of undefined constant cat_id - assumed 'cat_id' D:\AppServ\www\me\tp3.2\x\Runtime\Cache\Admin\c0efe08e94efe4cd4bd67323d6440b04.php 第 29 行.
NOTIC: [8] Use of undefined constant cat_id - assumed 'cat_id' D:\AppServ\www\me\tp3.2\x\Runtime\Cache\Admin\c0efe08e94efe4cd4bd67323d6440b04.php 第 30 行.
NOTIC: [8] Use of undefined constant cat_id - assumed 'cat_id' D:\AppServ\www\me\tp3.2\x\Runtime\Cache\Admin\c0efe08e94efe4cd4bd67323d6440b04.php 第 29 行.
NOTIC: [8] Use of undefined constant cat_id - assumed 'cat_id' D:\AppServ\www\me\tp3.2\x\Runtime\Cache\Admin\c0efe08e94efe4cd4bd67323d6440b04.php 第 30 行.
INFO: Run Behavior\ParseTemplateBehavior [ RunTime:0.006722s ]
INFO: [ view_parse ] --END-- [ RunTime:0.006775s ]
INFO: [ view_filter ] --START--
INFO: Run Behavior\WriteHtmlCacheBehavior [ RunTime:0.000510s ]
INFO: [ view_filter ] --END-- [ RunTime:0.000583s ]
INFO: [ app_end ] --START--
INFO: Run Behavior\ShowPageTraceBehavior [ RunTime:0.000729s ]
INFO: [ app_end ] --END-- [ RunTime:0.000766s ]

[ 2017-05-02T21:15:55+08:00 ] ::1 /me/tp3.2/x/index.php/admin/cat/catlist
INFO: [ app_init ] --START--
INFO: Run Behavior\BuildLiteBehavior [ RunTime:0.000011s ]
INFO: [ app_init ] --END-- [ RunTime:0.000432s ]
INFO: [ app_begin ] --START--
INFO: Run Behavior\ReadHtmlCacheBehavior [ RunTime:0.000696s ]
INFO: [ app_begin ] --END-- [ RunTime:0.000737s ]
SQL: SHOW COLUMNS FROM `cat` [ RunTime:0.0006s ]
SQL: SELECT * FROM `cat`  [ RunTime:0.0002s ]
INFO: [ view_parse ] --START--
INFO: [ template_filter ] --START--
INFO: Run Behavior\ContentReplaceBehavior [ RunTime:0.000033s ]
INFO: [ template_filter ] --END-- [ RunTime:0.000086s ]
NOTIC: [8] Use of undefined constant cat_id - assumed 'cat_id' D:\AppServ\www\me\tp3.2\x\Runtime\Cache\Admin\c0efe08e94efe4cd4bd67323d6440b04.php 第 29 行.
NOTIC: [8] Use of undefined constant cat_id - assumed 'cat_id' D:\AppServ\www\me\tp3.2\x\Runtime\Cache\Admin\c0efe08e94efe4cd4bd67323d6440b04.php 第 30 行.
NOTIC: [8] Use of undefined constant cat_id - assumed 'cat_id' D:\AppServ\www\me\tp3.2\x\Runtime\Cache\Admin\c0efe08e94efe4cd4bd67323d6440b04.php 第 29 行.
NOTIC: [8] Use of undefined constant cat_id - assumed 'cat_id' D:\AppServ\www\me\tp3.2\x\Runtime\Cache\Admin\c0efe08e94efe4cd4bd67323d6440b04.php 第 30 行.
NOTIC: [8] Use of undefined constant cat_id - assumed 'cat_id' D:\AppServ\www\me\tp3.2\x\Runtime\Cache\Admin\c0efe08e94efe4cd4bd67323d6440b04.php 第 29 行.
NOTIC: [8] Use of undefined constant cat_id - assumed 'cat_id' D:\AppServ\www\me\tp3.2\x\Runtime\Cache\Admin\c0efe08e94efe4cd4bd67323d6440b04.php 第 30 行.
INFO: Run Behavior\ParseTemplateBehavior [ RunTime:0.007364s ]
INFO: [ view_parse ] --END-- [ RunTime:0.007410s ]
INFO: [ view_filter ] --START--
INFO: Run Behavior\WriteHtmlCacheBehavior [ RunTime:0.000621s ]
INFO: [ view_filter ] --END-- [ RunTime:0.000654s ]
INFO: [ app_end ] --START--
INFO: Run Behavior\ShowPageTraceBehavior [ RunTime:0.000751s ]
INFO: [ app_end ] --END-- [ RunTime:0.000795s ]

[ 2017-05-02T21:15:55+08:00 ] ::1 /me/tp3.2/x/index.php/admin/cat/catlist
INFO: [ app_init ] --START--
INFO: Run Behavior\BuildLiteBehavior [ RunTime:0.000015s ]
INFO: [ app_init ] --END-- [ RunTime:0.000722s ]
INFO: [ app_begin ] --START--
INFO: Run Behavior\ReadHtmlCacheBehavior [ RunTime:0.000749s ]
INFO: [ app_begin ] --END-- [ RunTime:0.000803s ]
SQL: SHOW COLUMNS FROM `cat` [ RunTime:0.0014s ]
SQL: SELECT * FROM `cat`  [ RunTime:0.0003s ]
INFO: [ view_parse ] --START--
INFO: [ template_filter ] --START--
INFO: Run Behavior\ContentReplaceBehavior [ RunTime:0.000032s ]
INFO: [ template_filter ] --END-- [ RunTime:0.000081s ]
NOTIC: [8] Use of undefined constant cat_id - assumed 'cat_id' D:\AppServ\www\me\tp3.2\x\Runtime\Cache\Admin\c0efe08e94efe4cd4bd67323d6440b04.php 第 29 行.
NOTIC: [8] Use of undefined constant cat_id - assumed 'cat_id' D:\AppServ\www\me\tp3.2\x\Runtime\Cache\Admin\c0efe08e94efe4cd4bd67323d6440b04.php 第 30 行.
NOTIC: [8] Use of undefined constant cat_id - assumed 'cat_id' D:\AppServ\www\me\tp3.2\x\Runtime\Cache\Admin\c0efe08e94efe4cd4bd67323d6440b04.php 第 29 行.
NOTIC: [8] Use of undefined constant cat_id - assumed 'cat_id' D:\AppServ\www\me\tp3.2\x\Runtime\Cache\Admin\c0efe08e94efe4cd4bd67323d6440b04.php 第 30 行.
NOTIC: [8] Use of undefined constant cat_id - assumed 'cat_id' D:\AppServ\www\me\tp3.2\x\Runtime\Cache\Admin\c0efe08e94efe4cd4bd67323d6440b04.php 第 29 行.
NOTIC: [8] Use of undefined constant cat_id - assumed 'cat_id' D:\AppServ\www\me\tp3.2\x\Runtime\Cache\Admin\c0efe08e94efe4cd4bd67323d6440b04.php 第 30 行.
INFO: Run Behavior\ParseTemplateBehavior [ RunTime:0.007145s ]
INFO: [ view_parse ] --END-- [ RunTime:0.007188s ]
INFO: [ view_filter ] --START--
INFO: Run Behavior\WriteHtmlCacheBehavior [ RunTime:0.000571s ]
INFO: [ view_filter ] --END-- [ RunTime:0.000604s ]
INFO: [ app_end ] --START--
INFO: Run Behavior\ShowPageTraceBehavior [ RunTime:0.000727s ]
INFO: [ app_end ] --END-- [ RunTime:0.000761s ]

[ 2017-05-02T21:15:55+08:00 ] ::1 /me/tp3.2/x/index.php/admin/cat/catlist
INFO: [ app_init ] --START--
INFO: Run Behavior\BuildLiteBehavior [ RunTime:0.000014s ]
INFO: [ app_init ] --END-- [ RunTime:0.000469s ]
INFO: [ app_begin ] --START--
INFO: Run Behavior\ReadHtmlCacheBehavior [ RunTime:0.000981s ]
INFO: [ app_begin ] --END-- [ RunTime:0.001045s ]
SQL: SHOW COLUMNS FROM `cat` [ RunTime:0.0006s ]
SQL: SELECT * FROM `cat`  [ RunTime:0.0003s ]
INFO: [ view_parse ] --START--
INFO: [ template_filter ] --START--
INFO: Run Behavior\ContentReplaceBehavior [ RunTime:0.000033s ]
INFO: [ template_filter ] --END-- [ RunTime:0.000082s ]
NOTIC: [8] Use of undefined constant cat_id - assumed 'cat_id' D:\AppServ\www\me\tp3.2\x\Runtime\Cache\Admin\c0efe08e94efe4cd4bd67323d6440b04.php 第 29 行.
NOTIC: [8] Use of undefined constant cat_id - assumed 'cat_id' D:\AppServ\www\me\tp3.2\x\Runtime\Cache\Admin\c0efe08e94efe4cd4bd67323d6440b04.php 第 30 行.
NOTIC: [8] Use of undefined constant cat_id - assumed 'cat_id' D:\AppServ\www\me\tp3.2\x\Runtime\Cache\Admin\c0efe08e94efe4cd4bd67323d6440b04.php 第 29 行.
NOTIC: [8] Use of undefined constant cat_id - assumed 'cat_id' D:\AppServ\www\me\tp3.2\x\Runtime\Cache\Admin\c0efe08e94efe4cd4bd67323d6440b04.php 第 30 行.
NOTIC: [8] Use of undefined constant cat_id - assumed 'cat_id' D:\AppServ\www\me\tp3.2\x\Runtime\Cache\Admin\c0efe08e94efe4cd4bd67323d6440b04.php 第 29 行.
NOTIC: [8] Use of undefined constant cat_id - assumed 'cat_id' D:\AppServ\www\me\tp3.2\x\Runtime\Cache\Admin\c0efe08e94efe4cd4bd67323d6440b04.php 第 30 行.
INFO: Run Behavior\ParseTemplateBehavior [ RunTime:0.007997s ]
INFO: [ view_parse ] --END-- [ RunTime:0.008042s ]
INFO: [ view_filter ] --START--
INFO: Run Behavior\WriteHtmlCacheBehavior [ RunTime:0.000565s ]
INFO: [ view_filter ] --END-- [ RunTime:0.000599s ]
INFO: [ app_end ] --START--
INFO: Run Behavior\ShowPageTraceBehavior [ RunTime:0.000761s ]
INFO: [ app_end ] --END-- [ RunTime:0.000797s ]

[ 2017-05-02T21:15:55+08:00 ] ::1 /me/tp3.2/x/index.php/admin/cat/catlist
INFO: [ app_init ] --START--
INFO: Run Behavior\BuildLiteBehavior [ RunTime:0.000025s ]
INFO: [ app_init ] --END-- [ RunTime:0.000629s ]
INFO: [ app_begin ] --START--
INFO: Run Behavior\ReadHtmlCacheBehavior [ RunTime:0.001122s ]
INFO: [ app_begin ] --END-- [ RunTime:0.001203s ]
SQL: SHOW COLUMNS FROM `cat` [ RunTime:0.0006s ]
SQL: SELECT * FROM `cat`  [ RunTime:0.0003s ]
INFO: [ view_parse ] --START--
INFO: [ template_filter ] --START--
INFO: Run Behavior\ContentReplaceBehavior [ RunTime:0.000059s ]
INFO: [ template_filter ] --END-- [ RunTime:0.000139s ]
NOTIC: [8] Use of undefined constant cat_id - assumed 'cat_id' D:\AppServ\www\me\tp3.2\x\Runtime\Cache\Admin\c0efe08e94efe4cd4bd67323d6440b04.php 第 29 行.
NOTIC: [8] Use of undefined constant cat_id - assumed 'cat_id' D:\AppServ\www\me\tp3.2\x\Runtime\Cache\Admin\c0efe08e94efe4cd4bd67323d6440b04.php 第 30 行.
NOTIC: [8] Use of undefined constant cat_id - assumed 'cat_id' D:\AppServ\www\me\tp3.2\x\Runtime\Cache\Admin\c0efe08e94efe4cd4bd67323d6440b04.php 第 29 行.
NOTIC: [8] Use of undefined constant cat_id - assumed 'cat_id' D:\AppServ\www\me\tp3.2\x\Runtime\Cache\Admin\c0efe08e94efe4cd4bd67323d6440b04.php 第 30 行.
NOTIC: [8] Use of undefined constant cat_id - assumed 'cat_id' D:\AppServ\www\me\tp3.2\x\Runtime\Cache\Admin\c0efe08e94efe4cd4bd67323d6440b04.php 第 29 行.
NOTIC: [8] Use of undefined constant cat_id - assumed 'cat_id' D:\AppServ\www\me\tp3.2\x\Runtime\Cache\Admin\c0efe08e94efe4cd4bd67323d6440b04.php 第 30 行.
INFO: Run Behavior\ParseTemplateBehavior [ RunTime:0.008870s ]
INFO: [ view_parse ] --END-- [ RunTime:0.008920s ]
INFO: [ view_filter ] --START--
INFO: Run Behavior\WriteHtmlCacheBehavior [ RunTime:0.000715s ]
INFO: [ view_filter ] --END-- [ RunTime:0.000757s ]
INFO: [ app_end ] --START--
INFO: Run Behavior\ShowPageTraceBehavior [ RunTime:0.000843s ]
INFO: [ app_end ] --END-- [ RunTime:0.000887s ]

[ 2017-05-02T21:15:55+08:00 ] ::1 /me/tp3.2/x/index.php/admin/cat/catlist
INFO: [ app_init ] --START--
INFO: Run Behavior\BuildLiteBehavior [ RunTime:0.000014s ]
INFO: [ app_init ] --END-- [ RunTime:0.000505s ]
INFO: [ app_begin ] --START--
INFO: Run Behavior\ReadHtmlCacheBehavior [ RunTime:0.000826s ]
INFO: [ app_begin ] --END-- [ RunTime:0.000882s ]
SQL: SHOW COLUMNS FROM `cat` [ RunTime:0.0006s ]
SQL: SELECT * FROM `cat`  [ RunTime:0.0003s ]
INFO: [ view_parse ] --START--
INFO: [ template_filter ] --START--
INFO: Run Behavior\ContentReplaceBehavior [ RunTime:0.000057s ]
INFO: [ template_filter ] --END-- [ RunTime:0.000118s ]
NOTIC: [8] Use of undefined constant cat_id - assumed 'cat_id' D:\AppServ\www\me\tp3.2\x\Runtime\Cache\Admin\c0efe08e94efe4cd4bd67323d6440b04.php 第 29 行.
NOTIC: [8] Use of undefined constant cat_id - assumed 'cat_id' D:\AppServ\www\me\tp3.2\x\Runtime\Cache\Admin\c0efe08e94efe4cd4bd67323d6440b04.php 第 30 行.
NOTIC: [8] Use of undefined constant cat_id - assumed 'cat_id' D:\AppServ\www\me\tp3.2\x\Runtime\Cache\Admin\c0efe08e94efe4cd4bd67323d6440b04.php 第 29 行.
NOTIC: [8] Use of undefined constant cat_id - assumed 'cat_id' D:\AppServ\www\me\tp3.2\x\Runtime\Cache\Admin\c0efe08e94efe4cd4bd67323d6440b04.php 第 30 行.
NOTIC: [8] Use of undefined constant cat_id - assumed 'cat_id' D:\AppServ\www\me\tp3.2\x\Runtime\Cache\Admin\c0efe08e94efe4cd4bd67323d6440b04.php 第 29 行.
NOTIC: [8] Use of undefined constant cat_id - assumed 'cat_id' D:\AppServ\www\me\tp3.2\x\Runtime\Cache\Admin\c0efe08e94efe4cd4bd67323d6440b04.php 第 30 行.
INFO: Run Behavior\ParseTemplateBehavior [ RunTime:0.009022s ]
INFO: [ view_parse ] --END-- [ RunTime:0.009082s ]
INFO: [ view_filter ] --START--
INFO: Run Behavior\WriteHtmlCacheBehavior [ RunTime:0.000633s ]
INFO: [ view_filter ] --END-- [ RunTime:0.000671s ]
INFO: [ app_end ] --START--
INFO: Run Behavior\ShowPageTraceBehavior [ RunTime:0.000912s ]
INFO: [ app_end ] --END-- [ RunTime:0.000954s ]

[ 2017-05-02T21:15:57+08:00 ] ::1 /me/tp3.2/x/index.php/admin/cat/catdel/cat_id/3.html
INFO: [ app_init ] --START--
INFO: Run Behavior\BuildLiteBehavior [ RunTime:0.000013s ]
INFO: [ app_init ] --END-- [ RunTime:0.000508s ]
INFO: [ app_begin ] --START--
INFO: Run Behavior\ReadHtmlCacheBehavior [ RunTime:0.000806s ]
INFO: [ app_begin ] --END-- [ RunTime:0.000856s ]
SQL: SHOW COLUMNS FROM `cat` [ RunTime:0.0006s ]
SQL: DELETE FROM `cat` WHERE `cat_id` = 3 [ RunTime:0.0017s ]

[ 2017-05-02T21:16:08+08:00 ] ::1 /me/tp3.2/x/index.php/admin/cat/catdel/cat_id/3.html
INFO: [ app_init ] --START--
INFO: Run Behavior\BuildLiteBehavior [ RunTime:0.000015s ]
INFO: [ app_init ] --END-- [ RunTime:0.000513s ]
INFO: [ app_begin ] --START--
INFO: Run Behavior\ReadHtmlCacheBehavior [ RunTime:0.000812s ]
INFO: [ app_begin ] --END-- [ RunTime:0.000868s ]
SQL: SHOW COLUMNS FROM `cat` [ RunTime:0.0007s ]
SQL: DELETE FROM `cat` WHERE `cat_id` = 3 [ RunTime:0.0003s ]

[ 2017-05-02T21:16:08+08:00 ] ::1 /me/tp3.2/x/index.php/admin/cat/catdel/cat_id/3.html
INFO: [ app_init ] --START--
INFO: Run Behavior\BuildLiteBehavior [ RunTime:0.000017s ]
INFO: [ app_init ] --END-- [ RunTime:0.000593s ]
INFO: [ app_begin ] --START--
INFO: Run Behavior\ReadHtmlCacheBehavior [ RunTime:0.001231s ]
INFO: [ app_begin ] --END-- [ RunTime:0.001319s ]
SQL: SHOW COLUMNS FROM `cat` [ RunTime:0.0007s ]
SQL: DELETE FROM `cat` WHERE `cat_id` = 3 [ RunTime:0.0003s ]

[ 2017-05-02T21:16:09+08:00 ] ::1 /me/tp3.2/x/index.php/admin/cat/catlist
INFO: [ app_init ] --START--
INFO: Run Behavior\BuildLiteBehavior [ RunTime:0.000017s ]
INFO: [ app_init ] --END-- [ RunTime:0.000716s ]
INFO: [ app_begin ] --START--
INFO: Run Behavior\ReadHtmlCacheBehavior [ RunTime:0.000844s ]
INFO: [ app_begin ] --END-- [ RunTime:0.000892s ]
SQL: SHOW COLUMNS FROM `cat` [ RunTime:0.0008s ]
SQL: SELECT * FROM `cat`  [ RunTime:0.0003s ]
INFO: [ view_parse ] --START--
INFO: [ template_filter ] --START--
INFO: Run Behavior\ContentReplaceBehavior [ RunTime:0.000046s ]
INFO: [ template_filter ] --END-- [ RunTime:0.000090s ]
NOTIC: [8] Use of undefined constant cat_id - assumed 'cat_id' D:\AppServ\www\me\tp3.2\x\Runtime\Cache\Admin\c0efe08e94efe4cd4bd67323d6440b04.php 第 29 行.
NOTIC: [8] Use of undefined constant cat_id - assumed 'cat_id' D:\AppServ\www\me\tp3.2\x\Runtime\Cache\Admin\c0efe08e94efe4cd4bd67323d6440b04.php 第 30 行.
NOTIC: [8] Use of undefined constant cat_id - assumed 'cat_id' D:\AppServ\www\me\tp3.2\x\Runtime\Cache\Admin\c0efe08e94efe4cd4bd67323d6440b04.php 第 29 行.
NOTIC: [8] Use of undefined constant cat_id - assumed 'cat_id' D:\AppServ\www\me\tp3.2\x\Runtime\Cache\Admin\c0efe08e94efe4cd4bd67323d6440b04.php 第 30 行.
INFO: Run Behavior\ParseTemplateBehavior [ RunTime:0.006803s ]
INFO: [ view_parse ] --END-- [ RunTime:0.006852s ]
INFO: [ view_filter ] --START--
INFO: Run Behavior\WriteHtmlCacheBehavior [ RunTime:0.000568s ]
INFO: [ view_filter ] --END-- [ RunTime:0.000602s ]
INFO: [ app_end ] --START--
INFO: Run Behavior\ShowPageTraceBehavior [ RunTime:0.000716s ]
INFO: [ app_end ] --END-- [ RunTime:0.000752s ]

[ 2017-05-02T21:16:10+08:00 ] ::1 /me/tp3.2/x/index.php/admin/cat/catlist
INFO: [ app_init ] --START--
INFO: Run Behavior\BuildLiteBehavior [ RunTime:0.000015s ]
INFO: [ app_init ] --END-- [ RunTime:0.000585s ]
INFO: [ app_begin ] --START--
INFO: Run Behavior\ReadHtmlCacheBehavior [ RunTime:0.000866s ]
INFO: [ app_begin ] --END-- [ RunTime:0.000920s ]
SQL: SHOW COLUMNS FROM `cat` [ RunTime:0.0007s ]
SQL: SELECT * FROM `cat`  [ RunTime:0.0003s ]
INFO: [ view_parse ] --START--
INFO: [ template_filter ] --START--
INFO: Run Behavior\ContentReplaceBehavior [ RunTime:0.000034s ]
INFO: [ template_filter ] --END-- [ RunTime:0.000087s ]
NOTIC: [8] Use of undefined constant cat_id - assumed 'cat_id' D:\AppServ\www\me\tp3.2\x\Runtime\Cache\Admin\c0efe08e94efe4cd4bd67323d6440b04.php 第 29 行.
NOTIC: [8] Use of undefined constant cat_id - assumed 'cat_id' D:\AppServ\www\me\tp3.2\x\Runtime\Cache\Admin\c0efe08e94efe4cd4bd67323d6440b04.php 第 30 行.
NOTIC: [8] Use of undefined constant cat_id - assumed 'cat_id' D:\AppServ\www\me\tp3.2\x\Runtime\Cache\Admin\c0efe08e94efe4cd4bd67323d6440b04.php 第 29 行.
NOTIC: [8] Use of undefined constant cat_id - assumed 'cat_id' D:\AppServ\www\me\tp3.2\x\Runtime\Cache\Admin\c0efe08e94efe4cd4bd67323d6440b04.php 第 30 行.
INFO: Run Behavior\ParseTemplateBehavior [ RunTime:0.007874s ]
INFO: [ view_parse ] --END-- [ RunTime:0.007921s ]
INFO: [ view_filter ] --START--
INFO: Run Behavior\WriteHtmlCacheBehavior [ RunTime:0.000538s ]
INFO: [ view_filter ] --END-- [ RunTime:0.000571s ]
INFO: [ app_end ] --START--
INFO: Run Behavior\ShowPageTraceBehavior [ RunTime:0.001101s ]
INFO: [ app_end ] --END-- [ RunTime:0.001227s ]

[ 2017-05-02T21:16:10+08:00 ] ::1 /me/tp3.2/x/index.php/admin/cat/catlist
INFO: [ app_init ] --START--
INFO: Run Behavior\BuildLiteBehavior [ RunTime:0.000015s ]
INFO: [ app_init ] --END-- [ RunTime:0.000547s ]
INFO: [ app_begin ] --START--
INFO: Run Behavior\ReadHtmlCacheBehavior [ RunTime:0.000836s ]
INFO: [ app_begin ] --END-- [ RunTime:0.000892s ]
SQL: SHOW COLUMNS FROM `cat` [ RunTime:0.0006s ]
SQL: SELECT * FROM `cat`  [ RunTime:0.0003s ]
INFO: [ view_parse ] --START--
INFO: [ template_filter ] --START--
INFO: Run Behavior\ContentReplaceBehavior [ RunTime:0.000032s ]
INFO: [ template_filter ] --END-- [ RunTime:0.000079s ]
NOTIC: [8] Use of undefined constant cat_id - assumed 'cat_id' D:\AppServ\www\me\tp3.2\x\Runtime\Cache\Admin\c0efe08e94efe4cd4bd67323d6440b04.php 第 29 行.
NOTIC: [8] Use of undefined constant cat_id - assumed 'cat_id' D:\AppServ\www\me\tp3.2\x\Runtime\Cache\Admin\c0efe08e94efe4cd4bd67323d6440b04.php 第 30 行.
NOTIC: [8] Use of undefined constant cat_id - assumed 'cat_id' D:\AppServ\www\me\tp3.2\x\Runtime\Cache\Admin\c0efe08e94efe4cd4bd67323d6440b04.php 第 29 行.
NOTIC: [8] Use of undefined constant cat_id - assumed 'cat_id' D:\AppServ\www\me\tp3.2\x\Runtime\Cache\Admin\c0efe08e94efe4cd4bd67323d6440b04.php 第 30 行.
INFO: Run Behavior\ParseTemplateBehavior [ RunTime:0.006923s ]
INFO: [ view_parse ] --END-- [ RunTime:0.006966s ]
INFO: [ view_filter ] --START--
INFO: Run Behavior\WriteHtmlCacheBehavior [ RunTime:0.000559s ]
INFO: [ view_filter ] --END-- [ RunTime:0.000592s ]
INFO: [ app_end ] --START--
INFO: Run Behavior\ShowPageTraceBehavior [ RunTime:0.000705s ]
INFO: [ app_end ] --END-- [ RunTime:0.000740s ]

[ 2017-05-02T21:16:47+08:00 ] ::1 /me/tp3.2/x/index.php/admin/cat/catlist
INFO: [ app_init ] --START--
INFO: Run Behavior\BuildLiteBehavior [ RunTime:0.000015s ]
INFO: [ app_init ] --END-- [ RunTime:0.000553s ]
INFO: [ app_begin ] --START--
INFO: Run Behavior\ReadHtmlCacheBehavior [ RunTime:0.000872s ]
INFO: [ app_begin ] --END-- [ RunTime:0.000929s ]
SQL: SHOW COLUMNS FROM `cat` [ RunTime:0.0006s ]
SQL: SELECT * FROM `cat`  [ RunTime:0.0002s ]
INFO: [ view_parse ] --START--
INFO: [ template_filter ] --START--
INFO: Run Behavior\ContentReplaceBehavior [ RunTime:0.000032s ]
INFO: [ template_filter ] --END-- [ RunTime:0.000081s ]
NOTIC: [8] Use of undefined constant cat_id - assumed 'cat_id' D:\AppServ\www\me\tp3.2\x\Runtime\Cache\Admin\c0efe08e94efe4cd4bd67323d6440b04.php 第 29 行.
NOTIC: [8] Use of undefined constant cat_id - assumed 'cat_id' D:\AppServ\www\me\tp3.2\x\Runtime\Cache\Admin\c0efe08e94efe4cd4bd67323d6440b04.php 第 30 行.
NOTIC: [8] Use of undefined constant cat_id - assumed 'cat_id' D:\AppServ\www\me\tp3.2\x\Runtime\Cache\Admin\c0efe08e94efe4cd4bd67323d6440b04.php 第 29 行.
NOTIC: [8] Use of undefined constant cat_id - assumed 'cat_id' D:\AppServ\www\me\tp3.2\x\Runtime\Cache\Admin\c0efe08e94efe4cd4bd67323d6440b04.php 第 30 行.
INFO: Run Behavior\ParseTemplateBehavior [ RunTime:0.007806s ]
INFO: [ view_parse ] --END-- [ RunTime:0.007858s ]
INFO: [ view_filter ] --START--
INFO: Run Behavior\WriteHtmlCacheBehavior [ RunTime:0.000528s ]
INFO: [ view_filter ] --END-- [ RunTime:0.000562s ]
INFO: [ app_end ] --START--
INFO: Run Behavior\ShowPageTraceBehavior [ RunTime:0.000700s ]
INFO: [ app_end ] --END-- [ RunTime:0.000736s ]

[ 2017-05-02T21:16:48+08:00 ] ::1 /me/tp3.2/x/index.php/admin/cat/catdel/cat_id/2.html
INFO: [ app_init ] --START--
INFO: Run Behavior\BuildLiteBehavior [ RunTime:0.000014s ]
INFO: [ app_init ] --END-- [ RunTime:0.000524s ]
INFO: [ app_begin ] --START--
INFO: Run Behavior\ReadHtmlCacheBehavior [ RunTime:0.000816s ]
INFO: [ app_begin ] --END-- [ RunTime:0.000867s ]
SQL: SHOW COLUMNS FROM `cat` [ RunTime:0.0007s ]
SQL: DELETE FROM `cat` WHERE `cat_id` = 2 [ RunTime:0.0016s ]

[ 2017-05-02T21:16:50+08:00 ] ::1 /me/tp3.2/x/index.php/admin/cat/catdel/cat_id/admin/cat/catlist
INFO: [ app_init ] --START--
INFO: Run Behavior\BuildLiteBehavior [ RunTime:0.000021s ]
INFO: [ app_init ] --END-- [ RunTime:0.000740s ]
INFO: [ app_begin ] --START--
INFO: Run Behavior\ReadHtmlCacheBehavior [ RunTime:0.000896s ]
INFO: [ app_begin ] --END-- [ RunTime:0.000960s ]
SQL: SHOW COLUMNS FROM `cat` [ RunTime:0.0008s ]
SQL: DELETE FROM `cat` WHERE `cat_id` = 0 [ RunTime:0.0005s ]
INFO: [ app_end ] --START--
INFO: Run Behavior\ShowPageTraceBehavior [ RunTime:0.001367s ]
INFO: [ app_end ] --END-- [ RunTime:0.001451s ]

[ 2017-05-02T21:17:24+08:00 ] ::1 /me/tp3.2/x/index.php/admin/cat/catdel/cat_id/2.html
INFO: [ app_init ] --START--
INFO: Run Behavior\BuildLiteBehavior [ RunTime:0.000014s ]
INFO: [ app_init ] --END-- [ RunTime:0.000523s ]
INFO: [ app_begin ] --START--
INFO: Run Behavior\ReadHtmlCacheBehavior [ RunTime:0.001156s ]
INFO: [ app_begin ] --END-- [ RunTime:0.001242s ]
SQL: SHOW COLUMNS FROM `cat` [ RunTime:0.0006s ]
SQL: DELETE FROM `cat` WHERE `cat_id` = 2 [ RunTime:0.0003s ]
INFO: [ app_end ] --START--
INFO: Run Behavior\ShowPageTraceBehavior [ RunTime:0.001000s ]
INFO: [ app_end ] --END-- [ RunTime:0.001051s ]

[ 2017-05-02T21:17:29+08:00 ] ::1 /me/tp3.2/x/index.php/admin/cat/catlist
INFO: [ app_init ] --START--
INFO: Run Behavior\BuildLiteBehavior [ RunTime:0.000019s ]
INFO: [ app_init ] --END-- [ RunTime:0.000623s ]
INFO: [ app_begin ] --START--
INFO: Run Behavior\ReadHtmlCacheBehavior [ RunTime:0.001031s ]
INFO: [ app_begin ] --END-- [ RunTime:0.001112s ]
SQL: SHOW COLUMNS FROM `cat` [ RunTime:0.0007s ]
SQL: SELECT * FROM `cat`  [ RunTime:0.0003s ]
INFO: [ view_parse ] --START--
INFO: [ template_filter ] --START--
INFO: Run Behavior\ContentReplaceBehavior [ RunTime:0.000038s ]
INFO: [ template_filter ] --END-- [ RunTime:0.000101s ]
NOTIC: [8] Use of undefined constant cat_id - assumed 'cat_id' D:\AppServ\www\me\tp3.2\x\Runtime\Cache\Admin\c0efe08e94efe4cd4bd67323d6440b04.php 第 29 行.
NOTIC: [8] Use of undefined constant cat_id - assumed 'cat_id' D:\AppServ\www\me\tp3.2\x\Runtime\Cache\Admin\c0efe08e94efe4cd4bd67323d6440b04.php 第 30 行.
INFO: Run Behavior\ParseTemplateBehavior [ RunTime:0.008409s ]
INFO: [ view_parse ] --END-- [ RunTime:0.008458s ]
INFO: [ view_filter ] --START--
INFO: Run Behavior\WriteHtmlCacheBehavior [ RunTime:0.000561s ]
INFO: [ view_filter ] --END-- [ RunTime:0.000595s ]
INFO: [ app_end ] --START--
INFO: Run Behavior\ShowPageTraceBehavior [ RunTime:0.000762s ]
INFO: [ app_end ] --END-- [ RunTime:0.000798s ]

[ 2017-05-02T21:17:29+08:00 ] ::1 /me/tp3.2/x/index.php/admin/cat/catlist
INFO: [ app_init ] --START--
INFO: Run Behavior\BuildLiteBehavior [ RunTime:0.000013s ]
INFO: [ app_init ] --END-- [ RunTime:0.000511s ]
INFO: [ app_begin ] --START--
INFO: Run Behavior\ReadHtmlCacheBehavior [ RunTime:0.000899s ]
INFO: [ app_begin ] --END-- [ RunTime:0.000952s ]
SQL: SHOW COLUMNS FROM `cat` [ RunTime:0.0008s ]
SQL: SELECT * FROM `cat`  [ RunTime:0.0003s ]
INFO: [ view_parse ] --START--
INFO: [ template_filter ] --START--
INFO: Run Behavior\ContentReplaceBehavior [ RunTime:0.000060s ]
INFO: [ template_filter ] --END-- [ RunTime:0.000153s ]
NOTIC: [8] Use of undefined constant cat_id - assumed 'cat_id' D:\AppServ\www\me\tp3.2\x\Runtime\Cache\Admin\c0efe08e94efe4cd4bd67323d6440b04.php 第 29 行.
NOTIC: [8] Use of undefined constant cat_id - assumed 'cat_id' D:\AppServ\www\me\tp3.2\x\Runtime\Cache\Admin\c0efe08e94efe4cd4bd67323d6440b04.php 第 30 行.
INFO: Run Behavior\ParseTemplateBehavior [ RunTime:0.010723s ]
INFO: [ view_parse ] --END-- [ RunTime:0.010774s ]
INFO: [ view_filter ] --START--
INFO: Run Behavior\WriteHtmlCacheBehavior [ RunTime:0.000665s ]
INFO: [ view_filter ] --END-- [ RunTime:0.000722s ]
INFO: [ app_end ] --START--
INFO: Run Behavior\ShowPageTraceBehavior [ RunTime:0.000867s ]
INFO: [ app_end ] --END-- [ RunTime:0.000912s ]

[ 2017-05-02T21:17:46+08:00 ] ::1 /me/tp3.2/x/index.php/admin/cat/catdel/cat_id/1.html
INFO: [ app_init ] --START--
INFO: Run Behavior\BuildLiteBehavior [ RunTime:0.000022s ]
INFO: [ app_init ] --END-- [ RunTime:0.001185s ]
INFO: [ app_begin ] --START--
INFO: Run Behavior\ReadHtmlCacheBehavior [ RunTime:0.000732s ]
INFO: [ app_begin ] --END-- [ RunTime:0.000781s ]
SQL: SHOW COLUMNS FROM `cat` [ RunTime:0.0006s ]
SQL: DELETE FROM `cat` WHERE `cat_id` = 1 [ RunTime:0.0020s ]

[ 2017-05-02T21:17:50+08:00 ] ::1 /me/tp3.2/x/index.php/admin/cat/catdel/cat_id/1.html
INFO: [ app_init ] --START--
INFO: Run Behavior\BuildLiteBehavior [ RunTime:0.000021s ]
INFO: [ app_init ] --END-- [ RunTime:0.000659s ]
INFO: [ app_begin ] --START--
INFO: Run Behavior\ReadHtmlCacheBehavior [ RunTime:0.000879s ]
INFO: [ app_begin ] --END-- [ RunTime:0.000941s ]
SQL: SHOW COLUMNS FROM `cat` [ RunTime:0.0006s ]
SQL: DELETE FROM `cat` WHERE `cat_id` = 1 [ RunTime:0.0002s ]
INFO: [ app_end ] --START--
INFO: Run Behavior\ShowPageTraceBehavior [ RunTime:0.000903s ]
INFO: [ app_end ] --END-- [ RunTime:0.000948s ]

[ 2017-05-02T21:17:51+08:00 ] ::1 /me/tp3.2/x/index.php/admin/cat/catdel/cat_id/1.html
INFO: [ app_init ] --START--
INFO: Run Behavior\BuildLiteBehavior [ RunTime:0.000026s ]
INFO: [ app_init ] --END-- [ RunTime:0.000689s ]
INFO: [ app_begin ] --START--
INFO: Run Behavior\ReadHtmlCacheBehavior [ RunTime:0.000818s ]
INFO: [ app_begin ] --END-- [ RunTime:0.000883s ]
SQL: SHOW COLUMNS FROM `cat` [ RunTime:0.0008s ]
SQL: DELETE FROM `cat` WHERE `cat_id` = 1 [ RunTime:0.0004s ]
INFO: [ app_end ] --START--
INFO: Run Behavior\ShowPageTraceBehavior [ RunTime:0.001044s ]
INFO: [ app_end ] --END-- [ RunTime:0.001094s ]

[ 2017-05-02T21:17:51+08:00 ] ::1 /me/tp3.2/x/index.php/admin/cat/catdel/cat_id/1.html
INFO: [ app_init ] --START--
INFO: Run Behavior\BuildLiteBehavior [ RunTime:0.000017s ]
INFO: [ app_init ] --END-- [ RunTime:0.000689s ]
INFO: [ app_begin ] --START--
INFO: Run Behavior\ReadHtmlCacheBehavior [ RunTime:0.000828s ]
INFO: [ app_begin ] --END-- [ RunTime:0.000880s ]
SQL: SHOW COLUMNS FROM `cat` [ RunTime:0.0008s ]
SQL: DELETE FROM `cat` WHERE `cat_id` = 1 [ RunTime:0.0003s ]
INFO: [ app_end ] --START--
INFO: Run Behavior\ShowPageTraceBehavior [ RunTime:0.001008s ]
INFO: [ app_end ] --END-- [ RunTime:0.001058s ]

[ 2017-05-02T21:17:52+08:00 ] ::1 /me/tp3.2/x/index.php/admin/cat/catdel/cat_id/1.html
INFO: [ app_init ] --START--
INFO: Run Behavior\BuildLiteBehavior [ RunTime:0.000015s ]
INFO: [ app_init ] --END-- [ RunTime:0.000585s ]
INFO: [ app_begin ] --START--
INFO: Run Behavior\ReadHtmlCacheBehavior [ RunTime:0.000908s ]
INFO: [ app_begin ] --END-- [ RunTime:0.000964s ]
SQL: SHOW COLUMNS FROM `cat` [ RunTime:0.0009s ]
SQL: DELETE FROM `cat` WHERE `cat_id` = 1 [ RunTime:0.0003s ]
INFO: [ app_end ] --START--
INFO: Run Behavior\ShowPageTraceBehavior [ RunTime:0.000886s ]
INFO: [ app_end ] --END-- [ RunTime:0.000938s ]

[ 2017-05-02T21:17:54+08:00 ] ::1 /me/tp3.2/x/index.php/admin/cat/catlist
INFO: [ app_init ] --START--
INFO: Run Behavior\BuildLiteBehavior [ RunTime:0.000014s ]
INFO: [ app_init ] --END-- [ RunTime:0.000513s ]
INFO: [ app_begin ] --START--
INFO: Run Behavior\ReadHtmlCacheBehavior [ RunTime:0.001244s ]
INFO: [ app_begin ] --END-- [ RunTime:0.001339s ]
SQL: SHOW COLUMNS FROM `cat` [ RunTime:0.0006s ]
SQL: SELECT * FROM `cat`  [ RunTime:0.0004s ]
INFO: [ view_parse ] --START--
INFO: [ template_filter ] --START--
INFO: Run Behavior\ContentReplaceBehavior [ RunTime:0.000036s ]
INFO: [ template_filter ] --END-- [ RunTime:0.000091s ]
INFO: Run Behavior\ParseTemplateBehavior [ RunTime:0.008341s ]
INFO: [ view_parse ] --END-- [ RunTime:0.008424s ]
INFO: [ view_filter ] --START--
INFO: Run Behavior\WriteHtmlCacheBehavior [ RunTime:0.000600s ]
INFO: [ view_filter ] --END-- [ RunTime:0.000640s ]
INFO: [ app_end ] --START--
INFO: Run Behavior\ShowPageTraceBehavior [ RunTime:0.000802s ]
INFO: [ app_end ] --END-- [ RunTime:0.000845s ]

[ 2017-05-02T21:17:55+08:00 ] ::1 /me/tp3.2/x/index.php/admin/cat/catlist
INFO: [ app_init ] --START--
INFO: Run Behavior\BuildLiteBehavior [ RunTime:0.000013s ]
INFO: [ app_init ] --END-- [ RunTime:0.000521s ]
INFO: [ app_begin ] --START--
INFO: Run Behavior\ReadHtmlCacheBehavior [ RunTime:0.000832s ]
INFO: [ app_begin ] --END-- [ RunTime:0.000879s ]
SQL: SHOW COLUMNS FROM `cat` [ RunTime:0.0008s ]
SQL: SELECT * FROM `cat`  [ RunTime:0.0003s ]
INFO: [ view_parse ] --START--
INFO: [ template_filter ] --START--
INFO: Run Behavior\ContentReplaceBehavior [ RunTime:0.000033s ]
INFO: [ template_filter ] --END-- [ RunTime:0.000081s ]
INFO: Run Behavior\ParseTemplateBehavior [ RunTime:0.006623s ]
INFO: [ view_parse ] --END-- [ RunTime:0.006745s ]
INFO: [ view_filter ] --START--
INFO: Run Behavior\WriteHtmlCacheBehavior [ RunTime:0.001024s ]
INFO: [ view_filter ] --END-- [ RunTime:0.001099s ]
INFO: [ app_end ] --START--
INFO: Run Behavior\ShowPageTraceBehavior [ RunTime:0.001057s ]
INFO: [ app_end ] --END-- [ RunTime:0.001111s ]

