[ 2017-05-16T19:35:14+08:00 ] ::1 /shoptp/index.php/admin/manager/%20%20%20%20public%20function%20verifyImg()%7B__.html
ERR: 非法操作:    public function verifyImg(){__

[ 2017-05-16T19:35:15+08:00 ] ::1 /shoptp/index.php/admin/manager/%20%20%20%20public%20function%20verifyImg()%7B__.html
ERR: 非法操作:    public function verifyImg(){__

[ 2017-05-16T19:35:15+08:00 ] ::1 /shoptp/index.php/admin/manager/%20%20%20%20public%20function%20verifyImg()%7B__.html
ERR: 非法操作:    public function verifyImg(){__

[ 2017-05-16T19:37:06+08:00 ] ::1 /shoptp/index.php/Admin/Manager/yzm.html
ERR: 非法操作:yzm

[ 2017-05-16T19:37:07+08:00 ] ::1 /shoptp/index.php/Admin/Manager/yzm.html
ERR: 非法操作:yzm

[ 2017-05-16T19:38:03+08:00 ] ::1 /shoptp/index.php/admin/manager/yam
ERR: 非法操作:yam

[ 2017-05-16T19:38:08+08:00 ] ::1 /shoptp/index.php/admin/manager/yzm'
ERR: 非法操作:yzm'

[ 2017-05-16T20:10:01+08:00 ] ::1 /shoptp/index.php/admin/managear/login
ERR: 无法加载控制器:Managear

[ 2017-05-16T21:06:18+08:00 ] ::1 /shoptp/index.php/admin/Manger/yzm.html&0.7658197246448568
ERR: 无法加载控制器:Manger

[ 2017-05-16T21:06:19+08:00 ] ::1 /shoptp/index.php/admin/Manger/yzm.html&0.04812000322390286
ERR: 无法加载控制器:Manger

[ 2017-05-16T21:06:20+08:00 ] ::1 /shoptp/index.php/admin/Manger/yzm.html&0.031330676903009946
ERR: 无法加载控制器:Manger

[ 2017-05-16T21:06:20+08:00 ] ::1 /shoptp/index.php/admin/Manger/yzm.html&0.7093252785704609
ERR: 无法加载控制器:Manger

[ 2017-05-16T21:06:38+08:00 ] ::1 /shoptp/index.php/admin/Manger/yzm.html
ERR: 无法加载控制器:Manger

[ 2017-05-16T21:06:42+08:00 ] ::1 /shoptp/index.php/admin/Manger/yzm.html
ERR: 无法加载控制器:Manger

[ 2017-05-16T21:06:57+08:00 ] ::1 /shoptp/index.php/admin/Manger/yzm.html
ERR: 无法加载控制器:Manger

[ 2017-05-16T21:07:12+08:00 ] ::1 /shoptp/index.php/admin/Manager/yzm.html&0.5078935985487565
ERR: 非法操作:yzm.html&0.5078935985487565

[ 2017-05-16T21:07:14+08:00 ] ::1 /shoptp/index.php/admin/Manager/yzm.html&0.5730586983095316
ERR: 非法操作:yzm.html&0.5730586983095316

[ 2017-05-16T23:28:02+08:00 ] ::1 /shoptp/index.php/admin/goods/SITE_URL
ERR: 非法操作:SITE_URL

[ 2017-05-16T23:28:03+08:00 ] ::1 /shoptp/index.php/admin/goods/SITE_URL
ERR: 非法操作:SITE_URL

