[ 2017-05-15T00:09:44+08:00 ] ::1 /shoptp/index.php/admin/index/index.html
INFO: [ app_init ] --START--
INFO: Run Behavior\BuildLiteBehavior [ RunTime:0.000017s ]
INFO: [ app_init ] --END-- [ RunTime:0.000742s ]

[ 2017-05-15T00:09:44+08:00 ] ::1 /shoptp/index.php/Admin/Index/head.html
INFO: [ app_init ] --START--
INFO: Run Behavior\BuildLiteBehavior [ RunTime:0.000013s ]
INFO: [ app_init ] --END-- [ RunTime:0.000394s ]

[ 2017-05-15T00:09:44+08:00 ] ::1 /shoptp/index.php/Admin/Index/right.html
INFO: [ app_init ] --START--
INFO: Run Behavior\BuildLiteBehavior [ RunTime:0.000012s ]
INFO: [ app_init ] --END-- [ RunTime:0.000436s ]

[ 2017-05-15T00:09:44+08:00 ] ::1 /shoptp/index.php/Admin/Index/left
INFO: [ app_init ] --START--
INFO: Run Behavior\BuildLiteBehavior [ RunTime:0.000011s ]
INFO: [ app_init ] --END-- [ RunTime:0.000425s ]

[ 2017-05-15T00:09:46+08:00 ] ::1 /shoptp/index.php/admin/index/index.html
INFO: [ app_init ] --START--
INFO: Run Behavior\BuildLiteBehavior [ RunTime:0.000016s ]
INFO: [ app_init ] --END-- [ RunTime:0.000639s ]

[ 2017-05-15T00:09:46+08:00 ] ::1 /shoptp/index.php/Admin/Index/left
INFO: [ app_init ] --START--
INFO: Run Behavior\BuildLiteBehavior [ RunTime:0.000020s ]
INFO: [ app_init ] --END-- [ RunTime:0.000564s ]

[ 2017-05-15T00:09:46+08:00 ] ::1 /shoptp/index.php/Admin/Index/right.html
INFO: [ app_init ] --START--
INFO: Run Behavior\BuildLiteBehavior [ RunTime:0.000033s ]
INFO: [ app_init ] --END-- [ RunTime:0.000694s ]

[ 2017-05-15T00:09:46+08:00 ] ::1 /shoptp/index.php/Admin/Index/head.html
INFO: [ app_init ] --START--
INFO: Run Behavior\BuildLiteBehavior [ RunTime:0.000025s ]
INFO: [ app_init ] --END-- [ RunTime:0.000802s ]

[ 2017-05-15T10:03:09+08:00 ] ::1 /shoptp/index.php/admin/goods/showlist.html
ERR: 1146:Table 'shoptp.sw_english' doesn't exist
 [ SQL语句 ] : SHOW COLUMNS FROM `sw_english`

[ 2017-05-15T10:55:33+08:00 ] ::1 /shoptp/index.php/admin/goods/showlist.html
ERR: Think\Controller:D方法不存在！

[ 2017-05-15T11:52:07+08:00 ] ::1 /shoptp/index.php/admin/goods/showlist.html
ERR: Think\Model:finld方法不存在！

[ 2017-05-15T19:27:43+08:00 ] ::1 /shoptp/index.php/admin/goods/admin.php?c=goods&a=add
ERR: 非法操作:admin.php

[ 2017-05-15T19:32:22+08:00 ] ::1 /shoptp/index.php/admin/goods/upd/goods_id/166.html
ERR: Think\Controller:assgin方法不存在！

[ 2017-05-15T19:36:58+08:00 ] ::1 /shoptp/index.php/admin/goods/upd.html
ERR: 1064:You have an error in your SQL syntax; check the manual that corresponds to your MySQL server version for the right syntax to use near ')' at line 1
 [ SQL语句 ] : UPDATE `sw_goods` SET `goods_name`='哇哈哈',`goods_price`='2.00',`goods_number`='100',`goods_weight`='1',`goods_introduce`='真的吗' WHERE ( goods_id= )

[ 2017-05-15T19:37:31+08:00 ] ::1 /shoptp/index.php/admin/goods/upd.html
ERR: 1064:You have an error in your SQL syntax; check the manual that corresponds to your MySQL server version for the right syntax to use near ')' at line 1
 [ SQL语句 ] : UPDATE `sw_goods` SET `goods_name`='哇哈哈',`goods_price`='2.00',`goods_number`='100',`goods_weight`='1',`goods_introduce`='真的吗' WHERE ( goods_id= )

[ 2017-05-15T19:40:13+08:00 ] ::1 /shoptp/index.php/admin/goods/upd.html
ERR: 1064:You have an error in your SQL syntax; check the manual that corresponds to your MySQL server version for the right syntax to use near ')' at line 1
 [ SQL语句 ] : UPDATE `sw_goods` SET `goods_name`='哇哈哈',`goods_price`='2.00',`goods_number`='100',`goods_weight`='1',`goods_introduce`='234' WHERE ( goods_id= )

[ 2017-05-15T19:41:39+08:00 ] ::1 /shoptp/index.php/admin/goods/upd.html
ERR: 1064:You have an error in your SQL syntax; check the manual that corresponds to your MySQL server version for the right syntax to use near ')' at line 1
 [ SQL语句 ] : UPDATE `sw_goods` SET `goods_name`='哇哈哈',`goods_price`='2.00',`goods_number`='100',`goods_weight`='1',`goods_introduce`='234' WHERE ( goods_id= )

[ 2017-05-15T19:45:17+08:00 ] ::1 /shoptp/index.php/admin/goods/listshow
ERR: 非法操作:listshow

