[ 2017-06-01T10:22:24+08:00 ] ::1 /blogtp/index.php
NOTIC: D方法实例化没找到模型类admin\Model\CatModel

[ 2017-06-01T11:12:36+08:00 ] ::1 /blogtp/index.php
NOTIC: D方法实例化没找到模型类admin\Model\CatModel

[ 2017-06-01T11:21:04+08:00 ] ::1 /blogtp/index.php/home/articel/artlist.html
NOTIC: D方法实例化没找到模型类admin\Model\CatModel
NOTIC: D方法实例化没找到模型类admin\Model\ArticelModel

[ 2017-06-01T11:21:05+08:00 ] ::1 /blogtp/index.php/home/articel/index/art_id/27.html
NOTIC: D方法实例化没找到模型类admin\Model\ArticelModel

[ 2017-06-01T11:21:17+08:00 ] ::1 /blogtp/index.php/home/index/index.html
NOTIC: D方法实例化没找到模型类admin\Model\CatModel

[ 2017-06-01T11:22:10+08:00 ] ::1 /blogtp/index.php/home/index/index.html
NOTIC: D方法实例化没找到模型类admin\Model\CatModel

[ 2017-06-01T11:22:11+08:00 ] ::1 /blogtp/index.php/home/index/index.html
NOTIC: D方法实例化没找到模型类admin\Model\CatModel

[ 2017-06-01T11:22:55+08:00 ] ::1 /blogtp/index.php/home/index/index.html
NOTIC: D方法实例化没找到模型类admin\Model\CatModel
NOTIC: D方法实例化没找到模型类admin\Model\ArticelModel

[ 2017-06-01T11:24:15+08:00 ] ::1 /blogtp/index.php/home/index/index.html
NOTIC: D方法实例化没找到模型类admin\Model\CatModel
NOTIC: D方法实例化没找到模型类admin\Model\ArticelModel

[ 2017-06-01T11:24:15+08:00 ] ::1 /blogtp/index.php/home/index/index.html
NOTIC: D方法实例化没找到模型类admin\Model\CatModel
NOTIC: D方法实例化没找到模型类admin\Model\ArticelModel

[ 2017-06-01T11:24:16+08:00 ] ::1 /blogtp/index.php/home/index/index.html
NOTIC: D方法实例化没找到模型类admin\Model\CatModel
NOTIC: D方法实例化没找到模型类admin\Model\ArticelModel

[ 2017-06-01T11:24:17+08:00 ] ::1 /blogtp/index.php/home/index/index.html
NOTIC: D方法实例化没找到模型类admin\Model\CatModel
NOTIC: D方法实例化没找到模型类admin\Model\ArticelModel

[ 2017-06-01T11:24:18+08:00 ] ::1 /blogtp/index.php/home/index/index.html
NOTIC: D方法实例化没找到模型类admin\Model\CatModel
NOTIC: D方法实例化没找到模型类admin\Model\ArticelModel

[ 2017-06-01T11:24:35+08:00 ] ::1 /blogtp/index.php/home/index/index.html
NOTIC: D方法实例化没找到模型类admin\Model\CatModel
NOTIC: D方法实例化没找到模型类admin\Model\ArticelModel

[ 2017-06-01T11:24:36+08:00 ] ::1 /blogtp/index.php/home/index/index.html
NOTIC: D方法实例化没找到模型类admin\Model\CatModel
NOTIC: D方法实例化没找到模型类admin\Model\ArticelModel

[ 2017-06-01T11:24:36+08:00 ] ::1 /blogtp/index.php/home/index/index.html
NOTIC: D方法实例化没找到模型类admin\Model\CatModel
NOTIC: D方法实例化没找到模型类admin\Model\ArticelModel

[ 2017-06-01T11:25:21+08:00 ] ::1 /blogtp/index.php/home/index/index.html
NOTIC: D方法实例化没找到模型类admin\Model\CatModel
NOTIC: D方法实例化没找到模型类admin\Model\ArticelModel

[ 2017-06-01T11:25:22+08:00 ] ::1 /blogtp/index.php/home/index/index.html
NOTIC: D方法实例化没找到模型类admin\Model\CatModel
NOTIC: D方法实例化没找到模型类admin\Model\ArticelModel

[ 2017-06-01T11:25:22+08:00 ] ::1 /blogtp/index.php/home/index/upload/fengmian/2017-06-01/thumb592f881c90a9a.jp
ERR: 非法操作:upload

[ 2017-06-01T11:25:23+08:00 ] ::1 /blogtp/index.php/home/index/index.html
NOTIC: D方法实例化没找到模型类admin\Model\CatModel
NOTIC: D方法实例化没找到模型类admin\Model\ArticelModel

[ 2017-06-01T11:25:23+08:00 ] ::1 /blogtp/index.php/home/index/upload/fengmian/2017-06-01/thumb592f881c90a9a.jp
ERR: 非法操作:upload

[ 2017-06-01T11:26:56+08:00 ] ::1 /blogtp/index.php/home/index/index.html
NOTIC: D方法实例化没找到模型类admin\Model\CatModel
NOTIC: D方法实例化没找到模型类admin\Model\ArticelModel

[ 2017-06-01T11:26:57+08:00 ] ::1 /blogtp/index.php/home/index/index.html
NOTIC: D方法实例化没找到模型类admin\Model\CatModel
NOTIC: D方法实例化没找到模型类admin\Model\ArticelModel

[ 2017-06-01T11:45:22+08:00 ] ::1 /blogtp/index.php/home/index/index.html
NOTIC: D方法实例化没找到模型类admin\Model\CatModel
NOTIC: D方法实例化没找到模型类admin\Model\ArticelModel

[ 2017-06-01T11:45:22+08:00 ] ::1 /blogtp/index.php/home/index/index.html
NOTIC: D方法实例化没找到模型类admin\Model\CatModel
NOTIC: D方法实例化没找到模型类admin\Model\ArticelModel

[ 2017-06-01T11:45:23+08:00 ] ::1 /blogtp/index.php/home/index/index.html
NOTIC: D方法实例化没找到模型类admin\Model\CatModel
NOTIC: D方法实例化没找到模型类admin\Model\ArticelModel

[ 2017-06-01T11:49:52+08:00 ] ::1 /blogtp/index.php/home/index/index.html
NOTIC: D方法实例化没找到模型类admin\Model\CatModel
NOTIC: D方法实例化没找到模型类admin\Model\ArticelModel

[ 2017-06-01T11:50:23+08:00 ] ::1 /blogtp/index.php/home/index/index.html
NOTIC: D方法实例化没找到模型类admin\Model\CatModel
NOTIC: D方法实例化没找到模型类admin\Model\ArticelModel

[ 2017-06-01T11:50:41+08:00 ] ::1 /blogtp/index.php/home/index/index.html
NOTIC: D方法实例化没找到模型类admin\Model\CatModel
NOTIC: D方法实例化没找到模型类admin\Model\ArticelModel

[ 2017-06-01T11:51:43+08:00 ] ::1 /blogtp/index.php/home/index/index.html
NOTIC: D方法实例化没找到模型类admin\Model\CatModel
NOTIC: D方法实例化没找到模型类admin\Model\ArticelModel

[ 2017-06-01T11:51:57+08:00 ] ::1 /blogtp/index.php/home/index/index.html
NOTIC: D方法实例化没找到模型类admin\Model\CatModel
NOTIC: D方法实例化没找到模型类admin\Model\ArticelModel

[ 2017-06-01T11:52:03+08:00 ] ::1 /blogtp/index.php/home/index/index.html
NOTIC: D方法实例化没找到模型类admin\Model\CatModel
NOTIC: D方法实例化没找到模型类admin\Model\ArticelModel

[ 2017-06-01T11:52:33+08:00 ] ::1 /blogtp/index.php/home/index/index.html
NOTIC: D方法实例化没找到模型类admin\Model\CatModel
NOTIC: D方法实例化没找到模型类admin\Model\ArticelModel

[ 2017-06-01T11:52:42+08:00 ] ::1 /blogtp/index.php/home/index/index.html
NOTIC: D方法实例化没找到模型类admin\Model\CatModel
NOTIC: D方法实例化没找到模型类admin\Model\ArticelModel

[ 2017-06-01T11:52:43+08:00 ] ::1 /blogtp/index.php/home/index/index.html
NOTIC: D方法实例化没找到模型类admin\Model\CatModel
NOTIC: D方法实例化没找到模型类admin\Model\ArticelModel

[ 2017-06-01T11:52:47+08:00 ] ::1 /blogtp/index.php/home/index/index.html
NOTIC: D方法实例化没找到模型类admin\Model\CatModel
NOTIC: D方法实例化没找到模型类admin\Model\ArticelModel

[ 2017-06-01T11:52:55+08:00 ] ::1 /blogtp/index.php/home/index/index.html
NOTIC: D方法实例化没找到模型类admin\Model\CatModel
NOTIC: D方法实例化没找到模型类admin\Model\ArticelModel

[ 2017-06-01T11:54:57+08:00 ] ::1 /blogtp/index.php/home/index/index.html
NOTIC: D方法实例化没找到模型类admin\Model\CatModel
NOTIC: D方法实例化没找到模型类admin\Model\ArticelModel

[ 2017-06-01T11:55:34+08:00 ] ::1 /blogtp/index.php/home/index/index.html
NOTIC: D方法实例化没找到模型类admin\Model\CatModel
NOTIC: D方法实例化没找到模型类admin\Model\ArticelModel

[ 2017-06-01T11:56:00+08:00 ] ::1 /blogtp/index.php/home/index/index.html
NOTIC: D方法实例化没找到模型类admin\Model\CatModel
NOTIC: D方法实例化没找到模型类admin\Model\ArticelModel

[ 2017-06-01T11:56:41+08:00 ] ::1 /blogtp/index.php/home/index/index.html
NOTIC: D方法实例化没找到模型类admin\Model\CatModel
NOTIC: D方法实例化没找到模型类admin\Model\ArticelModel

[ 2017-06-01T11:56:43+08:00 ] ::1 /blogtp/index.php/home/index/index.html
NOTIC: D方法实例化没找到模型类admin\Model\CatModel
NOTIC: D方法实例化没找到模型类admin\Model\ArticelModel

[ 2017-06-01T11:57:19+08:00 ] ::1 /blogtp/index.php/home/index/index.html
NOTIC: D方法实例化没找到模型类admin\Model\CatModel
NOTIC: D方法实例化没找到模型类admin\Model\ArticelModel

[ 2017-06-01T11:57:20+08:00 ] ::1 /blogtp/index.php/home/index/index.html
NOTIC: D方法实例化没找到模型类admin\Model\CatModel
NOTIC: D方法实例化没找到模型类admin\Model\ArticelModel

[ 2017-06-01T11:57:33+08:00 ] ::1 /blogtp/index.php/home/index/index.html
NOTIC: D方法实例化没找到模型类admin\Model\CatModel
NOTIC: D方法实例化没找到模型类admin\Model\ArticelModel

[ 2017-06-01T11:57:34+08:00 ] ::1 /blogtp/index.php/home/index/index.html
NOTIC: D方法实例化没找到模型类admin\Model\CatModel
NOTIC: D方法实例化没找到模型类admin\Model\ArticelModel

[ 2017-06-01T11:58:25+08:00 ] ::1 /blogtp/index.php/home/index/index.html
NOTIC: D方法实例化没找到模型类admin\Model\CatModel
NOTIC: D方法实例化没找到模型类admin\Model\ArticelModel

[ 2017-06-01T11:58:26+08:00 ] ::1 /blogtp/index.php/home/index/index.html
NOTIC: D方法实例化没找到模型类admin\Model\CatModel
NOTIC: D方法实例化没找到模型类admin\Model\ArticelModel

[ 2017-06-01T11:58:26+08:00 ] ::1 /blogtp/
NOTIC: D方法实例化没找到模型类admin\Model\CatModel
NOTIC: D方法实例化没找到模型类admin\Model\ArticelModel

[ 2017-06-01T11:58:30+08:00 ] ::1 /blogtp/
NOTIC: D方法实例化没找到模型类admin\Model\CatModel
NOTIC: D方法实例化没找到模型类admin\Model\ArticelModel

[ 2017-06-01T11:58:31+08:00 ] ::1 /blogtp/index.php/home/index/index.html
NOTIC: D方法实例化没找到模型类admin\Model\CatModel
NOTIC: D方法实例化没找到模型类admin\Model\ArticelModel

[ 2017-06-01T11:58:31+08:00 ] ::1 /blogtp/
NOTIC: D方法实例化没找到模型类admin\Model\CatModel
NOTIC: D方法实例化没找到模型类admin\Model\ArticelModel

[ 2017-06-01T11:58:47+08:00 ] ::1 /blogtp/index.php/home/index/index.html
NOTIC: D方法实例化没找到模型类admin\Model\CatModel
NOTIC: D方法实例化没找到模型类admin\Model\ArticelModel

[ 2017-06-01T11:58:47+08:00 ] ::1 /blogtp/
NOTIC: D方法实例化没找到模型类admin\Model\CatModel
NOTIC: D方法实例化没找到模型类admin\Model\ArticelModel

[ 2017-06-01T11:58:47+08:00 ] ::1 /blogtp/index.php/home/index/index.html
NOTIC: D方法实例化没找到模型类admin\Model\CatModel
NOTIC: D方法实例化没找到模型类admin\Model\ArticelModel

[ 2017-06-01T11:58:47+08:00 ] ::1 /blogtp/
NOTIC: D方法实例化没找到模型类admin\Model\CatModel
NOTIC: D方法实例化没找到模型类admin\Model\ArticelModel

[ 2017-06-01T11:58:55+08:00 ] ::1 /blogtp/index.php/home/index/index.html
NOTIC: D方法实例化没找到模型类admin\Model\CatModel
NOTIC: D方法实例化没找到模型类admin\Model\ArticelModel

[ 2017-06-01T11:58:55+08:00 ] ::1 /blogtp/
NOTIC: D方法实例化没找到模型类admin\Model\CatModel
NOTIC: D方法实例化没找到模型类admin\Model\ArticelModel

[ 2017-06-01T11:58:56+08:00 ] ::1 /blogtp/index.php/home/index/index.html
NOTIC: D方法实例化没找到模型类admin\Model\CatModel
NOTIC: D方法实例化没找到模型类admin\Model\ArticelModel

[ 2017-06-01T11:58:56+08:00 ] ::1 /blogtp/
NOTIC: D方法实例化没找到模型类admin\Model\CatModel
NOTIC: D方法实例化没找到模型类admin\Model\ArticelModel

[ 2017-06-01T11:59:07+08:00 ] ::1 /blogtp/index.php/home/index/index.html
NOTIC: D方法实例化没找到模型类admin\Model\CatModel
NOTIC: D方法实例化没找到模型类admin\Model\ArticelModel

[ 2017-06-01T11:59:07+08:00 ] ::1 /blogtp/
NOTIC: D方法实例化没找到模型类admin\Model\CatModel
NOTIC: D方法实例化没找到模型类admin\Model\ArticelModel

[ 2017-06-01T11:59:08+08:00 ] ::1 /blogtp/index.php/home/index/index.html
NOTIC: D方法实例化没找到模型类admin\Model\CatModel
NOTIC: D方法实例化没找到模型类admin\Model\ArticelModel

[ 2017-06-01T11:59:59+08:00 ] ::1 /blogtp/index.php/home/articel/artlist.html
NOTIC: D方法实例化没找到模型类admin\Model\CatModel
NOTIC: D方法实例化没找到模型类admin\Model\ArticelModel

[ 2017-06-01T12:00:08+08:00 ] ::1 /blogtp/index.php/home/articel/ziyuan.html
ERR: 非法操作:ziyuan

[ 2017-06-01T12:00:11+08:00 ] ::1 /blogtp/index.php/home/articel/me.html
ERR: 非法操作:me

[ 2017-06-01T12:00:13+08:00 ] ::1 /blogtp/index.php/home/index/index.html
NOTIC: D方法实例化没找到模型类admin\Model\CatModel
NOTIC: D方法实例化没找到模型类admin\Model\ArticelModel

[ 2017-06-01T12:00:20+08:00 ] ::1 /blogtp/index.php/home/index/index.html
NOTIC: D方法实例化没找到模型类admin\Model\CatModel
NOTIC: D方法实例化没找到模型类admin\Model\ArticelModel

[ 2017-06-01T12:00:20+08:00 ] ::1 /blogtp/index.php/home/index/index.html
NOTIC: D方法实例化没找到模型类admin\Model\CatModel
NOTIC: D方法实例化没找到模型类admin\Model\ArticelModel

[ 2017-06-01T12:01:08+08:00 ] ::1 /blogtp/index.php/home/index/index.html
NOTIC: D方法实例化没找到模型类admin\Model\CatModel
NOTIC: D方法实例化没找到模型类admin\Model\ArticelModel

[ 2017-06-01T12:01:08+08:00 ] ::1 /blogtp/index.php/home/index/index.html
NOTIC: D方法实例化没找到模型类admin\Model\CatModel
NOTIC: D方法实例化没找到模型类admin\Model\ArticelModel

[ 2017-06-01T12:01:09+08:00 ] ::1 /blogtp/index.php/home/articel/index.html
NOTIC: D方法实例化没找到模型类admin\Model\ArticelModel

[ 2017-06-01T12:01:13+08:00 ] ::1 /blogtp/index.php/home/articel/artlist.html
NOTIC: D方法实例化没找到模型类admin\Model\CatModel
NOTIC: D方法实例化没找到模型类admin\Model\ArticelModel

[ 2017-06-01T12:01:14+08:00 ] ::1 /blogtp/index.php/home/articel/index/art_id/28.html
NOTIC: D方法实例化没找到模型类admin\Model\ArticelModel

[ 2017-06-01T12:01:50+08:00 ] ::1 /blogtp/index.php/home/index/index.html
NOTIC: D方法实例化没找到模型类admin\Model\CatModel
NOTIC: D方法实例化没找到模型类admin\Model\ArticelModel

[ 2017-06-01T12:01:50+08:00 ] ::1 /blogtp/index.php/home/index/index.html
NOTIC: D方法实例化没找到模型类admin\Model\CatModel
NOTIC: D方法实例化没找到模型类admin\Model\ArticelModel

[ 2017-06-01T12:01:53+08:00 ] ::1 /blogtp/index.php/home/articel/index/art_id/28.html
NOTIC: D方法实例化没找到模型类admin\Model\ArticelModel

[ 2017-06-01T12:01:56+08:00 ] ::1 /blogtp/index.php/home/articel/index/art_id/27.html
NOTIC: D方法实例化没找到模型类admin\Model\ArticelModel

[ 2017-06-01T12:02:47+08:00 ] ::1 /blogtp/index.php/home/index/index.html
NOTIC: D方法实例化没找到模型类admin\Model\CatModel
NOTIC: D方法实例化没找到模型类admin\Model\ArticelModel

[ 2017-06-01T12:02:48+08:00 ] ::1 /blogtp/index.php/home/index/index.html
NOTIC: D方法实例化没找到模型类admin\Model\CatModel
NOTIC: D方法实例化没找到模型类admin\Model\ArticelModel

[ 2017-06-01T12:03:02+08:00 ] ::1 /blogtp/index.php/home/index/index.html
NOTIC: D方法实例化没找到模型类admin\Model\CatModel
NOTIC: D方法实例化没找到模型类admin\Model\ArticelModel

[ 2017-06-01T12:03:02+08:00 ] ::1 /blogtp/index.php/home/index/index.html
NOTIC: D方法实例化没找到模型类admin\Model\CatModel
NOTIC: D方法实例化没找到模型类admin\Model\ArticelModel

[ 2017-06-01T12:05:28+08:00 ] ::1 /blogtp/index.php/home/index/index.html
NOTIC: D方法实例化没找到模型类admin\Model\CatModel
NOTIC: D方法实例化没找到模型类admin\Model\ArticelModel

[ 2017-06-01T12:05:29+08:00 ] ::1 /blogtp/index.php/home/index/index.html
NOTIC: D方法实例化没找到模型类admin\Model\CatModel
NOTIC: D方法实例化没找到模型类admin\Model\ArticelModel

[ 2017-06-01T12:06:48+08:00 ] ::1 /blogtp/index.php/home/index/index.html
NOTIC: D方法实例化没找到模型类admin\Model\CatModel
NOTIC: D方法实例化没找到模型类admin\Model\ArticelModel

[ 2017-06-01T12:06:49+08:00 ] ::1 /blogtp/index.php/home/index/index.html
NOTIC: D方法实例化没找到模型类admin\Model\CatModel
NOTIC: D方法实例化没找到模型类admin\Model\ArticelModel

[ 2017-06-01T12:07:09+08:00 ] ::1 /blogtp/index.php/home/index/index.html
NOTIC: D方法实例化没找到模型类admin\Model\CatModel
NOTIC: D方法实例化没找到模型类admin\Model\ArticelModel

[ 2017-06-01T12:07:20+08:00 ] ::1 /blogtp/index.php/home/index/index.html
NOTIC: D方法实例化没找到模型类admin\Model\CatModel
NOTIC: D方法实例化没找到模型类admin\Model\ArticelModel

[ 2017-06-01T12:07:21+08:00 ] ::1 /blogtp/index.php/home/index/index.html
NOTIC: D方法实例化没找到模型类admin\Model\CatModel
NOTIC: D方法实例化没找到模型类admin\Model\ArticelModel

[ 2017-06-01T12:07:32+08:00 ] ::1 /blogtp/index.php/home/index/index.html
NOTIC: D方法实例化没找到模型类admin\Model\CatModel
NOTIC: D方法实例化没找到模型类admin\Model\ArticelModel

[ 2017-06-01T12:07:49+08:00 ] ::1 /blogtp/index.php/home/index/index.html
NOTIC: D方法实例化没找到模型类admin\Model\CatModel
NOTIC: D方法实例化没找到模型类admin\Model\ArticelModel

[ 2017-06-01T12:08:01+08:00 ] ::1 /blogtp/index.php/home/index/index.html
NOTIC: D方法实例化没找到模型类admin\Model\CatModel
NOTIC: D方法实例化没找到模型类admin\Model\ArticelModel

[ 2017-06-01T12:08:10+08:00 ] ::1 /blogtp/index.php/home/index/index.html
NOTIC: D方法实例化没找到模型类admin\Model\CatModel
NOTIC: D方法实例化没找到模型类admin\Model\ArticelModel

[ 2017-06-01T12:08:11+08:00 ] ::1 /blogtp/index.php/home/index/index.html
NOTIC: D方法实例化没找到模型类admin\Model\CatModel
NOTIC: D方法实例化没找到模型类admin\Model\ArticelModel

[ 2017-06-01T12:08:12+08:00 ] ::1 /blogtp/index.php/home/articel/artlist.html
NOTIC: D方法实例化没找到模型类admin\Model\CatModel
NOTIC: D方法实例化没找到模型类admin\Model\ArticelModel

[ 2017-06-01T12:08:21+08:00 ] ::1 /blogtp/index.php/home/index/index.html
NOTIC: D方法实例化没找到模型类admin\Model\CatModel
NOTIC: D方法实例化没找到模型类admin\Model\ArticelModel

[ 2017-06-01T12:09:00+08:00 ] ::1 /blogtp/index.php/home/index/index.html
NOTIC: D方法实例化没找到模型类admin\Model\CatModel
NOTIC: D方法实例化没找到模型类admin\Model\ArticelModel

[ 2017-06-01T12:09:01+08:00 ] ::1 /blogtp/index.php/home/index/index.html
NOTIC: D方法实例化没找到模型类admin\Model\CatModel
NOTIC: D方法实例化没找到模型类admin\Model\ArticelModel

[ 2017-06-01T12:09:18+08:00 ] ::1 /blogtp/index.php/home/index/index.html
NOTIC: D方法实例化没找到模型类admin\Model\CatModel
NOTIC: D方法实例化没找到模型类admin\Model\ArticelModel

[ 2017-06-01T12:09:22+08:00 ] ::1 /blogtp/index.php/home/index/index.html
NOTIC: D方法实例化没找到模型类admin\Model\CatModel
NOTIC: D方法实例化没找到模型类admin\Model\ArticelModel

[ 2017-06-01T12:09:28+08:00 ] ::1 /blogtp/index.php/home/index/index.html
NOTIC: D方法实例化没找到模型类admin\Model\CatModel
NOTIC: D方法实例化没找到模型类admin\Model\ArticelModel

[ 2017-06-01T12:09:29+08:00 ] ::1 /blogtp/index.php/home/index/index.html
NOTIC: D方法实例化没找到模型类admin\Model\CatModel
NOTIC: D方法实例化没找到模型类admin\Model\ArticelModel

[ 2017-06-01T12:09:37+08:00 ] ::1 /blogtp/index.php/home/articel/artlist.html
NOTIC: D方法实例化没找到模型类admin\Model\CatModel
NOTIC: D方法实例化没找到模型类admin\Model\ArticelModel

[ 2017-06-01T12:09:39+08:00 ] ::1 /blogtp/index.php/home/index/index.html
NOTIC: D方法实例化没找到模型类admin\Model\CatModel
NOTIC: D方法实例化没找到模型类admin\Model\ArticelModel

[ 2017-06-01T12:09:39+08:00 ] ::1 /blogtp/index.php/home/articel/artlist.html
NOTIC: D方法实例化没找到模型类admin\Model\CatModel
NOTIC: D方法实例化没找到模型类admin\Model\ArticelModel

[ 2017-06-01T12:12:14+08:00 ] ::1 /blogtp/index.php/home/index/index.html
NOTIC: D方法实例化没找到模型类admin\Model\CatModel
NOTIC: D方法实例化没找到模型类admin\Model\ArticelModel

[ 2017-06-01T12:12:14+08:00 ] ::1 /blogtp/index.php/home/index/ziyuan.html
ERR: 非法操作:ziyuan

[ 2017-06-01T18:27:59+08:00 ] ::1 /blogtp/index.php
NOTIC: D方法实例化没找到模型类admin\Model\CatModel
NOTIC: D方法实例化没找到模型类admin\Model\ArticelModel

[ 2017-06-01T18:28:01+08:00 ] ::1 /blogtp/index.php/home/articel/index/art_id/28.html
NOTIC: D方法实例化没找到模型类admin\Model\ArticelModel

[ 2017-06-01T18:29:29+08:00 ] ::1 /blogtp/index.php/home/articel/index/art_id/28.html
NOTIC: D方法实例化没找到模型类admin\Model\ArticelModel

[ 2017-06-01T18:30:02+08:00 ] ::1 /blogtp/index.php/home/articel/index/art_id/28.html
NOTIC: D方法实例化没找到模型类admin\Model\ArticelModel

[ 2017-06-01T18:30:48+08:00 ] ::1 /blogtp/index.php/home/articel/index/art_id/28.html
NOTIC: D方法实例化没找到模型类admin\Model\ArticelModel

[ 2017-06-01T18:30:52+08:00 ] ::1 /blogtp/index.php/home/articel/index/art_id/28.html
NOTIC: D方法实例化没找到模型类admin\Model\ArticelModel

[ 2017-06-01T18:30:53+08:00 ] ::1 /blogtp/index.php/home/articel/index/art_id/28.html
NOTIC: D方法实例化没找到模型类admin\Model\ArticelModel

[ 2017-06-01T18:30:53+08:00 ] ::1 /blogtp/index.php/home/articel/index/art_id/28.html
NOTIC: D方法实例化没找到模型类admin\Model\ArticelModel

[ 2017-06-01T18:30:53+08:00 ] ::1 /blogtp/index.php/home/articel/index/art_id/28.html
NOTIC: D方法实例化没找到模型类admin\Model\ArticelModel

[ 2017-06-01T18:31:10+08:00 ] ::1 /blogtp/index.php/home/articel/index/art_id/28.html
NOTIC: D方法实例化没找到模型类admin\Model\ArticelModel

[ 2017-06-01T18:31:54+08:00 ] ::1 /blogtp/index.php/home/articel/index/art_id/28.html
NOTIC: D方法实例化没找到模型类admin\Model\ArticelModel

[ 2017-06-01T18:31:54+08:00 ] ::1 /blogtp/index.php/home/articel/index/art_id/28.html
NOTIC: D方法实例化没找到模型类admin\Model\ArticelModel

[ 2017-06-01T18:32:07+08:00 ] ::1 /blogtp/index.php/home/articel/index/art_id/28.html
NOTIC: D方法实例化没找到模型类admin\Model\ArticelModel

[ 2017-06-01T18:32:32+08:00 ] ::1 /blogtp/index.php/home/articel/index/art_id/28.html
NOTIC: D方法实例化没找到模型类admin\Model\ArticelModel

[ 2017-06-01T18:32:32+08:00 ] ::1 /blogtp/index.php/home/articel/index/art_id/28.html
NOTIC: D方法实例化没找到模型类admin\Model\ArticelModel

[ 2017-06-01T18:33:03+08:00 ] ::1 /blogtp/index.php/home/articel/index/art_id/28.html
NOTIC: D方法实例化没找到模型类admin\Model\ArticelModel

[ 2017-06-01T18:33:20+08:00 ] ::1 /blogtp/index.php/home/articel/index/art_id/28.html
NOTIC: D方法实例化没找到模型类admin\Model\ArticelModel

[ 2017-06-01T18:33:50+08:00 ] ::1 /blogtp/index.php/home/articel/index/art_id/28.html
NOTIC: D方法实例化没找到模型类admin\Model\ArticelModel

[ 2017-06-01T18:33:50+08:00 ] ::1 /blogtp/index.php/home/articel/index/art_id/28.html
NOTIC: D方法实例化没找到模型类admin\Model\ArticelModel

[ 2017-06-01T18:34:07+08:00 ] ::1 /blogtp/index.php/home/articel/index/art_id/28.html
NOTIC: D方法实例化没找到模型类admin\Model\ArticelModel

[ 2017-06-01T18:35:12+08:00 ] ::1 /blogtp/index.php/home/articel/index/art_id/28.html
NOTIC: D方法实例化没找到模型类admin\Model\ArticelModel

[ 2017-06-01T18:35:13+08:00 ] ::1 /blogtp/index.php/home/articel/index/art_id/28.html
NOTIC: D方法实例化没找到模型类admin\Model\ArticelModel

[ 2017-06-01T18:35:13+08:00 ] ::1 /blogtp/index.php/home/articel/index/art_id/28.html
NOTIC: D方法实例化没找到模型类admin\Model\ArticelModel

[ 2017-06-01T18:35:44+08:00 ] ::1 /blogtp/index.php/home/articel/index/art_id/28.html
NOTIC: D方法实例化没找到模型类admin\Model\ArticelModel

[ 2017-06-01T18:36:20+08:00 ] ::1 /blogtp/index.php/home/articel/index/art_id/28.html
NOTIC: D方法实例化没找到模型类admin\Model\ArticelModel

[ 2017-06-01T18:36:30+08:00 ] ::1 /blogtp/index.php/home/articel/index/art_id/28.html
NOTIC: D方法实例化没找到模型类admin\Model\ArticelModel

[ 2017-06-01T18:36:30+08:00 ] ::1 /blogtp/index.php/home/articel/index/art_id/28.html
NOTIC: D方法实例化没找到模型类admin\Model\ArticelModel

[ 2017-06-01T18:36:31+08:00 ] ::1 /blogtp/index.php/home/articel/index/art_id/28.html
NOTIC: D方法实例化没找到模型类admin\Model\ArticelModel

[ 2017-06-01T18:36:31+08:00 ] ::1 /blogtp/index.php/home/articel/index/art_id/28.html
NOTIC: D方法实例化没找到模型类admin\Model\ArticelModel

[ 2017-06-01T18:36:31+08:00 ] ::1 /blogtp/index.php/home/articel/index/art_id/28.html
NOTIC: D方法实例化没找到模型类admin\Model\ArticelModel

[ 2017-06-01T18:36:31+08:00 ] ::1 /blogtp/index.php/home/articel/index/art_id/28.html
NOTIC: D方法实例化没找到模型类admin\Model\ArticelModel

[ 2017-06-01T18:36:32+08:00 ] ::1 /blogtp/index.php/home/articel/index/art_id/28.html
NOTIC: D方法实例化没找到模型类admin\Model\ArticelModel

[ 2017-06-01T18:36:38+08:00 ] ::1 /blogtp/index.php/home/articel/index/art_id/28.html
NOTIC: D方法实例化没找到模型类admin\Model\ArticelModel

[ 2017-06-01T18:36:38+08:00 ] ::1 /blogtp/index.php/home/articel/index/art_id/28.html
NOTIC: D方法实例化没找到模型类admin\Model\ArticelModel

[ 2017-06-01T18:36:46+08:00 ] ::1 /blogtp/index.php/home/articel/index/art_id/28.html
NOTIC: D方法实例化没找到模型类admin\Model\ArticelModel

[ 2017-06-01T18:36:57+08:00 ] ::1 /blogtp/index.php/home/articel/index/art_id/28.html
NOTIC: D方法实例化没找到模型类admin\Model\ArticelModel

[ 2017-06-01T18:37:03+08:00 ] ::1 /blogtp/index.php/home/articel/index/art_id/28.html
NOTIC: D方法实例化没找到模型类admin\Model\ArticelModel

[ 2017-06-01T18:37:09+08:00 ] ::1 /blogtp/index.php/home/articel/index/art_id/28.html
NOTIC: D方法实例化没找到模型类admin\Model\ArticelModel

[ 2017-06-01T18:37:22+08:00 ] ::1 /blogtp/index.php/home/articel/index/art_id/28.html
NOTIC: D方法实例化没找到模型类admin\Model\ArticelModel

[ 2017-06-01T18:38:22+08:00 ] ::1 /blogtp/index.php/home/articel/index/art_id/28.html
NOTIC: D方法实例化没找到模型类admin\Model\ArticelModel

[ 2017-06-01T18:38:47+08:00 ] ::1 /blogtp/index.php/home/articel/index/art_id/28.html
NOTIC: D方法实例化没找到模型类admin\Model\ArticelModel

[ 2017-06-01T18:38:58+08:00 ] ::1 /blogtp/index.php/home/articel/artlist.html
NOTIC: D方法实例化没找到模型类admin\Model\CatModel
NOTIC: D方法实例化没找到模型类admin\Model\ArticelModel

[ 2017-06-01T18:38:59+08:00 ] ::1 /blogtp/index.php/home/articel/index/art_id/28.html
NOTIC: D方法实例化没找到模型类admin\Model\ArticelModel

[ 2017-06-01T18:39:01+08:00 ] ::1 /blogtp/index.php/home/articel/index/art_id/27.html
NOTIC: D方法实例化没找到模型类admin\Model\ArticelModel

[ 2017-06-01T18:39:02+08:00 ] ::1 /blogtp/index.php/home/articel/artlist.html
NOTIC: D方法实例化没找到模型类admin\Model\CatModel
NOTIC: D方法实例化没找到模型类admin\Model\ArticelModel

[ 2017-06-01T18:39:03+08:00 ] ::1 /blogtp/index.php/home/articel/index/art_id/28.html
NOTIC: D方法实例化没找到模型类admin\Model\ArticelModel

[ 2017-06-01T18:39:05+08:00 ] ::1 /blogtp/index.php/home/articel/artlist.html
NOTIC: D方法实例化没找到模型类admin\Model\CatModel
NOTIC: D方法实例化没找到模型类admin\Model\ArticelModel

[ 2017-06-01T18:39:06+08:00 ] ::1 /blogtp/index.php/home/articel/index/art_id/27.html
NOTIC: D方法实例化没找到模型类admin\Model\ArticelModel

[ 2017-06-01T18:39:08+08:00 ] ::1 /blogtp/index.php/home/articel/artlist.html
NOTIC: D方法实例化没找到模型类admin\Model\CatModel
NOTIC: D方法实例化没找到模型类admin\Model\ArticelModel

[ 2017-06-01T18:39:08+08:00 ] ::1 /blogtp/index.php/home/index/index.html
NOTIC: D方法实例化没找到模型类admin\Model\CatModel
NOTIC: D方法实例化没找到模型类admin\Model\ArticelModel

[ 2017-06-01T18:39:36+08:00 ] ::1 /blogtp/index.php/home/articel/artlist.html
NOTIC: D方法实例化没找到模型类admin\Model\CatModel
NOTIC: D方法实例化没找到模型类admin\Model\ArticelModel

[ 2017-06-01T18:39:42+08:00 ] ::1 /blogtp/index.php/home/articel/ziyuan.html
ERR: 非法操作:ziyuan

[ 2017-06-01T18:39:53+08:00 ] ::1 /blogtp/index.php/home/index/index.html
NOTIC: D方法实例化没找到模型类admin\Model\CatModel
NOTIC: D方法实例化没找到模型类admin\Model\ArticelModel

[ 2017-06-01T18:43:50+08:00 ] ::1 /blogtp/index.php/home/articel/index/art_id/28.html
NOTIC: D方法实例化没找到模型类admin\Model\ArticelModel

