[ 2017-05-31T21:32:16+08:00 ] ::1 /blogtp/index.php/home/articel/artlist.html
NOTIC: D方法实例化没找到模型类admin\Model\CatModel
NOTIC: D方法实例化没找到模型类admin\Model\ArticelModel

[ 2017-05-31T21:32:17+08:00 ] ::1 /blogtp/index.php/home/articel/index/art_id/12.html
NOTIC: D方法实例化没找到模型类admin\Model\ArticelModel

[ 2017-05-31T21:32:18+08:00 ] ::1 /blogtp/index.php/home/articel/artlist.html
NOTIC: D方法实例化没找到模型类admin\Model\CatModel
NOTIC: D方法实例化没找到模型类admin\Model\ArticelModel

[ 2017-05-31T21:32:19+08:00 ] ::1 /blogtp/index.php/home/articel/index/art_id/16.html
NOTIC: D方法实例化没找到模型类admin\Model\ArticelModel

[ 2017-05-31T21:32:20+08:00 ] ::1 /blogtp/index.php/home/articel/artlist.html
NOTIC: D方法实例化没找到模型类admin\Model\CatModel
NOTIC: D方法实例化没找到模型类admin\Model\ArticelModel

[ 2017-05-31T21:32:22+08:00 ] ::1 /blogtp/index.php/home/articel/index/art_id/17.html
NOTIC: D方法实例化没找到模型类admin\Model\ArticelModel

[ 2017-05-31T21:32:24+08:00 ] ::1 /blogtp/index.php/home/articel/artlist.html
NOTIC: D方法实例化没找到模型类admin\Model\CatModel
NOTIC: D方法实例化没找到模型类admin\Model\ArticelModel

[ 2017-05-31T21:34:24+08:00 ] ::1 /blogtp/index.php/home/articel/artlist.html
NOTIC: D方法实例化没找到模型类admin\Model\CatModel
NOTIC: D方法实例化没找到模型类admin\Model\ArticelModel
ERR: Think\Model:onder方法不存在！

[ 2017-05-31T21:34:45+08:00 ] ::1 /blogtp/index.php/home/articel/artlist.html
NOTIC: D方法实例化没找到模型类admin\Model\CatModel
NOTIC: D方法实例化没找到模型类admin\Model\ArticelModel
ERR: 1054:Unknown column 'art.art_id' in 'order clause'
 [ SQL语句 ] : SELECT articel.art_id,articel.art_name,cat.cat_name,articel.pinglun,articel.art_time FROM `articel` left join cat on articel.cat_id = cat.cat_id  ORDER BY art.art_id desc 

[ 2017-05-31T21:34:45+08:00 ] ::1 /blogtp/index.php/home/articel/artlist.html
NOTIC: D方法实例化没找到模型类admin\Model\CatModel
NOTIC: D方法实例化没找到模型类admin\Model\ArticelModel
ERR: 1054:Unknown column 'art.art_id' in 'order clause'
 [ SQL语句 ] : SELECT articel.art_id,articel.art_name,cat.cat_name,articel.pinglun,articel.art_time FROM `articel` left join cat on articel.cat_id = cat.cat_id  ORDER BY art.art_id desc 

[ 2017-05-31T21:34:56+08:00 ] ::1 /blogtp/index.php/home/articel/artlist.html
NOTIC: D方法实例化没找到模型类admin\Model\CatModel
NOTIC: D方法实例化没找到模型类admin\Model\ArticelModel

[ 2017-05-31T21:34:58+08:00 ] ::1 /blogtp/index.php/home/articel/artlist.html
NOTIC: D方法实例化没找到模型类admin\Model\CatModel
NOTIC: D方法实例化没找到模型类admin\Model\ArticelModel

[ 2017-05-31T21:35:35+08:00 ] ::1 /blogtp/index.php/home/articel/artlist.html
NOTIC: D方法实例化没找到模型类admin\Model\CatModel
NOTIC: D方法实例化没找到模型类admin\Model\ArticelModel

[ 2017-05-31T21:35:36+08:00 ] ::1 /blogtp/index.php/home/articel/index/art_id/18.html
NOTIC: D方法实例化没找到模型类admin\Model\ArticelModel

[ 2017-05-31T21:36:01+08:00 ] ::1 /blogtp/index.php/home/articel/index/art_id/18.html
NOTIC: D方法实例化没找到模型类admin\Model\ArticelModel

[ 2017-05-31T21:36:02+08:00 ] ::1 /blogtp/index.php/home/articel/artlist.html
NOTIC: D方法实例化没找到模型类admin\Model\CatModel
NOTIC: D方法实例化没找到模型类admin\Model\ArticelModel

[ 2017-05-31T21:36:03+08:00 ] ::1 /blogtp/index.php/home/articel/index/art_id/19.html
NOTIC: D方法实例化没找到模型类admin\Model\ArticelModel

