[ 2017-05-05T14:46:29+08:00 ] ::1 /shop/index.php
INFO: [ app_init ] --START--
INFO: Run Behavior\BuildLiteBehavior [ RunTime:0.000013s ]
INFO: [ app_init ] --END-- [ RunTime:0.001629s ]
INFO: [ app_begin ] --START--
INFO: Run Behavior\ReadHtmlCacheBehavior [ RunTime:0.000981s ]
INFO: [ app_begin ] --END-- [ RunTime:0.001032s ]
SQL: SHOW COLUMNS FROM `cat` [ RunTime:0.0101s ]
SQL: SELECT * FROM `cat`  [ RunTime:0.0014s ]
SQL: SELECT * FROM `cat`  [ RunTime:0.0003s ]
SQL: SELECT * FROM `cat`  [ RunTime:0.0003s ]
SQL: SELECT * FROM `cat`  [ RunTime:0.0003s ]
SQL: SELECT * FROM `cat`  [ RunTime:0.0003s ]
SQL: SELECT * FROM `cat`  [ RunTime:0.0003s ]
SQL: SELECT * FROM `cat`  [ RunTime:0.0002s ]
SQL: SELECT * FROM `cat`  [ RunTime:0.0002s ]
SQL: SELECT * FROM `cat`  [ RunTime:0.0002s ]
SQL: SELECT * FROM `cat`  [ RunTime:0.0002s ]
SQL: SELECT * FROM `cat`  [ RunTime:0.0002s ]
SQL: SELECT * FROM `cat`  [ RunTime:0.0002s ]
SQL: SELECT * FROM `cat`  [ RunTime:0.0002s ]
SQL: SELECT * FROM `cat`  [ RunTime:0.0002s ]
SQL: SELECT * FROM `cat`  [ RunTime:0.0002s ]
SQL: SELECT * FROM `cat`  [ RunTime:0.0003s ]
SQL: SHOW COLUMNS FROM `goods` [ RunTime:0.0025s ]
SQL: SELECT `goods_id`,`goods_name`,`market_price`,`goods_img`,`is_hot`,`shop_price` FROM `goods` WHERE ( is_hot=1 ) ORDER BY goods_id desc LIMIT 0,4   [ RunTime:0.0028s ]
INFO: [ view_parse ] --START--
INFO: [ template_filter ] --START--
INFO: Run Behavior\ContentReplaceBehavior [ RunTime:0.000918s ]
INFO: [ template_filter ] --END-- [ RunTime:0.000966s ]
NOTIC: [8] Use of undefined constant cat_id - assumed 'cat_id' D:\AppServ\www\shop\Runtime\Cache\Home\2f412aae274b751dca883838bf7e7502.php 第 88 行.
NOTIC: [8] Use of undefined constant parent_id - assumed 'parent_id' D:\AppServ\www\shop\Runtime\Cache\Home\2f412aae274b751dca883838bf7e7502.php 第 88 行.
NOTIC: [8] Use of undefined constant cat_id - assumed 'cat_id' D:\AppServ\www\shop\Runtime\Cache\Home\2f412aae274b751dca883838bf7e7502.php 第 88 行.
NOTIC: [8] Use of undefined constant parent_id - assumed 'parent_id' D:\AppServ\www\shop\Runtime\Cache\Home\2f412aae274b751dca883838bf7e7502.php 第 88 行.
NOTIC: [8] Use of undefined constant cat_id - assumed 'cat_id' D:\AppServ\www\shop\Runtime\Cache\Home\2f412aae274b751dca883838bf7e7502.php 第 88 行.
NOTIC: [8] Use of undefined constant cat_id - assumed 'cat_id' D:\AppServ\www\shop\Runtime\Cache\Home\2f412aae274b751dca883838bf7e7502.php 第 88 行.
NOTIC: [8] Use of undefined constant parent_id - assumed 'parent_id' D:\AppServ\www\shop\Runtime\Cache\Home\2f412aae274b751dca883838bf7e7502.php 第 88 行.
NOTIC: [8] Use of undefined constant cat_id - assumed 'cat_id' D:\AppServ\www\shop\Runtime\Cache\Home\2f412aae274b751dca883838bf7e7502.php 第 88 行.
NOTIC: [8] Use of undefined constant cat_id - assumed 'cat_id' D:\AppServ\www\shop\Runtime\Cache\Home\2f412aae274b751dca883838bf7e7502.php 第 88 行.
NOTIC: [8] Use of undefined constant parent_id - assumed 'parent_id' D:\AppServ\www\shop\Runtime\Cache\Home\2f412aae274b751dca883838bf7e7502.php 第 88 行.
NOTIC: [8] Use of undefined constant cat_id - assumed 'cat_id' D:\AppServ\www\shop\Runtime\Cache\Home\2f412aae274b751dca883838bf7e7502.php 第 88 行.
NOTIC: [8] Use of undefined constant cat_id - assumed 'cat_id' D:\AppServ\www\shop\Runtime\Cache\Home\2f412aae274b751dca883838bf7e7502.php 第 88 行.
NOTIC: [8] Use of undefined constant parent_id - assumed 'parent_id' D:\AppServ\www\shop\Runtime\Cache\Home\2f412aae274b751dca883838bf7e7502.php 第 88 行.
NOTIC: [8] Use of undefined constant cat_id - assumed 'cat_id' D:\AppServ\www\shop\Runtime\Cache\Home\2f412aae274b751dca883838bf7e7502.php 第 88 行.
NOTIC: [8] Use of undefined constant parent_id - assumed 'parent_id' D:\AppServ\www\shop\Runtime\Cache\Home\2f412aae274b751dca883838bf7e7502.php 第 88 行.
NOTIC: [8] Use of undefined constant cat_id - assumed 'cat_id' D:\AppServ\www\shop\Runtime\Cache\Home\2f412aae274b751dca883838bf7e7502.php 第 88 行.
NOTIC: [8] Use of undefined constant cat_id - assumed 'cat_id' D:\AppServ\www\shop\Runtime\Cache\Home\2f412aae274b751dca883838bf7e7502.php 第 88 行.
NOTIC: [8] Use of undefined constant parent_id - assumed 'parent_id' D:\AppServ\www\shop\Runtime\Cache\Home\2f412aae274b751dca883838bf7e7502.php 第 88 行.
NOTIC: [8] Use of undefined constant cat_id - assumed 'cat_id' D:\AppServ\www\shop\Runtime\Cache\Home\2f412aae274b751dca883838bf7e7502.php 第 88 行.
NOTIC: [8] Use of undefined constant parent_id - assumed 'parent_id' D:\AppServ\www\shop\Runtime\Cache\Home\2f412aae274b751dca883838bf7e7502.php 第 88 行.
NOTIC: [8] Use of undefined constant cat_id - assumed 'cat_id' D:\AppServ\www\shop\Runtime\Cache\Home\2f412aae274b751dca883838bf7e7502.php 第 88 行.
NOTIC: [8] Use of undefined constant parent_id - assumed 'parent_id' D:\AppServ\www\shop\Runtime\Cache\Home\2f412aae274b751dca883838bf7e7502.php 第 88 行.
NOTIC: [8] Use of undefined constant cat_id - assumed 'cat_id' D:\AppServ\www\shop\Runtime\Cache\Home\2f412aae274b751dca883838bf7e7502.php 第 88 行.
NOTIC: [8] Use of undefined constant parent_id - assumed 'parent_id' D:\AppServ\www\shop\Runtime\Cache\Home\2f412aae274b751dca883838bf7e7502.php 第 88 行.
NOTIC: [8] Use of undefined constant cat_id - assumed 'cat_id' D:\AppServ\www\shop\Runtime\Cache\Home\2f412aae274b751dca883838bf7e7502.php 第 88 行.
NOTIC: [8] Use of undefined constant parent_id - assumed 'parent_id' D:\AppServ\www\shop\Runtime\Cache\Home\2f412aae274b751dca883838bf7e7502.php 第 88 行.
NOTIC: [8] Use of undefined constant cat_id - assumed 'cat_id' D:\AppServ\www\shop\Runtime\Cache\Home\2f412aae274b751dca883838bf7e7502.php 第 88 行.
NOTIC: [8] Use of undefined constant parent_id - assumed 'parent_id' D:\AppServ\www\shop\Runtime\Cache\Home\2f412aae274b751dca883838bf7e7502.php 第 88 行.
NOTIC: [8] Use of undefined constant cat_id - assumed 'cat_id' D:\AppServ\www\shop\Runtime\Cache\Home\2f412aae274b751dca883838bf7e7502.php 第 88 行.
NOTIC: [8] Use of undefined constant parent_id - assumed 'parent_id' D:\AppServ\www\shop\Runtime\Cache\Home\2f412aae274b751dca883838bf7e7502.php 第 88 行.
NOTIC: [8] Use of undefined constant cat_id - assumed 'cat_id' D:\AppServ\www\shop\Runtime\Cache\Home\2f412aae274b751dca883838bf7e7502.php 第 88 行.
NOTIC: [8] Use of undefined constant parent_id - assumed 'parent_id' D:\AppServ\www\shop\Runtime\Cache\Home\2f412aae274b751dca883838bf7e7502.php 第 88 行.
NOTIC: [8] Use of undefined constant cat_id - assumed 'cat_id' D:\AppServ\www\shop\Runtime\Cache\Home\2f412aae274b751dca883838bf7e7502.php 第 88 行.
NOTIC: [8] Use of undefined constant parent_id - assumed 'parent_id' D:\AppServ\www\shop\Runtime\Cache\Home\2f412aae274b751dca883838bf7e7502.php 第 88 行.
NOTIC: [8] Use of undefined constant cat_id - assumed 'cat_id' D:\AppServ\www\shop\Runtime\Cache\Home\2f412aae274b751dca883838bf7e7502.php 第 88 行.
NOTIC: [8] Use of undefined constant parent_id - assumed 'parent_id' D:\AppServ\www\shop\Runtime\Cache\Home\2f412aae274b751dca883838bf7e7502.php 第 88 行.
NOTIC: [8] Use of undefined constant cat_id - assumed 'cat_id' D:\AppServ\www\shop\Runtime\Cache\Home\2f412aae274b751dca883838bf7e7502.php 第 88 行.
NOTIC: [8] Use of undefined constant parent_id - assumed 'parent_id' D:\AppServ\www\shop\Runtime\Cache\Home\2f412aae274b751dca883838bf7e7502.php 第 88 行.
NOTIC: [8] Use of undefined constant cat_id - assumed 'cat_id' D:\AppServ\www\shop\Runtime\Cache\Home\2f412aae274b751dca883838bf7e7502.php 第 88 行.
NOTIC: [8] Use of undefined constant parent_id - assumed 'parent_id' D:\AppServ\www\shop\Runtime\Cache\Home\2f412aae274b751dca883838bf7e7502.php 第 88 行.
NOTIC: [8] Use of undefined constant cat_id - assumed 'cat_id' D:\AppServ\www\shop\Runtime\Cache\Home\2f412aae274b751dca883838bf7e7502.php 第 88 行.
NOTIC: [8] Use of undefined constant parent_id - assumed 'parent_id' D:\AppServ\www\shop\Runtime\Cache\Home\2f412aae274b751dca883838bf7e7502.php 第 88 行.
NOTIC: [8] Use of undefined constant cat_id - assumed 'cat_id' D:\AppServ\www\shop\Runtime\Cache\Home\2f412aae274b751dca883838bf7e7502.php 第 88 行.
NOTIC: [8] Use of undefined constant parent_id - assumed 'parent_id' D:\AppServ\www\shop\Runtime\Cache\Home\2f412aae274b751dca883838bf7e7502.php 第 88 行.
NOTIC: [8] Use of undefined constant cat_id - assumed 'cat_id' D:\AppServ\www\shop\Runtime\Cache\Home\2f412aae274b751dca883838bf7e7502.php 第 88 行.
NOTIC: [8] Use of undefined constant parent_id - assumed 'parent_id' D:\AppServ\www\shop\Runtime\Cache\Home\2f412aae274b751dca883838bf7e7502.php 第 88 行.
NOTIC: [8] Use of undefined constant cat_id - assumed 'cat_id' D:\AppServ\www\shop\Runtime\Cache\Home\2f412aae274b751dca883838bf7e7502.php 第 88 行.
NOTIC: [8] Use of undefined constant parent_id - assumed 'parent_id' D:\AppServ\www\shop\Runtime\Cache\Home\2f412aae274b751dca883838bf7e7502.php 第 88 行.
NOTIC: [8] Use of undefined constant cat_id - assumed 'cat_id' D:\AppServ\www\shop\Runtime\Cache\Home\2f412aae274b751dca883838bf7e7502.php 第 88 行.
NOTIC: [8] Use of undefined constant parent_id - assumed 'parent_id' D:\AppServ\www\shop\Runtime\Cache\Home\2f412aae274b751dca883838bf7e7502.php 第 88 行.
NOTIC: [8] Use of undefined constant cat_id - assumed 'cat_id' D:\AppServ\www\shop\Runtime\Cache\Home\2f412aae274b751dca883838bf7e7502.php 第 88 行.
NOTIC: [8] Use of undefined constant cat_id - assumed 'cat_id' D:\AppServ\www\shop\Runtime\Cache\Home\2f412aae274b751dca883838bf7e7502.php 第 88 行.
NOTIC: [8] Use of undefined constant parent_id - assumed 'parent_id' D:\AppServ\www\shop\Runtime\Cache\Home\2f412aae274b751dca883838bf7e7502.php 第 88 行.
NOTIC: [8] Use of undefined constant cat_id - assumed 'cat_id' D:\AppServ\www\shop\Runtime\Cache\Home\2f412aae274b751dca883838bf7e7502.php 第 88 行.
NOTIC: [8] Use of undefined constant cat_id - assumed 'cat_id' D:\AppServ\www\shop\Runtime\Cache\Home\2f412aae274b751dca883838bf7e7502.php 第 88 行.
NOTIC: [8] Use of undefined constant parent_id - assumed 'parent_id' D:\AppServ\www\shop\Runtime\Cache\Home\2f412aae274b751dca883838bf7e7502.php 第 88 行.
NOTIC: [8] Use of undefined constant cat_id - assumed 'cat_id' D:\AppServ\www\shop\Runtime\Cache\Home\2f412aae274b751dca883838bf7e7502.php 第 88 行.
NOTIC: [8] Use of undefined constant cat_id - assumed 'cat_id' D:\AppServ\www\shop\Runtime\Cache\Home\2f412aae274b751dca883838bf7e7502.php 第 88 行.
NOTIC: [8] Use of undefined constant parent_id - assumed 'parent_id' D:\AppServ\www\shop\Runtime\Cache\Home\2f412aae274b751dca883838bf7e7502.php 第 88 行.
NOTIC: [8] Use of undefined constant cat_id - assumed 'cat_id' D:\AppServ\www\shop\Runtime\Cache\Home\2f412aae274b751dca883838bf7e7502.php 第 88 行.
NOTIC: [8] Use of undefined constant parent_id - assumed 'parent_id' D:\AppServ\www\shop\Runtime\Cache\Home\2f412aae274b751dca883838bf7e7502.php 第 88 行.
NOTIC: [8] Use of undefined constant cat_id - assumed 'cat_id' D:\AppServ\www\shop\Runtime\Cache\Home\2f412aae274b751dca883838bf7e7502.php 第 88 行.
NOTIC: [8] Use of undefined constant parent_id - assumed 'parent_id' D:\AppServ\www\shop\Runtime\Cache\Home\2f412aae274b751dca883838bf7e7502.php 第 88 行.
NOTIC: [8] Use of undefined constant cat_id - assumed 'cat_id' D:\AppServ\www\shop\Runtime\Cache\Home\2f412aae274b751dca883838bf7e7502.php 第 88 行.
NOTIC: [8] Use of undefined constant parent_id - assumed 'parent_id' D:\AppServ\www\shop\Runtime\Cache\Home\2f412aae274b751dca883838bf7e7502.php 第 88 行.
NOTIC: [8] Use of undefined constant cat_id - assumed 'cat_id' D:\AppServ\www\shop\Runtime\Cache\Home\2f412aae274b751dca883838bf7e7502.php 第 88 行.
NOTIC: [8] Use of undefined constant parent_id - assumed 'parent_id' D:\AppServ\www\shop\Runtime\Cache\Home\2f412aae274b751dca883838bf7e7502.php 第 88 行.
NOTIC: [8] Use of undefined constant cat_id - assumed 'cat_id' D:\AppServ\www\shop\Runtime\Cache\Home\2f412aae274b751dca883838bf7e7502.php 第 88 行.
NOTIC: [8] Use of undefined constant parent_id - assumed 'parent_id' D:\AppServ\www\shop\Runtime\Cache\Home\2f412aae274b751dca883838bf7e7502.php 第 88 行.
NOTIC: [8] Use of undefined constant cat_id - assumed 'cat_id' D:\AppServ\www\shop\Runtime\Cache\Home\2f412aae274b751dca883838bf7e7502.php 第 88 行.
NOTIC: [8] Use of undefined constant parent_id - assumed 'parent_id' D:\AppServ\www\shop\Runtime\Cache\Home\2f412aae274b751dca883838bf7e7502.php 第 88 行.
NOTIC: [8] Use of undefined constant cat_id - assumed 'cat_id' D:\AppServ\www\shop\Runtime\Cache\Home\2f412aae274b751dca883838bf7e7502.php 第 88 行.
NOTIC: [8] Use of undefined constant parent_id - assumed 'parent_id' D:\AppServ\www\shop\Runtime\Cache\Home\2f412aae274b751dca883838bf7e7502.php 第 88 行.
NOTIC: [8] Use of undefined constant cat_id - assumed 'cat_id' D:\AppServ\www\shop\Runtime\Cache\Home\2f412aae274b751dca883838bf7e7502.php 第 88 行.
NOTIC: [8] Use of undefined constant parent_id - assumed 'parent_id' D:\AppServ\www\shop\Runtime\Cache\Home\2f412aae274b751dca883838bf7e7502.php 第 88 行.
NOTIC: [8] Use of undefined constant cat_id - assumed 'cat_id' D:\AppServ\www\shop\Runtime\Cache\Home\2f412aae274b751dca883838bf7e7502.php 第 88 行.
NOTIC: [8] Use of undefined constant parent_id - assumed 'parent_id' D:\AppServ\www\shop\Runtime\Cache\Home\2f412aae274b751dca883838bf7e7502.php 第 88 行.
NOTIC: [8] Use of undefined constant cat_id - assumed 'cat_id' D:\AppServ\www\shop\Runtime\Cache\Home\2f412aae274b751dca883838bf7e7502.php 第 88 行.
NOTIC: [8] Use of undefined constant parent_id - assumed 'parent_id' D:\AppServ\www\shop\Runtime\Cache\Home\2f412aae274b751dca883838bf7e7502.php 第 88 行.
NOTIC: [8] Use of undefined constant cat_id - assumed 'cat_id' D:\AppServ\www\shop\Runtime\Cache\Home\2f412aae274b751dca883838bf7e7502.php 第 88 行.
NOTIC: [8] Use of undefined constant parent_id - assumed 'parent_id' D:\AppServ\www\shop\Runtime\Cache\Home\2f412aae274b751dca883838bf7e7502.php 第 88 行.
NOTIC: [8] Use of undefined constant cat_id - assumed 'cat_id' D:\AppServ\www\shop\Runtime\Cache\Home\2f412aae274b751dca883838bf7e7502.php 第 88 行.
NOTIC: [8] Use of undefined constant parent_id - assumed 'parent_id' D:\AppServ\www\shop\Runtime\Cache\Home\2f412aae274b751dca883838bf7e7502.php 第 88 行.
NOTIC: [8] Use of undefined constant cat_id - assumed 'cat_id' D:\AppServ\www\shop\Runtime\Cache\Home\2f412aae274b751dca883838bf7e7502.php 第 88 行.
NOTIC: [8] Use of undefined constant parent_id - assumed 'parent_id' D:\AppServ\www\shop\Runtime\Cache\Home\2f412aae274b751dca883838bf7e7502.php 第 88 行.
NOTIC: [8] Use of undefined constant cat_id - assumed 'cat_id' D:\AppServ\www\shop\Runtime\Cache\Home\2f412aae274b751dca883838bf7e7502.php 第 88 行.
NOTIC: [8] Use of undefined constant parent_id - assumed 'parent_id' D:\AppServ\www\shop\Runtime\Cache\Home\2f412aae274b751dca883838bf7e7502.php 第 88 行.
NOTIC: [8] Use of undefined constant cat_id - assumed 'cat_id' D:\AppServ\www\shop\Runtime\Cache\Home\2f412aae274b751dca883838bf7e7502.php 第 88 行.
NOTIC: [8] Use of undefined constant parent_id - assumed 'parent_id' D:\AppServ\www\shop\Runtime\Cache\Home\2f412aae274b751dca883838bf7e7502.php 第 88 行.
NOTIC: [8] Use of undefined constant cat_id - assumed 'cat_id' D:\AppServ\www\shop\Runtime\Cache\Home\2f412aae274b751dca883838bf7e7502.php 第 88 行.
NOTIC: [8] Use of undefined constant parent_id - assumed 'parent_id' D:\AppServ\www\shop\Runtime\Cache\Home\2f412aae274b751dca883838bf7e7502.php 第 88 行.
NOTIC: [8] Use of undefined constant cat_id - assumed 'cat_id' D:\AppServ\www\shop\Runtime\Cache\Home\2f412aae274b751dca883838bf7e7502.php 第 88 行.
NOTIC: [8] Use of undefined constant cat_id - assumed 'cat_id' D:\AppServ\www\shop\Runtime\Cache\Home\2f412aae274b751dca883838bf7e7502.php 第 88 行.
NOTIC: [8] Use of undefined constant parent_id - assumed 'parent_id' D:\AppServ\www\shop\Runtime\Cache\Home\2f412aae274b751dca883838bf7e7502.php 第 88 行.
NOTIC: [8] Use of undefined constant cat_id - assumed 'cat_id' D:\AppServ\www\shop\Runtime\Cache\Home\2f412aae274b751dca883838bf7e7502.php 第 88 行.
NOTIC: [8] Use of undefined constant cat_id - assumed 'cat_id' D:\AppServ\www\shop\Runtime\Cache\Home\2f412aae274b751dca883838bf7e7502.php 第 88 行.
NOTIC: [8] Use of undefined constant parent_id - assumed 'parent_id' D:\AppServ\www\shop\Runtime\Cache\Home\2f412aae274b751dca883838bf7e7502.php 第 88 行.
NOTIC: [8] Use of undefined constant cat_id - assumed 'cat_id' D:\AppServ\www\shop\Runtime\Cache\Home\2f412aae274b751dca883838bf7e7502.php 第 88 行.
NOTIC: [8] Use of undefined constant cat_id - assumed 'cat_id' D:\AppServ\www\shop\Runtime\Cache\Home\2f412aae274b751dca883838bf7e7502.php 第 88 行.
NOTIC: [8] Use of undefined constant parent_id - assumed 'parent_id' D:\AppServ\www\shop\Runtime\Cache\Home\2f412aae274b751dca883838bf7e7502.php 第 88 行.
NOTIC: [8] Use of undefined constant cat_id - assumed 'cat_id' D:\AppServ\www\shop\Runtime\Cache\Home\2f412aae274b751dca883838bf7e7502.php 第 88 行.
NOTIC: [8] Undefined variable: his D:\AppServ\www\shop\Runtime\Cache\Home\2f412aae274b751dca883838bf7e7502.php 第 131 行.
NOTIC: [8] Use of undefined constant goods_img - assumed 'goods_img' D:\AppServ\www\shop\Runtime\Cache\Home\2f412aae274b751dca883838bf7e7502.php 第 201 行.
NOTIC: [8] Use of undefined constant goods_img - assumed 'goods_img' D:\AppServ\www\shop\Runtime\Cache\Home\2f412aae274b751dca883838bf7e7502.php 第 201 行.
NOTIC: [8] Use of undefined constant goods_img - assumed 'goods_img' D:\AppServ\www\shop\Runtime\Cache\Home\2f412aae274b751dca883838bf7e7502.php 第 201 行.
NOTIC: [8] Use of undefined constant goods_img - assumed 'goods_img' D:\AppServ\www\shop\Runtime\Cache\Home\2f412aae274b751dca883838bf7e7502.php 第 201 行.
INFO: Run Behavior\ParseTemplateBehavior [ RunTime:0.018669s ]
INFO: [ view_parse ] --END-- [ RunTime:0.018719s ]
INFO: [ view_filter ] --START--
INFO: Run Behavior\WriteHtmlCacheBehavior [ RunTime:0.000852s ]
INFO: [ view_filter ] --END-- [ RunTime:0.000892s ]
INFO: [ app_end ] --START--
INFO: Run Behavior\ShowPageTraceBehavior [ RunTime:0.001063s ]
INFO: [ app_end ] --END-- [ RunTime:0.001130s ]

