[ 2017-05-03T10:40:53+08:00 ] ::1 /shop/index.php
INFO: [ app_init ] --START--
INFO: Run Behavior\BuildLiteBehavior [ RunTime:0.000016s ]
INFO: [ app_init ] --END-- [ RunTime:0.001071s ]
INFO: [ app_begin ] --START--
INFO: Run Behavior\ReadHtmlCacheBehavior [ RunTime:0.001075s ]
INFO: [ app_begin ] --END-- [ RunTime:0.001140s ]
SQL: SHOW COLUMNS FROM `cat` [ RunTime:0.0028s ]
SQL: SELECT * FROM `cat`  [ RunTime:0.0004s ]
SQL: SELECT * FROM `cat`  [ RunTime:0.0003s ]
SQL: SELECT * FROM `cat`  [ RunTime:0.0004s ]
SQL: SELECT * FROM `cat`  [ RunTime:0.0003s ]
SQL: SELECT * FROM `cat`  [ RunTime:0.0003s ]
SQL: SELECT * FROM `cat`  [ RunTime:0.0004s ]
SQL: SELECT * FROM `cat`  [ RunTime:0.0004s ]
SQL: SELECT * FROM `cat`  [ RunTime:0.0004s ]
SQL: SELECT * FROM `cat`  [ RunTime:0.0004s ]
SQL: SELECT * FROM `cat`  [ RunTime:0.0003s ]
SQL: SELECT * FROM `cat`  [ RunTime:0.0003s ]
SQL: SELECT * FROM `cat`  [ RunTime:0.0004s ]
SQL: SELECT * FROM `cat`  [ RunTime:0.0004s ]
SQL: SELECT * FROM `cat`  [ RunTime:0.0003s ]
SQL: SELECT * FROM `cat`  [ RunTime:0.0003s ]
SQL: SELECT * FROM `cat`  [ RunTime:0.0003s ]
SQL: SHOW COLUMNS FROM `goods` [ RunTime:0.0028s ]
SQL: SELECT `goods_id`,`goods_name`,`market_price`,`goods_img`,`is_hot`,`shop_price` FROM `goods` WHERE ( is_hot=1 ) ORDER BY goods_id desc LIMIT 0,4   [ RunTime:0.0011s ]
INFO: [ view_parse ] --START--
INFO: [ template_filter ] --START--
INFO: Run Behavior\ContentReplaceBehavior [ RunTime:0.000109s ]
INFO: [ template_filter ] --END-- [ RunTime:0.000162s ]
NOTIC: [8] Use of undefined constant cat_id - assumed 'cat_id' D:\AppServ\www\shop\Runtime\Cache\Home\2f412aae274b751dca883838bf7e7502.php 第 88 行.
NOTIC: [8] Use of undefined constant parent_id - assumed 'parent_id' D:\AppServ\www\shop\Runtime\Cache\Home\2f412aae274b751dca883838bf7e7502.php 第 88 行.
NOTIC: [8] Use of undefined constant cat_id - assumed 'cat_id' D:\AppServ\www\shop\Runtime\Cache\Home\2f412aae274b751dca883838bf7e7502.php 第 88 行.
NOTIC: [8] Use of undefined constant parent_id - assumed 'parent_id' D:\AppServ\www\shop\Runtime\Cache\Home\2f412aae274b751dca883838bf7e7502.php 第 88 行.
NOTIC: [8] Use of undefined constant cat_id - assumed 'cat_id' D:\AppServ\www\shop\Runtime\Cache\Home\2f412aae274b751dca883838bf7e7502.php 第 88 行.
NOTIC: [8] Use of undefined constant cat_id - assumed 'cat_id' D:\AppServ\www\shop\Runtime\Cache\Home\2f412aae274b751dca883838bf7e7502.php 第 88 行.
NOTIC: [8] Use of undefined constant parent_id - assumed 'parent_id' D:\AppServ\www\shop\Runtime\Cache\Home\2f412aae274b751dca883838bf7e7502.php 第 88 行.
NOTIC: [8] Use of undefined constant cat_id - assumed 'cat_id' D:\AppServ\www\shop\Runtime\Cache\Home\2f412aae274b751dca883838bf7e7502.php 第 88 行.
NOTIC: [8] Use of undefined constant cat_id - assumed 'cat_id' D:\AppServ\www\shop\Runtime\Cache\Home\2f412aae274b751dca883838bf7e7502.php 第 88 行.
NOTIC: [8] Use of undefined constant parent_id - assumed 'parent_id' D:\AppServ\www\shop\Runtime\Cache\Home\2f412aae274b751dca883838bf7e7502.php 第 88 行.
NOTIC: [8] Use of undefined constant cat_id - assumed 'cat_id' D:\AppServ\www\shop\Runtime\Cache\Home\2f412aae274b751dca883838bf7e7502.php 第 88 行.
NOTIC: [8] Use of undefined constant cat_id - assumed 'cat_id' D:\AppServ\www\shop\Runtime\Cache\Home\2f412aae274b751dca883838bf7e7502.php 第 88 行.
NOTIC: [8] Use of undefined constant parent_id - assumed 'parent_id' D:\AppServ\www\shop\Runtime\Cache\Home\2f412aae274b751dca883838bf7e7502.php 第 88 行.
NOTIC: [8] Use of undefined constant cat_id - assumed 'cat_id' D:\AppServ\www\shop\Runtime\Cache\Home\2f412aae274b751dca883838bf7e7502.php 第 88 行.
NOTIC: [8] Use of undefined constant parent_id - assumed 'parent_id' D:\AppServ\www\shop\Runtime\Cache\Home\2f412aae274b751dca883838bf7e7502.php 第 88 行.
NOTIC: [8] Use of undefined constant cat_id - assumed 'cat_id' D:\AppServ\www\shop\Runtime\Cache\Home\2f412aae274b751dca883838bf7e7502.php 第 88 行.
NOTIC: [8] Use of undefined constant cat_id - assumed 'cat_id' D:\AppServ\www\shop\Runtime\Cache\Home\2f412aae274b751dca883838bf7e7502.php 第 88 行.
NOTIC: [8] Use of undefined constant parent_id - assumed 'parent_id' D:\AppServ\www\shop\Runtime\Cache\Home\2f412aae274b751dca883838bf7e7502.php 第 88 行.
NOTIC: [8] Use of undefined constant cat_id - assumed 'cat_id' D:\AppServ\www\shop\Runtime\Cache\Home\2f412aae274b751dca883838bf7e7502.php 第 88 行.
NOTIC: [8] Use of undefined constant parent_id - assumed 'parent_id' D:\AppServ\www\shop\Runtime\Cache\Home\2f412aae274b751dca883838bf7e7502.php 第 88 行.
NOTIC: [8] Use of undefined constant cat_id - assumed 'cat_id' D:\AppServ\www\shop\Runtime\Cache\Home\2f412aae274b751dca883838bf7e7502.php 第 88 行.
NOTIC: [8] Use of undefined constant parent_id - assumed 'parent_id' D:\AppServ\www\shop\Runtime\Cache\Home\2f412aae274b751dca883838bf7e7502.php 第 88 行.
NOTIC: [8] Use of undefined constant cat_id - assumed 'cat_id' D:\AppServ\www\shop\Runtime\Cache\Home\2f412aae274b751dca883838bf7e7502.php 第 88 行.
NOTIC: [8] Use of undefined constant parent_id - assumed 'parent_id' D:\AppServ\www\shop\Runtime\Cache\Home\2f412aae274b751dca883838bf7e7502.php 第 88 行.
NOTIC: [8] Use of undefined constant cat_id - assumed 'cat_id' D:\AppServ\www\shop\Runtime\Cache\Home\2f412aae274b751dca883838bf7e7502.php 第 88 行.
NOTIC: [8] Use of undefined constant parent_id - assumed 'parent_id' D:\AppServ\www\shop\Runtime\Cache\Home\2f412aae274b751dca883838bf7e7502.php 第 88 行.
NOTIC: [8] Use of undefined constant cat_id - assumed 'cat_id' D:\AppServ\www\shop\Runtime\Cache\Home\2f412aae274b751dca883838bf7e7502.php 第 88 行.
NOTIC: [8] Use of undefined constant parent_id - assumed 'parent_id' D:\AppServ\www\shop\Runtime\Cache\Home\2f412aae274b751dca883838bf7e7502.php 第 88 行.
NOTIC: [8] Use of undefined constant cat_id - assumed 'cat_id' D:\AppServ\www\shop\Runtime\Cache\Home\2f412aae274b751dca883838bf7e7502.php 第 88 行.
NOTIC: [8] Use of undefined constant parent_id - assumed 'parent_id' D:\AppServ\www\shop\Runtime\Cache\Home\2f412aae274b751dca883838bf7e7502.php 第 88 行.
NOTIC: [8] Use of undefined constant cat_id - assumed 'cat_id' D:\AppServ\www\shop\Runtime\Cache\Home\2f412aae274b751dca883838bf7e7502.php 第 88 行.
NOTIC: [8] Use of undefined constant parent_id - assumed 'parent_id' D:\AppServ\www\shop\Runtime\Cache\Home\2f412aae274b751dca883838bf7e7502.php 第 88 行.
NOTIC: [8] Use of undefined constant cat_id - assumed 'cat_id' D:\AppServ\www\shop\Runtime\Cache\Home\2f412aae274b751dca883838bf7e7502.php 第 88 行.
NOTIC: [8] Use of undefined constant parent_id - assumed 'parent_id' D:\AppServ\www\shop\Runtime\Cache\Home\2f412aae274b751dca883838bf7e7502.php 第 88 行.
NOTIC: [8] Use of undefined constant cat_id - assumed 'cat_id' D:\AppServ\www\shop\Runtime\Cache\Home\2f412aae274b751dca883838bf7e7502.php 第 88 行.
NOTIC: [8] Use of undefined constant parent_id - assumed 'parent_id' D:\AppServ\www\shop\Runtime\Cache\Home\2f412aae274b751dca883838bf7e7502.php 第 88 行.
NOTIC: [8] Use of undefined constant cat_id - assumed 'cat_id' D:\AppServ\www\shop\Runtime\Cache\Home\2f412aae274b751dca883838bf7e7502.php 第 88 行.
NOTIC: [8] Use of undefined constant parent_id - assumed 'parent_id' D:\AppServ\www\shop\Runtime\Cache\Home\2f412aae274b751dca883838bf7e7502.php 第 88 行.
NOTIC: [8] Use of undefined constant cat_id - assumed 'cat_id' D:\AppServ\www\shop\Runtime\Cache\Home\2f412aae274b751dca883838bf7e7502.php 第 88 行.
NOTIC: [8] Use of undefined constant parent_id - assumed 'parent_id' D:\AppServ\www\shop\Runtime\Cache\Home\2f412aae274b751dca883838bf7e7502.php 第 88 行.
NOTIC: [8] Use of undefined constant cat_id - assumed 'cat_id' D:\AppServ\www\shop\Runtime\Cache\Home\2f412aae274b751dca883838bf7e7502.php 第 88 行.
NOTIC: [8] Use of undefined constant parent_id - assumed 'parent_id' D:\AppServ\www\shop\Runtime\Cache\Home\2f412aae274b751dca883838bf7e7502.php 第 88 行.
NOTIC: [8] Use of undefined constant cat_id - assumed 'cat_id' D:\AppServ\www\shop\Runtime\Cache\Home\2f412aae274b751dca883838bf7e7502.php 第 88 行.
NOTIC: [8] Use of undefined constant parent_id - assumed 'parent_id' D:\AppServ\www\shop\Runtime\Cache\Home\2f412aae274b751dca883838bf7e7502.php 第 88 行.
NOTIC: [8] Use of undefined constant cat_id - assumed 'cat_id' D:\AppServ\www\shop\Runtime\Cache\Home\2f412aae274b751dca883838bf7e7502.php 第 88 行.
NOTIC: [8] Use of undefined constant parent_id - assumed 'parent_id' D:\AppServ\www\shop\Runtime\Cache\Home\2f412aae274b751dca883838bf7e7502.php 第 88 行.
NOTIC: [8] Use of undefined constant cat_id - assumed 'cat_id' D:\AppServ\www\shop\Runtime\Cache\Home\2f412aae274b751dca883838bf7e7502.php 第 88 行.
NOTIC: [8] Use of undefined constant parent_id - assumed 'parent_id' D:\AppServ\www\shop\Runtime\Cache\Home\2f412aae274b751dca883838bf7e7502.php 第 88 行.
NOTIC: [8] Use of undefined constant cat_id - assumed 'cat_id' D:\AppServ\www\shop\Runtime\Cache\Home\2f412aae274b751dca883838bf7e7502.php 第 88 行.
NOTIC: [8] Use of undefined constant parent_id - assumed 'parent_id' D:\AppServ\www\shop\Runtime\Cache\Home\2f412aae274b751dca883838bf7e7502.php 第 88 行.
NOTIC: [8] Use of undefined constant cat_id - assumed 'cat_id' D:\AppServ\www\shop\Runtime\Cache\Home\2f412aae274b751dca883838bf7e7502.php 第 88 行.
NOTIC: [8] Use of undefined constant cat_id - assumed 'cat_id' D:\AppServ\www\shop\Runtime\Cache\Home\2f412aae274b751dca883838bf7e7502.php 第 88 行.
NOTIC: [8] Use of undefined constant parent_id - assumed 'parent_id' D:\AppServ\www\shop\Runtime\Cache\Home\2f412aae274b751dca883838bf7e7502.php 第 88 行.
NOTIC: [8] Use of undefined constant cat_id - assumed 'cat_id' D:\AppServ\www\shop\Runtime\Cache\Home\2f412aae274b751dca883838bf7e7502.php 第 88 行.
NOTIC: [8] Use of undefined constant cat_id - assumed 'cat_id' D:\AppServ\www\shop\Runtime\Cache\Home\2f412aae274b751dca883838bf7e7502.php 第 88 行.
NOTIC: [8] Use of undefined constant parent_id - assumed 'parent_id' D:\AppServ\www\shop\Runtime\Cache\Home\2f412aae274b751dca883838bf7e7502.php 第 88 行.
NOTIC: [8] Use of undefined constant cat_id - assumed 'cat_id' D:\AppServ\www\shop\Runtime\Cache\Home\2f412aae274b751dca883838bf7e7502.php 第 88 行.
NOTIC: [8] Use of undefined constant cat_id - assumed 'cat_id' D:\AppServ\www\shop\Runtime\Cache\Home\2f412aae274b751dca883838bf7e7502.php 第 88 行.
NOTIC: [8] Use of undefined constant parent_id - assumed 'parent_id' D:\AppServ\www\shop\Runtime\Cache\Home\2f412aae274b751dca883838bf7e7502.php 第 88 行.
NOTIC: [8] Use of undefined constant cat_id - assumed 'cat_id' D:\AppServ\www\shop\Runtime\Cache\Home\2f412aae274b751dca883838bf7e7502.php 第 88 行.
NOTIC: [8] Use of undefined constant parent_id - assumed 'parent_id' D:\AppServ\www\shop\Runtime\Cache\Home\2f412aae274b751dca883838bf7e7502.php 第 88 行.
NOTIC: [8] Use of undefined constant cat_id - assumed 'cat_id' D:\AppServ\www\shop\Runtime\Cache\Home\2f412aae274b751dca883838bf7e7502.php 第 88 行.
NOTIC: [8] Use of undefined constant parent_id - assumed 'parent_id' D:\AppServ\www\shop\Runtime\Cache\Home\2f412aae274b751dca883838bf7e7502.php 第 88 行.
NOTIC: [8] Use of undefined constant cat_id - assumed 'cat_id' D:\AppServ\www\shop\Runtime\Cache\Home\2f412aae274b751dca883838bf7e7502.php 第 88 行.
NOTIC: [8] Use of undefined constant parent_id - assumed 'parent_id' D:\AppServ\www\shop\Runtime\Cache\Home\2f412aae274b751dca883838bf7e7502.php 第 88 行.
NOTIC: [8] Use of undefined constant cat_id - assumed 'cat_id' D:\AppServ\www\shop\Runtime\Cache\Home\2f412aae274b751dca883838bf7e7502.php 第 88 行.
NOTIC: [8] Use of undefined constant parent_id - assumed 'parent_id' D:\AppServ\www\shop\Runtime\Cache\Home\2f412aae274b751dca883838bf7e7502.php 第 88 行.
NOTIC: [8] Use of undefined constant cat_id - assumed 'cat_id' D:\AppServ\www\shop\Runtime\Cache\Home\2f412aae274b751dca883838bf7e7502.php 第 88 行.
NOTIC: [8] Use of undefined constant parent_id - assumed 'parent_id' D:\AppServ\www\shop\Runtime\Cache\Home\2f412aae274b751dca883838bf7e7502.php 第 88 行.
NOTIC: [8] Use of undefined constant cat_id - assumed 'cat_id' D:\AppServ\www\shop\Runtime\Cache\Home\2f412aae274b751dca883838bf7e7502.php 第 88 行.
NOTIC: [8] Use of undefined constant parent_id - assumed 'parent_id' D:\AppServ\www\shop\Runtime\Cache\Home\2f412aae274b751dca883838bf7e7502.php 第 88 行.
NOTIC: [8] Use of undefined constant cat_id - assumed 'cat_id' D:\AppServ\www\shop\Runtime\Cache\Home\2f412aae274b751dca883838bf7e7502.php 第 88 行.
NOTIC: [8] Use of undefined constant parent_id - assumed 'parent_id' D:\AppServ\www\shop\Runtime\Cache\Home\2f412aae274b751dca883838bf7e7502.php 第 88 行.
NOTIC: [8] Use of undefined constant cat_id - assumed 'cat_id' D:\AppServ\www\shop\Runtime\Cache\Home\2f412aae274b751dca883838bf7e7502.php 第 88 行.
NOTIC: [8] Use of undefined constant parent_id - assumed 'parent_id' D:\AppServ\www\shop\Runtime\Cache\Home\2f412aae274b751dca883838bf7e7502.php 第 88 行.
NOTIC: [8] Use of undefined constant cat_id - assumed 'cat_id' D:\AppServ\www\shop\Runtime\Cache\Home\2f412aae274b751dca883838bf7e7502.php 第 88 行.
NOTIC: [8] Use of undefined constant parent_id - assumed 'parent_id' D:\AppServ\www\shop\Runtime\Cache\Home\2f412aae274b751dca883838bf7e7502.php 第 88 行.
NOTIC: [8] Use of undefined constant cat_id - assumed 'cat_id' D:\AppServ\www\shop\Runtime\Cache\Home\2f412aae274b751dca883838bf7e7502.php 第 88 行.
NOTIC: [8] Use of undefined constant parent_id - assumed 'parent_id' D:\AppServ\www\shop\Runtime\Cache\Home\2f412aae274b751dca883838bf7e7502.php 第 88 行.
NOTIC: [8] Use of undefined constant cat_id - assumed 'cat_id' D:\AppServ\www\shop\Runtime\Cache\Home\2f412aae274b751dca883838bf7e7502.php 第 88 行.
NOTIC: [8] Use of undefined constant parent_id - assumed 'parent_id' D:\AppServ\www\shop\Runtime\Cache\Home\2f412aae274b751dca883838bf7e7502.php 第 88 行.
NOTIC: [8] Use of undefined constant cat_id - assumed 'cat_id' D:\AppServ\www\shop\Runtime\Cache\Home\2f412aae274b751dca883838bf7e7502.php 第 88 行.
NOTIC: [8] Use of undefined constant parent_id - assumed 'parent_id' D:\AppServ\www\shop\Runtime\Cache\Home\2f412aae274b751dca883838bf7e7502.php 第 88 行.
NOTIC: [8] Use of undefined constant cat_id - assumed 'cat_id' D:\AppServ\www\shop\Runtime\Cache\Home\2f412aae274b751dca883838bf7e7502.php 第 88 行.
NOTIC: [8] Use of undefined constant parent_id - assumed 'parent_id' D:\AppServ\www\shop\Runtime\Cache\Home\2f412aae274b751dca883838bf7e7502.php 第 88 行.
NOTIC: [8] Use of undefined constant cat_id - assumed 'cat_id' D:\AppServ\www\shop\Runtime\Cache\Home\2f412aae274b751dca883838bf7e7502.php 第 88 行.
NOTIC: [8] Use of undefined constant parent_id - assumed 'parent_id' D:\AppServ\www\shop\Runtime\Cache\Home\2f412aae274b751dca883838bf7e7502.php 第 88 行.
NOTIC: [8] Use of undefined constant cat_id - assumed 'cat_id' D:\AppServ\www\shop\Runtime\Cache\Home\2f412aae274b751dca883838bf7e7502.php 第 88 行.
NOTIC: [8] Use of undefined constant parent_id - assumed 'parent_id' D:\AppServ\www\shop\Runtime\Cache\Home\2f412aae274b751dca883838bf7e7502.php 第 88 行.
NOTIC: [8] Use of undefined constant cat_id - assumed 'cat_id' D:\AppServ\www\shop\Runtime\Cache\Home\2f412aae274b751dca883838bf7e7502.php 第 88 行.
NOTIC: [8] Use of undefined constant parent_id - assumed 'parent_id' D:\AppServ\www\shop\Runtime\Cache\Home\2f412aae274b751dca883838bf7e7502.php 第 88 行.
NOTIC: [8] Use of undefined constant cat_id - assumed 'cat_id' D:\AppServ\www\shop\Runtime\Cache\Home\2f412aae274b751dca883838bf7e7502.php 第 88 行.
NOTIC: [8] Use of undefined constant cat_id - assumed 'cat_id' D:\AppServ\www\shop\Runtime\Cache\Home\2f412aae274b751dca883838bf7e7502.php 第 88 行.
NOTIC: [8] Use of undefined constant parent_id - assumed 'parent_id' D:\AppServ\www\shop\Runtime\Cache\Home\2f412aae274b751dca883838bf7e7502.php 第 88 行.
NOTIC: [8] Use of undefined constant cat_id - assumed 'cat_id' D:\AppServ\www\shop\Runtime\Cache\Home\2f412aae274b751dca883838bf7e7502.php 第 88 行.
NOTIC: [8] Use of undefined constant cat_id - assumed 'cat_id' D:\AppServ\www\shop\Runtime\Cache\Home\2f412aae274b751dca883838bf7e7502.php 第 88 行.
NOTIC: [8] Use of undefined constant parent_id - assumed 'parent_id' D:\AppServ\www\shop\Runtime\Cache\Home\2f412aae274b751dca883838bf7e7502.php 第 88 行.
NOTIC: [8] Use of undefined constant cat_id - assumed 'cat_id' D:\AppServ\www\shop\Runtime\Cache\Home\2f412aae274b751dca883838bf7e7502.php 第 88 行.
NOTIC: [8] Use of undefined constant cat_id - assumed 'cat_id' D:\AppServ\www\shop\Runtime\Cache\Home\2f412aae274b751dca883838bf7e7502.php 第 88 行.
NOTIC: [8] Use of undefined constant parent_id - assumed 'parent_id' D:\AppServ\www\shop\Runtime\Cache\Home\2f412aae274b751dca883838bf7e7502.php 第 88 行.
NOTIC: [8] Use of undefined constant cat_id - assumed 'cat_id' D:\AppServ\www\shop\Runtime\Cache\Home\2f412aae274b751dca883838bf7e7502.php 第 88 行.
NOTIC: [8] Undefined variable: his D:\AppServ\www\shop\Runtime\Cache\Home\2f412aae274b751dca883838bf7e7502.php 第 131 行.
NOTIC: [8] Use of undefined constant goods_img - assumed 'goods_img' D:\AppServ\www\shop\Runtime\Cache\Home\2f412aae274b751dca883838bf7e7502.php 第 201 行.
NOTIC: [8] Use of undefined constant goods_img - assumed 'goods_img' D:\AppServ\www\shop\Runtime\Cache\Home\2f412aae274b751dca883838bf7e7502.php 第 201 行.
NOTIC: [8] Use of undefined constant goods_img - assumed 'goods_img' D:\AppServ\www\shop\Runtime\Cache\Home\2f412aae274b751dca883838bf7e7502.php 第 201 行.
NOTIC: [8] Use of undefined constant goods_img - assumed 'goods_img' D:\AppServ\www\shop\Runtime\Cache\Home\2f412aae274b751dca883838bf7e7502.php 第 201 行.
INFO: Run Behavior\ParseTemplateBehavior [ RunTime:0.021330s ]
INFO: [ view_parse ] --END-- [ RunTime:0.021385s ]
INFO: [ view_filter ] --START--
INFO: Run Behavior\WriteHtmlCacheBehavior [ RunTime:0.001109s ]
INFO: [ view_filter ] --END-- [ RunTime:0.001159s ]
INFO: [ app_end ] --START--
INFO: Run Behavior\ShowPageTraceBehavior [ RunTime:0.001622s ]
INFO: [ app_end ] --END-- [ RunTime:0.001701s ]

[ 2017-05-03T10:41:02+08:00 ] ::1 /shop/index.php/Home/user/login.html
INFO: [ app_init ] --START--
INFO: Run Behavior\BuildLiteBehavior [ RunTime:0.000016s ]
INFO: [ app_init ] --END-- [ RunTime:0.000616s ]
INFO: [ app_begin ] --START--
INFO: Run Behavior\ReadHtmlCacheBehavior [ RunTime:0.000767s ]
INFO: [ app_begin ] --END-- [ RunTime:0.000826s ]
INFO: [ view_parse ] --START--
INFO: [ template_filter ] --START--
INFO: Run Behavior\ContentReplaceBehavior [ RunTime:0.000097s ]
INFO: [ template_filter ] --END-- [ RunTime:0.000176s ]
INFO: Run Behavior\ParseTemplateBehavior [ RunTime:0.011009s ]
INFO: [ view_parse ] --END-- [ RunTime:0.011076s ]
INFO: [ view_filter ] --START--
INFO: Run Behavior\WriteHtmlCacheBehavior [ RunTime:0.000611s ]
INFO: [ view_filter ] --END-- [ RunTime:0.000658s ]
INFO: [ app_end ] --START--
INFO: Run Behavior\ShowPageTraceBehavior [ RunTime:0.000811s ]
INFO: [ app_end ] --END-- [ RunTime:0.000869s ]

[ 2017-05-03T10:41:02+08:00 ] ::1 /shop/index.php/Home/user/yzm.html
INFO: [ app_init ] --START--
INFO: Run Behavior\BuildLiteBehavior [ RunTime:0.000024s ]
INFO: [ app_init ] --END-- [ RunTime:0.000654s ]
INFO: [ app_begin ] --START--
INFO: Run Behavior\ReadHtmlCacheBehavior [ RunTime:0.000622s ]
INFO: [ app_begin ] --END-- [ RunTime:0.000683s ]
INFO: [ app_end ] --START--
INFO: Run Behavior\ShowPageTraceBehavior [ RunTime:0.000647s ]
INFO: [ app_end ] --END-- [ RunTime:0.000716s ]

[ 2017-05-03T10:41:02+08:00 ] ::1 /shop/index.php/Home/user/api/cron.php-t=1452023217
INFO: [ app_init ] --START--
INFO: Run Behavior\BuildLiteBehavior [ RunTime:0.000014s ]
INFO: [ app_init ] --END-- [ RunTime:0.000526s ]
INFO: [ app_begin ] --START--
INFO: Run Behavior\ReadHtmlCacheBehavior [ RunTime:0.001218s ]
INFO: [ app_begin ] --END-- [ RunTime:0.001325s ]
ERR: 非法操作:api

[ 2017-05-03T10:41:05+08:00 ] ::1 /shop/index.php/Home/user/login.html
INFO: [ app_init ] --START--
INFO: Run Behavior\BuildLiteBehavior [ RunTime:0.000014s ]
INFO: [ app_init ] --END-- [ RunTime:0.000594s ]
INFO: [ app_begin ] --START--
INFO: Run Behavior\ReadHtmlCacheBehavior [ RunTime:0.000804s ]
INFO: [ app_begin ] --END-- [ RunTime:0.000861s ]
SQL: SHOW COLUMNS FROM `user` [ RunTime:0.0033s ]
SQL: SELECT * FROM `user` WHERE `username` = 'guanhui1995' LIMIT 1   [ RunTime:0.0005s ]
INFO: [ view_parse ] --START--
INFO: [ template_filter ] --START--
INFO: Run Behavior\ContentReplaceBehavior [ RunTime:0.000040s ]
INFO: [ template_filter ] --END-- [ RunTime:0.000096s ]
INFO: Run Behavior\ParseTemplateBehavior [ RunTime:0.007761s ]
INFO: [ view_parse ] --END-- [ RunTime:0.007825s ]
INFO: [ view_filter ] --START--
INFO: Run Behavior\WriteHtmlCacheBehavior [ RunTime:0.000610s ]
INFO: [ view_filter ] --END-- [ RunTime:0.000655s ]

[ 2017-05-03T10:41:07+08:00 ] ::1 /shop/index.php/Home/user/login.html
INFO: [ app_init ] --START--
INFO: Run Behavior\BuildLiteBehavior [ RunTime:0.000016s ]
INFO: [ app_init ] --END-- [ RunTime:0.000590s ]
INFO: [ app_begin ] --START--
INFO: Run Behavior\ReadHtmlCacheBehavior [ RunTime:0.000814s ]
INFO: [ app_begin ] --END-- [ RunTime:0.000922s ]
INFO: [ view_parse ] --START--
INFO: [ template_filter ] --START--
INFO: Run Behavior\ContentReplaceBehavior [ RunTime:0.000080s ]
INFO: [ template_filter ] --END-- [ RunTime:0.000142s ]
INFO: Run Behavior\ParseTemplateBehavior [ RunTime:0.009437s ]
INFO: [ view_parse ] --END-- [ RunTime:0.009495s ]
INFO: [ view_filter ] --START--
INFO: Run Behavior\WriteHtmlCacheBehavior [ RunTime:0.000843s ]
INFO: [ view_filter ] --END-- [ RunTime:0.000906s ]
INFO: [ app_end ] --START--
INFO: Run Behavior\ShowPageTraceBehavior [ RunTime:0.001233s ]
INFO: [ app_end ] --END-- [ RunTime:0.001316s ]

[ 2017-05-03T10:41:07+08:00 ] ::1 /shop/index.php/Home/user/api/cron.php-t=1452023217
INFO: [ app_init ] --START--
INFO: Run Behavior\BuildLiteBehavior [ RunTime:0.000026s ]
INFO: [ app_init ] --END-- [ RunTime:0.000941s ]
INFO: [ app_begin ] --START--
INFO: Run Behavior\ReadHtmlCacheBehavior [ RunTime:0.001047s ]
INFO: [ app_begin ] --END-- [ RunTime:0.001128s ]
ERR: 非法操作:api

[ 2017-05-03T10:41:13+08:00 ] ::1 /shop/index.php/Home/user/login.html
INFO: [ app_init ] --START--
INFO: Run Behavior\BuildLiteBehavior [ RunTime:0.000014s ]
INFO: [ app_init ] --END-- [ RunTime:0.000522s ]
INFO: [ app_begin ] --START--
INFO: Run Behavior\ReadHtmlCacheBehavior [ RunTime:0.000824s ]
INFO: [ app_begin ] --END-- [ RunTime:0.000881s ]
SQL: SHOW COLUMNS FROM `user` [ RunTime:0.0012s ]
SQL: SELECT * FROM `user` WHERE `username` = '123123' LIMIT 1   [ RunTime:0.0009s ]
INFO: [ view_parse ] --START--
INFO: [ template_filter ] --START--
INFO: Run Behavior\ContentReplaceBehavior [ RunTime:0.000040s ]
INFO: [ template_filter ] --END-- [ RunTime:0.000093s ]
INFO: Run Behavior\ParseTemplateBehavior [ RunTime:0.007106s ]
INFO: [ view_parse ] --END-- [ RunTime:0.007172s ]
INFO: [ view_filter ] --START--
INFO: Run Behavior\WriteHtmlCacheBehavior [ RunTime:0.000537s ]
INFO: [ view_filter ] --END-- [ RunTime:0.000577s ]
INFO: [ view_parse ] --START--
INFO: [ template_filter ] --START--
INFO: Run Behavior\ContentReplaceBehavior [ RunTime:0.000067s ]
INFO: [ template_filter ] --END-- [ RunTime:-0.005502s ]
INFO: Run Behavior\ParseTemplateBehavior [ RunTime:0.004683s ]
INFO: [ view_parse ] --END-- [ RunTime:-0.000785s ]
INFO: [ view_filter ] --START--
INFO: Run Behavior\WriteHtmlCacheBehavior [ RunTime:0.000011s ]
INFO: [ view_filter ] --END-- [ RunTime:-0.004938s ]
INFO: [ app_end ] --START--
INFO: Run Behavior\ShowPageTraceBehavior [ RunTime:0.001190s ]
INFO: [ app_end ] --END-- [ RunTime:0.001269s ]

[ 2017-05-03T10:41:13+08:00 ] ::1 /shop/index.php/Home/user/yzm.html
INFO: [ app_init ] --START--
INFO: Run Behavior\BuildLiteBehavior [ RunTime:0.000021s ]
INFO: [ app_init ] --END-- [ RunTime:0.000718s ]
INFO: [ app_begin ] --START--
INFO: Run Behavior\ReadHtmlCacheBehavior [ RunTime:0.001485s ]
INFO: [ app_begin ] --END-- [ RunTime:0.001575s ]
INFO: [ app_end ] --START--
INFO: Run Behavior\ShowPageTraceBehavior [ RunTime:0.001229s ]
INFO: [ app_end ] --END-- [ RunTime:0.001344s ]

[ 2017-05-03T10:41:13+08:00 ] ::1 /shop/index.php/Home/user/api/cron.php-t=1452023217
INFO: [ app_init ] --START--
INFO: Run Behavior\BuildLiteBehavior [ RunTime:0.000023s ]
INFO: [ app_init ] --END-- [ RunTime:0.000860s ]
INFO: [ app_begin ] --START--
INFO: Run Behavior\ReadHtmlCacheBehavior [ RunTime:0.001161s ]
INFO: [ app_begin ] --END-- [ RunTime:0.001264s ]
ERR: 非法操作:api

[ 2017-05-03T10:41:15+08:00 ] ::1 /shop/index.php
INFO: [ app_init ] --START--
INFO: Run Behavior\BuildLiteBehavior [ RunTime:0.000031s ]
INFO: [ app_init ] --END-- [ RunTime:0.001151s ]
INFO: [ app_begin ] --START--
INFO: Run Behavior\ReadHtmlCacheBehavior [ RunTime:0.001744s ]
INFO: [ app_begin ] --END-- [ RunTime:0.001869s ]
SQL: SHOW COLUMNS FROM `cat` [ RunTime:0.0022s ]
SQL: SELECT * FROM `cat`  [ RunTime:0.0008s ]
SQL: SELECT * FROM `cat`  [ RunTime:0.0009s ]
SQL: SELECT * FROM `cat`  [ RunTime:0.0010s ]
SQL: SELECT * FROM `cat`  [ RunTime:0.0008s ]
SQL: SELECT * FROM `cat`  [ RunTime:0.0008s ]
SQL: SELECT * FROM `cat`  [ RunTime:0.0009s ]
SQL: SELECT * FROM `cat`  [ RunTime:0.0006s ]
SQL: SELECT * FROM `cat`  [ RunTime:0.0007s ]
SQL: SELECT * FROM `cat`  [ RunTime:0.0007s ]
SQL: SELECT * FROM `cat`  [ RunTime:0.0007s ]
SQL: SELECT * FROM `cat`  [ RunTime:0.0008s ]
SQL: SELECT * FROM `cat`  [ RunTime:0.0007s ]
SQL: SELECT * FROM `cat`  [ RunTime:0.0007s ]
SQL: SELECT * FROM `cat`  [ RunTime:0.0007s ]
SQL: SELECT * FROM `cat`  [ RunTime:0.0008s ]
SQL: SELECT * FROM `cat`  [ RunTime:0.0007s ]
SQL: SHOW COLUMNS FROM `goods` [ RunTime:0.0030s ]
SQL: SELECT `goods_id`,`goods_name`,`market_price`,`goods_img`,`is_hot`,`shop_price` FROM `goods` WHERE ( is_hot=1 ) ORDER BY goods_id desc LIMIT 0,4   [ RunTime:0.0010s ]
INFO: [ view_parse ] --START--
INFO: [ template_filter ] --START--
INFO: Run Behavior\ContentReplaceBehavior [ RunTime:0.000256s ]
INFO: [ template_filter ] --END-- [ RunTime:0.000373s ]
NOTIC: [8] Use of undefined constant cat_id - assumed 'cat_id' D:\AppServ\www\shop\Runtime\Cache\Home\2f412aae274b751dca883838bf7e7502.php 第 88 行.
NOTIC: [8] Use of undefined constant parent_id - assumed 'parent_id' D:\AppServ\www\shop\Runtime\Cache\Home\2f412aae274b751dca883838bf7e7502.php 第 88 行.
NOTIC: [8] Use of undefined constant cat_id - assumed 'cat_id' D:\AppServ\www\shop\Runtime\Cache\Home\2f412aae274b751dca883838bf7e7502.php 第 88 行.
NOTIC: [8] Use of undefined constant parent_id - assumed 'parent_id' D:\AppServ\www\shop\Runtime\Cache\Home\2f412aae274b751dca883838bf7e7502.php 第 88 行.
NOTIC: [8] Use of undefined constant cat_id - assumed 'cat_id' D:\AppServ\www\shop\Runtime\Cache\Home\2f412aae274b751dca883838bf7e7502.php 第 88 行.
NOTIC: [8] Use of undefined constant cat_id - assumed 'cat_id' D:\AppServ\www\shop\Runtime\Cache\Home\2f412aae274b751dca883838bf7e7502.php 第 88 行.
NOTIC: [8] Use of undefined constant parent_id - assumed 'parent_id' D:\AppServ\www\shop\Runtime\Cache\Home\2f412aae274b751dca883838bf7e7502.php 第 88 行.
NOTIC: [8] Use of undefined constant cat_id - assumed 'cat_id' D:\AppServ\www\shop\Runtime\Cache\Home\2f412aae274b751dca883838bf7e7502.php 第 88 行.
NOTIC: [8] Use of undefined constant cat_id - assumed 'cat_id' D:\AppServ\www\shop\Runtime\Cache\Home\2f412aae274b751dca883838bf7e7502.php 第 88 行.
NOTIC: [8] Use of undefined constant parent_id - assumed 'parent_id' D:\AppServ\www\shop\Runtime\Cache\Home\2f412aae274b751dca883838bf7e7502.php 第 88 行.
NOTIC: [8] Use of undefined constant cat_id - assumed 'cat_id' D:\AppServ\www\shop\Runtime\Cache\Home\2f412aae274b751dca883838bf7e7502.php 第 88 行.
NOTIC: [8] Use of undefined constant cat_id - assumed 'cat_id' D:\AppServ\www\shop\Runtime\Cache\Home\2f412aae274b751dca883838bf7e7502.php 第 88 行.
NOTIC: [8] Use of undefined constant parent_id - assumed 'parent_id' D:\AppServ\www\shop\Runtime\Cache\Home\2f412aae274b751dca883838bf7e7502.php 第 88 行.
NOTIC: [8] Use of undefined constant cat_id - assumed 'cat_id' D:\AppServ\www\shop\Runtime\Cache\Home\2f412aae274b751dca883838bf7e7502.php 第 88 行.
NOTIC: [8] Use of undefined constant parent_id - assumed 'parent_id' D:\AppServ\www\shop\Runtime\Cache\Home\2f412aae274b751dca883838bf7e7502.php 第 88 行.
NOTIC: [8] Use of undefined constant cat_id - assumed 'cat_id' D:\AppServ\www\shop\Runtime\Cache\Home\2f412aae274b751dca883838bf7e7502.php 第 88 行.
NOTIC: [8] Use of undefined constant cat_id - assumed 'cat_id' D:\AppServ\www\shop\Runtime\Cache\Home\2f412aae274b751dca883838bf7e7502.php 第 88 行.
NOTIC: [8] Use of undefined constant parent_id - assumed 'parent_id' D:\AppServ\www\shop\Runtime\Cache\Home\2f412aae274b751dca883838bf7e7502.php 第 88 行.
NOTIC: [8] Use of undefined constant cat_id - assumed 'cat_id' D:\AppServ\www\shop\Runtime\Cache\Home\2f412aae274b751dca883838bf7e7502.php 第 88 行.
NOTIC: [8] Use of undefined constant parent_id - assumed 'parent_id' D:\AppServ\www\shop\Runtime\Cache\Home\2f412aae274b751dca883838bf7e7502.php 第 88 行.
NOTIC: [8] Use of undefined constant cat_id - assumed 'cat_id' D:\AppServ\www\shop\Runtime\Cache\Home\2f412aae274b751dca883838bf7e7502.php 第 88 行.
NOTIC: [8] Use of undefined constant parent_id - assumed 'parent_id' D:\AppServ\www\shop\Runtime\Cache\Home\2f412aae274b751dca883838bf7e7502.php 第 88 行.
NOTIC: [8] Use of undefined constant cat_id - assumed 'cat_id' D:\AppServ\www\shop\Runtime\Cache\Home\2f412aae274b751dca883838bf7e7502.php 第 88 行.
NOTIC: [8] Use of undefined constant parent_id - assumed 'parent_id' D:\AppServ\www\shop\Runtime\Cache\Home\2f412aae274b751dca883838bf7e7502.php 第 88 行.
NOTIC: [8] Use of undefined constant cat_id - assumed 'cat_id' D:\AppServ\www\shop\Runtime\Cache\Home\2f412aae274b751dca883838bf7e7502.php 第 88 行.
NOTIC: [8] Use of undefined constant parent_id - assumed 'parent_id' D:\AppServ\www\shop\Runtime\Cache\Home\2f412aae274b751dca883838bf7e7502.php 第 88 行.
NOTIC: [8] Use of undefined constant cat_id - assumed 'cat_id' D:\AppServ\www\shop\Runtime\Cache\Home\2f412aae274b751dca883838bf7e7502.php 第 88 行.
NOTIC: [8] Use of undefined constant parent_id - assumed 'parent_id' D:\AppServ\www\shop\Runtime\Cache\Home\2f412aae274b751dca883838bf7e7502.php 第 88 行.
NOTIC: [8] Use of undefined constant cat_id - assumed 'cat_id' D:\AppServ\www\shop\Runtime\Cache\Home\2f412aae274b751dca883838bf7e7502.php 第 88 行.
NOTIC: [8] Use of undefined constant parent_id - assumed 'parent_id' D:\AppServ\www\shop\Runtime\Cache\Home\2f412aae274b751dca883838bf7e7502.php 第 88 行.
NOTIC: [8] Use of undefined constant cat_id - assumed 'cat_id' D:\AppServ\www\shop\Runtime\Cache\Home\2f412aae274b751dca883838bf7e7502.php 第 88 行.
NOTIC: [8] Use of undefined constant parent_id - assumed 'parent_id' D:\AppServ\www\shop\Runtime\Cache\Home\2f412aae274b751dca883838bf7e7502.php 第 88 行.
NOTIC: [8] Use of undefined constant cat_id - assumed 'cat_id' D:\AppServ\www\shop\Runtime\Cache\Home\2f412aae274b751dca883838bf7e7502.php 第 88 行.
NOTIC: [8] Use of undefined constant parent_id - assumed 'parent_id' D:\AppServ\www\shop\Runtime\Cache\Home\2f412aae274b751dca883838bf7e7502.php 第 88 行.
NOTIC: [8] Use of undefined constant cat_id - assumed 'cat_id' D:\AppServ\www\shop\Runtime\Cache\Home\2f412aae274b751dca883838bf7e7502.php 第 88 行.
NOTIC: [8] Use of undefined constant parent_id - assumed 'parent_id' D:\AppServ\www\shop\Runtime\Cache\Home\2f412aae274b751dca883838bf7e7502.php 第 88 行.
NOTIC: [8] Use of undefined constant cat_id - assumed 'cat_id' D:\AppServ\www\shop\Runtime\Cache\Home\2f412aae274b751dca883838bf7e7502.php 第 88 行.
NOTIC: [8] Use of undefined constant parent_id - assumed 'parent_id' D:\AppServ\www\shop\Runtime\Cache\Home\2f412aae274b751dca883838bf7e7502.php 第 88 行.
NOTIC: [8] Use of undefined constant cat_id - assumed 'cat_id' D:\AppServ\www\shop\Runtime\Cache\Home\2f412aae274b751dca883838bf7e7502.php 第 88 行.
NOTIC: [8] Use of undefined constant parent_id - assumed 'parent_id' D:\AppServ\www\shop\Runtime\Cache\Home\2f412aae274b751dca883838bf7e7502.php 第 88 行.
NOTIC: [8] Use of undefined constant cat_id - assumed 'cat_id' D:\AppServ\www\shop\Runtime\Cache\Home\2f412aae274b751dca883838bf7e7502.php 第 88 行.
NOTIC: [8] Use of undefined constant parent_id - assumed 'parent_id' D:\AppServ\www\shop\Runtime\Cache\Home\2f412aae274b751dca883838bf7e7502.php 第 88 行.
NOTIC: [8] Use of undefined constant cat_id - assumed 'cat_id' D:\AppServ\www\shop\Runtime\Cache\Home\2f412aae274b751dca883838bf7e7502.php 第 88 行.
NOTIC: [8] Use of undefined constant parent_id - assumed 'parent_id' D:\AppServ\www\shop\Runtime\Cache\Home\2f412aae274b751dca883838bf7e7502.php 第 88 行.
NOTIC: [8] Use of undefined constant cat_id - assumed 'cat_id' D:\AppServ\www\shop\Runtime\Cache\Home\2f412aae274b751dca883838bf7e7502.php 第 88 行.
NOTIC: [8] Use of undefined constant parent_id - assumed 'parent_id' D:\AppServ\www\shop\Runtime\Cache\Home\2f412aae274b751dca883838bf7e7502.php 第 88 行.
NOTIC: [8] Use of undefined constant cat_id - assumed 'cat_id' D:\AppServ\www\shop\Runtime\Cache\Home\2f412aae274b751dca883838bf7e7502.php 第 88 行.
NOTIC: [8] Use of undefined constant parent_id - assumed 'parent_id' D:\AppServ\www\shop\Runtime\Cache\Home\2f412aae274b751dca883838bf7e7502.php 第 88 行.
NOTIC: [8] Use of undefined constant cat_id - assumed 'cat_id' D:\AppServ\www\shop\Runtime\Cache\Home\2f412aae274b751dca883838bf7e7502.php 第 88 行.
NOTIC: [8] Use of undefined constant parent_id - assumed 'parent_id' D:\AppServ\www\shop\Runtime\Cache\Home\2f412aae274b751dca883838bf7e7502.php 第 88 行.
NOTIC: [8] Use of undefined constant cat_id - assumed 'cat_id' D:\AppServ\www\shop\Runtime\Cache\Home\2f412aae274b751dca883838bf7e7502.php 第 88 行.
NOTIC: [8] Use of undefined constant cat_id - assumed 'cat_id' D:\AppServ\www\shop\Runtime\Cache\Home\2f412aae274b751dca883838bf7e7502.php 第 88 行.
NOTIC: [8] Use of undefined constant parent_id - assumed 'parent_id' D:\AppServ\www\shop\Runtime\Cache\Home\2f412aae274b751dca883838bf7e7502.php 第 88 行.
NOTIC: [8] Use of undefined constant cat_id - assumed 'cat_id' D:\AppServ\www\shop\Runtime\Cache\Home\2f412aae274b751dca883838bf7e7502.php 第 88 行.
NOTIC: [8] Use of undefined constant cat_id - assumed 'cat_id' D:\AppServ\www\shop\Runtime\Cache\Home\2f412aae274b751dca883838bf7e7502.php 第 88 行.
NOTIC: [8] Use of undefined constant parent_id - assumed 'parent_id' D:\AppServ\www\shop\Runtime\Cache\Home\2f412aae274b751dca883838bf7e7502.php 第 88 行.
NOTIC: [8] Use of undefined constant cat_id - assumed 'cat_id' D:\AppServ\www\shop\Runtime\Cache\Home\2f412aae274b751dca883838bf7e7502.php 第 88 行.
NOTIC: [8] Use of undefined constant cat_id - assumed 'cat_id' D:\AppServ\www\shop\Runtime\Cache\Home\2f412aae274b751dca883838bf7e7502.php 第 88 行.
NOTIC: [8] Use of undefined constant parent_id - assumed 'parent_id' D:\AppServ\www\shop\Runtime\Cache\Home\2f412aae274b751dca883838bf7e7502.php 第 88 行.
NOTIC: [8] Use of undefined constant cat_id - assumed 'cat_id' D:\AppServ\www\shop\Runtime\Cache\Home\2f412aae274b751dca883838bf7e7502.php 第 88 行.
NOTIC: [8] Use of undefined constant parent_id - assumed 'parent_id' D:\AppServ\www\shop\Runtime\Cache\Home\2f412aae274b751dca883838bf7e7502.php 第 88 行.
NOTIC: [8] Use of undefined constant cat_id - assumed 'cat_id' D:\AppServ\www\shop\Runtime\Cache\Home\2f412aae274b751dca883838bf7e7502.php 第 88 行.
NOTIC: [8] Use of undefined constant parent_id - assumed 'parent_id' D:\AppServ\www\shop\Runtime\Cache\Home\2f412aae274b751dca883838bf7e7502.php 第 88 行.
NOTIC: [8] Use of undefined constant cat_id - assumed 'cat_id' D:\AppServ\www\shop\Runtime\Cache\Home\2f412aae274b751dca883838bf7e7502.php 第 88 行.
NOTIC: [8] Use of undefined constant parent_id - assumed 'parent_id' D:\AppServ\www\shop\Runtime\Cache\Home\2f412aae274b751dca883838bf7e7502.php 第 88 行.
NOTIC: [8] Use of undefined constant cat_id - assumed 'cat_id' D:\AppServ\www\shop\Runtime\Cache\Home\2f412aae274b751dca883838bf7e7502.php 第 88 行.
NOTIC: [8] Use of undefined constant parent_id - assumed 'parent_id' D:\AppServ\www\shop\Runtime\Cache\Home\2f412aae274b751dca883838bf7e7502.php 第 88 行.
NOTIC: [8] Use of undefined constant cat_id - assumed 'cat_id' D:\AppServ\www\shop\Runtime\Cache\Home\2f412aae274b751dca883838bf7e7502.php 第 88 行.
NOTIC: [8] Use of undefined constant parent_id - assumed 'parent_id' D:\AppServ\www\shop\Runtime\Cache\Home\2f412aae274b751dca883838bf7e7502.php 第 88 行.
NOTIC: [8] Use of undefined constant cat_id - assumed 'cat_id' D:\AppServ\www\shop\Runtime\Cache\Home\2f412aae274b751dca883838bf7e7502.php 第 88 行.
NOTIC: [8] Use of undefined constant parent_id - assumed 'parent_id' D:\AppServ\www\shop\Runtime\Cache\Home\2f412aae274b751dca883838bf7e7502.php 第 88 行.
NOTIC: [8] Use of undefined constant cat_id - assumed 'cat_id' D:\AppServ\www\shop\Runtime\Cache\Home\2f412aae274b751dca883838bf7e7502.php 第 88 行.
NOTIC: [8] Use of undefined constant parent_id - assumed 'parent_id' D:\AppServ\www\shop\Runtime\Cache\Home\2f412aae274b751dca883838bf7e7502.php 第 88 行.
NOTIC: [8] Use of undefined constant cat_id - assumed 'cat_id' D:\AppServ\www\shop\Runtime\Cache\Home\2f412aae274b751dca883838bf7e7502.php 第 88 行.
NOTIC: [8] Use of undefined constant parent_id - assumed 'parent_id' D:\AppServ\www\shop\Runtime\Cache\Home\2f412aae274b751dca883838bf7e7502.php 第 88 行.
NOTIC: [8] Use of undefined constant cat_id - assumed 'cat_id' D:\AppServ\www\shop\Runtime\Cache\Home\2f412aae274b751dca883838bf7e7502.php 第 88 行.
NOTIC: [8] Use of undefined constant parent_id - assumed 'parent_id' D:\AppServ\www\shop\Runtime\Cache\Home\2f412aae274b751dca883838bf7e7502.php 第 88 行.
NOTIC: [8] Use of undefined constant cat_id - assumed 'cat_id' D:\AppServ\www\shop\Runtime\Cache\Home\2f412aae274b751dca883838bf7e7502.php 第 88 行.
NOTIC: [8] Use of undefined constant parent_id - assumed 'parent_id' D:\AppServ\www\shop\Runtime\Cache\Home\2f412aae274b751dca883838bf7e7502.php 第 88 行.
NOTIC: [8] Use of undefined constant cat_id - assumed 'cat_id' D:\AppServ\www\shop\Runtime\Cache\Home\2f412aae274b751dca883838bf7e7502.php 第 88 行.
NOTIC: [8] Use of undefined constant parent_id - assumed 'parent_id' D:\AppServ\www\shop\Runtime\Cache\Home\2f412aae274b751dca883838bf7e7502.php 第 88 行.
NOTIC: [8] Use of undefined constant cat_id - assumed 'cat_id' D:\AppServ\www\shop\Runtime\Cache\Home\2f412aae274b751dca883838bf7e7502.php 第 88 行.
NOTIC: [8] Use of undefined constant parent_id - assumed 'parent_id' D:\AppServ\www\shop\Runtime\Cache\Home\2f412aae274b751dca883838bf7e7502.php 第 88 行.
NOTIC: [8] Use of undefined constant cat_id - assumed 'cat_id' D:\AppServ\www\shop\Runtime\Cache\Home\2f412aae274b751dca883838bf7e7502.php 第 88 行.
NOTIC: [8] Use of undefined constant parent_id - assumed 'parent_id' D:\AppServ\www\shop\Runtime\Cache\Home\2f412aae274b751dca883838bf7e7502.php 第 88 行.
NOTIC: [8] Use of undefined constant cat_id - assumed 'cat_id' D:\AppServ\www\shop\Runtime\Cache\Home\2f412aae274b751dca883838bf7e7502.php 第 88 行.
NOTIC: [8] Use of undefined constant parent_id - assumed 'parent_id' D:\AppServ\www\shop\Runtime\Cache\Home\2f412aae274b751dca883838bf7e7502.php 第 88 行.
NOTIC: [8] Use of undefined constant cat_id - assumed 'cat_id' D:\AppServ\www\shop\Runtime\Cache\Home\2f412aae274b751dca883838bf7e7502.php 第 88 行.
NOTIC: [8] Use of undefined constant parent_id - assumed 'parent_id' D:\AppServ\www\shop\Runtime\Cache\Home\2f412aae274b751dca883838bf7e7502.php 第 88 行.
NOTIC: [8] Use of undefined constant cat_id - assumed 'cat_id' D:\AppServ\www\shop\Runtime\Cache\Home\2f412aae274b751dca883838bf7e7502.php 第 88 行.
NOTIC: [8] Use of undefined constant parent_id - assumed 'parent_id' D:\AppServ\www\shop\Runtime\Cache\Home\2f412aae274b751dca883838bf7e7502.php 第 88 行.
NOTIC: [8] Use of undefined constant cat_id - assumed 'cat_id' D:\AppServ\www\shop\Runtime\Cache\Home\2f412aae274b751dca883838bf7e7502.php 第 88 行.
NOTIC: [8] Use of undefined constant cat_id - assumed 'cat_id' D:\AppServ\www\shop\Runtime\Cache\Home\2f412aae274b751dca883838bf7e7502.php 第 88 行.
NOTIC: [8] Use of undefined constant parent_id - assumed 'parent_id' D:\AppServ\www\shop\Runtime\Cache\Home\2f412aae274b751dca883838bf7e7502.php 第 88 行.
NOTIC: [8] Use of undefined constant cat_id - assumed 'cat_id' D:\AppServ\www\shop\Runtime\Cache\Home\2f412aae274b751dca883838bf7e7502.php 第 88 行.
NOTIC: [8] Use of undefined constant cat_id - assumed 'cat_id' D:\AppServ\www\shop\Runtime\Cache\Home\2f412aae274b751dca883838bf7e7502.php 第 88 行.
NOTIC: [8] Use of undefined constant parent_id - assumed 'parent_id' D:\AppServ\www\shop\Runtime\Cache\Home\2f412aae274b751dca883838bf7e7502.php 第 88 行.
NOTIC: [8] Use of undefined constant cat_id - assumed 'cat_id' D:\AppServ\www\shop\Runtime\Cache\Home\2f412aae274b751dca883838bf7e7502.php 第 88 行.
NOTIC: [8] Use of undefined constant cat_id - assumed 'cat_id' D:\AppServ\www\shop\Runtime\Cache\Home\2f412aae274b751dca883838bf7e7502.php 第 88 行.
NOTIC: [8] Use of undefined constant parent_id - assumed 'parent_id' D:\AppServ\www\shop\Runtime\Cache\Home\2f412aae274b751dca883838bf7e7502.php 第 88 行.
NOTIC: [8] Use of undefined constant cat_id - assumed 'cat_id' D:\AppServ\www\shop\Runtime\Cache\Home\2f412aae274b751dca883838bf7e7502.php 第 88 行.
NOTIC: [8] Undefined variable: his D:\AppServ\www\shop\Runtime\Cache\Home\2f412aae274b751dca883838bf7e7502.php 第 131 行.
NOTIC: [8] Use of undefined constant goods_img - assumed 'goods_img' D:\AppServ\www\shop\Runtime\Cache\Home\2f412aae274b751dca883838bf7e7502.php 第 201 行.
NOTIC: [8] Use of undefined constant goods_img - assumed 'goods_img' D:\AppServ\www\shop\Runtime\Cache\Home\2f412aae274b751dca883838bf7e7502.php 第 201 行.
NOTIC: [8] Use of undefined constant goods_img - assumed 'goods_img' D:\AppServ\www\shop\Runtime\Cache\Home\2f412aae274b751dca883838bf7e7502.php 第 201 行.
NOTIC: [8] Use of undefined constant goods_img - assumed 'goods_img' D:\AppServ\www\shop\Runtime\Cache\Home\2f412aae274b751dca883838bf7e7502.php 第 201 行.
INFO: Run Behavior\ParseTemplateBehavior [ RunTime:0.041462s ]
INFO: [ view_parse ] --END-- [ RunTime:0.041617s ]
INFO: [ view_filter ] --START--
INFO: Run Behavior\WriteHtmlCacheBehavior [ RunTime:0.001728s ]
INFO: [ view_filter ] --END-- [ RunTime:0.001867s ]
INFO: [ app_end ] --START--
INFO: Run Behavior\ShowPageTraceBehavior [ RunTime:0.002069s ]
INFO: [ app_end ] --END-- [ RunTime:0.002215s ]

