[ 2017-05-02T19:32:54+08:00 ] ::1 /shop/index.php
INFO: [ app_init ] --START--
INFO: Run Behavior\BuildLiteBehavior [ RunTime:0.000016s ]
INFO: [ app_init ] --END-- [ RunTime:0.001065s ]
INFO: [ app_begin ] --START--
INFO: Run Behavior\ReadHtmlCacheBehavior [ RunTime:0.000777s ]
INFO: [ app_begin ] --END-- [ RunTime:0.000840s ]
SQL: SHOW COLUMNS FROM `cat` [ RunTime:0.0110s ]
SQL: SELECT * FROM `cat`  [ RunTime:0.0012s ]
SQL: SELECT * FROM `cat`  [ RunTime:0.0003s ]
SQL: SELECT * FROM `cat`  [ RunTime:0.0002s ]
SQL: SELECT * FROM `cat`  [ RunTime:0.0003s ]
SQL: SELECT * FROM `cat`  [ RunTime:0.0002s ]
SQL: SELECT * FROM `cat`  [ RunTime:0.0002s ]
SQL: SELECT * FROM `cat`  [ RunTime:0.0002s ]
SQL: SELECT * FROM `cat`  [ RunTime:0.0002s ]
SQL: SELECT * FROM `cat`  [ RunTime:0.0002s ]
SQL: SELECT * FROM `cat`  [ RunTime:0.0003s ]
SQL: SELECT * FROM `cat`  [ RunTime:0.0002s ]
SQL: SELECT * FROM `cat`  [ RunTime:0.0002s ]
SQL: SELECT * FROM `cat`  [ RunTime:0.0002s ]
SQL: SELECT * FROM `cat`  [ RunTime:0.0002s ]
SQL: SELECT * FROM `cat`  [ RunTime:0.0002s ]
SQL: SELECT * FROM `cat`  [ RunTime:0.0002s ]
SQL: SHOW COLUMNS FROM `goods` [ RunTime:0.0027s ]
SQL: SELECT `goods_id`,`goods_name`,`market_price`,`goods_img`,`is_hot`,`shop_price` FROM `goods` WHERE ( is_hot=1 ) ORDER BY goods_id desc LIMIT 0,4   [ RunTime:0.0023s ]
INFO: [ view_parse ] --START--
INFO: [ template_filter ] --START--
INFO: Run Behavior\ContentReplaceBehavior [ RunTime:0.000114s ]
INFO: [ template_filter ] --END-- [ RunTime:0.000162s ]
NOTIC: [8] Use of undefined constant cat_id - assumed 'cat_id' D:\AppServ\www\shop\Runtime\Cache\Home\2f412aae274b751dca883838bf7e7502.php 第 88 行.
NOTIC: [8] Use of undefined constant parent_id - assumed 'parent_id' D:\AppServ\www\shop\Runtime\Cache\Home\2f412aae274b751dca883838bf7e7502.php 第 88 行.
NOTIC: [8] Use of undefined constant cat_id - assumed 'cat_id' D:\AppServ\www\shop\Runtime\Cache\Home\2f412aae274b751dca883838bf7e7502.php 第 88 行.
NOTIC: [8] Use of undefined constant parent_id - assumed 'parent_id' D:\AppServ\www\shop\Runtime\Cache\Home\2f412aae274b751dca883838bf7e7502.php 第 88 行.
NOTIC: [8] Use of undefined constant cat_id - assumed 'cat_id' D:\AppServ\www\shop\Runtime\Cache\Home\2f412aae274b751dca883838bf7e7502.php 第 88 行.
NOTIC: [8] Use of undefined constant cat_id - assumed 'cat_id' D:\AppServ\www\shop\Runtime\Cache\Home\2f412aae274b751dca883838bf7e7502.php 第 88 行.
NOTIC: [8] Use of undefined constant parent_id - assumed 'parent_id' D:\AppServ\www\shop\Runtime\Cache\Home\2f412aae274b751dca883838bf7e7502.php 第 88 行.
NOTIC: [8] Use of undefined constant cat_id - assumed 'cat_id' D:\AppServ\www\shop\Runtime\Cache\Home\2f412aae274b751dca883838bf7e7502.php 第 88 行.
NOTIC: [8] Use of undefined constant cat_id - assumed 'cat_id' D:\AppServ\www\shop\Runtime\Cache\Home\2f412aae274b751dca883838bf7e7502.php 第 88 行.
NOTIC: [8] Use of undefined constant parent_id - assumed 'parent_id' D:\AppServ\www\shop\Runtime\Cache\Home\2f412aae274b751dca883838bf7e7502.php 第 88 行.
NOTIC: [8] Use of undefined constant cat_id - assumed 'cat_id' D:\AppServ\www\shop\Runtime\Cache\Home\2f412aae274b751dca883838bf7e7502.php 第 88 行.
NOTIC: [8] Use of undefined constant cat_id - assumed 'cat_id' D:\AppServ\www\shop\Runtime\Cache\Home\2f412aae274b751dca883838bf7e7502.php 第 88 行.
NOTIC: [8] Use of undefined constant parent_id - assumed 'parent_id' D:\AppServ\www\shop\Runtime\Cache\Home\2f412aae274b751dca883838bf7e7502.php 第 88 行.
NOTIC: [8] Use of undefined constant cat_id - assumed 'cat_id' D:\AppServ\www\shop\Runtime\Cache\Home\2f412aae274b751dca883838bf7e7502.php 第 88 行.
NOTIC: [8] Use of undefined constant parent_id - assumed 'parent_id' D:\AppServ\www\shop\Runtime\Cache\Home\2f412aae274b751dca883838bf7e7502.php 第 88 行.
NOTIC: [8] Use of undefined constant cat_id - assumed 'cat_id' D:\AppServ\www\shop\Runtime\Cache\Home\2f412aae274b751dca883838bf7e7502.php 第 88 行.
NOTIC: [8] Use of undefined constant cat_id - assumed 'cat_id' D:\AppServ\www\shop\Runtime\Cache\Home\2f412aae274b751dca883838bf7e7502.php 第 88 行.
NOTIC: [8] Use of undefined constant parent_id - assumed 'parent_id' D:\AppServ\www\shop\Runtime\Cache\Home\2f412aae274b751dca883838bf7e7502.php 第 88 行.
NOTIC: [8] Use of undefined constant cat_id - assumed 'cat_id' D:\AppServ\www\shop\Runtime\Cache\Home\2f412aae274b751dca883838bf7e7502.php 第 88 行.
NOTIC: [8] Use of undefined constant parent_id - assumed 'parent_id' D:\AppServ\www\shop\Runtime\Cache\Home\2f412aae274b751dca883838bf7e7502.php 第 88 行.
NOTIC: [8] Use of undefined constant cat_id - assumed 'cat_id' D:\AppServ\www\shop\Runtime\Cache\Home\2f412aae274b751dca883838bf7e7502.php 第 88 行.
NOTIC: [8] Use of undefined constant parent_id - assumed 'parent_id' D:\AppServ\www\shop\Runtime\Cache\Home\2f412aae274b751dca883838bf7e7502.php 第 88 行.
NOTIC: [8] Use of undefined constant cat_id - assumed 'cat_id' D:\AppServ\www\shop\Runtime\Cache\Home\2f412aae274b751dca883838bf7e7502.php 第 88 行.
NOTIC: [8] Use of undefined constant parent_id - assumed 'parent_id' D:\AppServ\www\shop\Runtime\Cache\Home\2f412aae274b751dca883838bf7e7502.php 第 88 行.
NOTIC: [8] Use of undefined constant cat_id - assumed 'cat_id' D:\AppServ\www\shop\Runtime\Cache\Home\2f412aae274b751dca883838bf7e7502.php 第 88 行.
NOTIC: [8] Use of undefined constant parent_id - assumed 'parent_id' D:\AppServ\www\shop\Runtime\Cache\Home\2f412aae274b751dca883838bf7e7502.php 第 88 行.
NOTIC: [8] Use of undefined constant cat_id - assumed 'cat_id' D:\AppServ\www\shop\Runtime\Cache\Home\2f412aae274b751dca883838bf7e7502.php 第 88 行.
NOTIC: [8] Use of undefined constant parent_id - assumed 'parent_id' D:\AppServ\www\shop\Runtime\Cache\Home\2f412aae274b751dca883838bf7e7502.php 第 88 行.
NOTIC: [8] Use of undefined constant cat_id - assumed 'cat_id' D:\AppServ\www\shop\Runtime\Cache\Home\2f412aae274b751dca883838bf7e7502.php 第 88 行.
NOTIC: [8] Use of undefined constant parent_id - assumed 'parent_id' D:\AppServ\www\shop\Runtime\Cache\Home\2f412aae274b751dca883838bf7e7502.php 第 88 行.
NOTIC: [8] Use of undefined constant cat_id - assumed 'cat_id' D:\AppServ\www\shop\Runtime\Cache\Home\2f412aae274b751dca883838bf7e7502.php 第 88 行.
NOTIC: [8] Use of undefined constant parent_id - assumed 'parent_id' D:\AppServ\www\shop\Runtime\Cache\Home\2f412aae274b751dca883838bf7e7502.php 第 88 行.
NOTIC: [8] Use of undefined constant cat_id - assumed 'cat_id' D:\AppServ\www\shop\Runtime\Cache\Home\2f412aae274b751dca883838bf7e7502.php 第 88 行.
NOTIC: [8] Use of undefined constant parent_id - assumed 'parent_id' D:\AppServ\www\shop\Runtime\Cache\Home\2f412aae274b751dca883838bf7e7502.php 第 88 行.
NOTIC: [8] Use of undefined constant cat_id - assumed 'cat_id' D:\AppServ\www\shop\Runtime\Cache\Home\2f412aae274b751dca883838bf7e7502.php 第 88 行.
NOTIC: [8] Use of undefined constant parent_id - assumed 'parent_id' D:\AppServ\www\shop\Runtime\Cache\Home\2f412aae274b751dca883838bf7e7502.php 第 88 行.
NOTIC: [8] Use of undefined constant cat_id - assumed 'cat_id' D:\AppServ\www\shop\Runtime\Cache\Home\2f412aae274b751dca883838bf7e7502.php 第 88 行.
NOTIC: [8] Use of undefined constant parent_id - assumed 'parent_id' D:\AppServ\www\shop\Runtime\Cache\Home\2f412aae274b751dca883838bf7e7502.php 第 88 行.
NOTIC: [8] Use of undefined constant cat_id - assumed 'cat_id' D:\AppServ\www\shop\Runtime\Cache\Home\2f412aae274b751dca883838bf7e7502.php 第 88 行.
NOTIC: [8] Use of undefined constant parent_id - assumed 'parent_id' D:\AppServ\www\shop\Runtime\Cache\Home\2f412aae274b751dca883838bf7e7502.php 第 88 行.
NOTIC: [8] Use of undefined constant cat_id - assumed 'cat_id' D:\AppServ\www\shop\Runtime\Cache\Home\2f412aae274b751dca883838bf7e7502.php 第 88 行.
NOTIC: [8] Use of undefined constant parent_id - assumed 'parent_id' D:\AppServ\www\shop\Runtime\Cache\Home\2f412aae274b751dca883838bf7e7502.php 第 88 行.
NOTIC: [8] Use of undefined constant cat_id - assumed 'cat_id' D:\AppServ\www\shop\Runtime\Cache\Home\2f412aae274b751dca883838bf7e7502.php 第 88 行.
NOTIC: [8] Use of undefined constant parent_id - assumed 'parent_id' D:\AppServ\www\shop\Runtime\Cache\Home\2f412aae274b751dca883838bf7e7502.php 第 88 行.
NOTIC: [8] Use of undefined constant cat_id - assumed 'cat_id' D:\AppServ\www\shop\Runtime\Cache\Home\2f412aae274b751dca883838bf7e7502.php 第 88 行.
NOTIC: [8] Use of undefined constant parent_id - assumed 'parent_id' D:\AppServ\www\shop\Runtime\Cache\Home\2f412aae274b751dca883838bf7e7502.php 第 88 行.
NOTIC: [8] Use of undefined constant cat_id - assumed 'cat_id' D:\AppServ\www\shop\Runtime\Cache\Home\2f412aae274b751dca883838bf7e7502.php 第 88 行.
NOTIC: [8] Use of undefined constant parent_id - assumed 'parent_id' D:\AppServ\www\shop\Runtime\Cache\Home\2f412aae274b751dca883838bf7e7502.php 第 88 行.
NOTIC: [8] Use of undefined constant cat_id - assumed 'cat_id' D:\AppServ\www\shop\Runtime\Cache\Home\2f412aae274b751dca883838bf7e7502.php 第 88 行.
NOTIC: [8] Use of undefined constant parent_id - assumed 'parent_id' D:\AppServ\www\shop\Runtime\Cache\Home\2f412aae274b751dca883838bf7e7502.php 第 88 行.
NOTIC: [8] Use of undefined constant cat_id - assumed 'cat_id' D:\AppServ\www\shop\Runtime\Cache\Home\2f412aae274b751dca883838bf7e7502.php 第 88 行.
NOTIC: [8] Use of undefined constant cat_id - assumed 'cat_id' D:\AppServ\www\shop\Runtime\Cache\Home\2f412aae274b751dca883838bf7e7502.php 第 88 行.
NOTIC: [8] Use of undefined constant parent_id - assumed 'parent_id' D:\AppServ\www\shop\Runtime\Cache\Home\2f412aae274b751dca883838bf7e7502.php 第 88 行.
NOTIC: [8] Use of undefined constant cat_id - assumed 'cat_id' D:\AppServ\www\shop\Runtime\Cache\Home\2f412aae274b751dca883838bf7e7502.php 第 88 行.
NOTIC: [8] Use of undefined constant cat_id - assumed 'cat_id' D:\AppServ\www\shop\Runtime\Cache\Home\2f412aae274b751dca883838bf7e7502.php 第 88 行.
NOTIC: [8] Use of undefined constant parent_id - assumed 'parent_id' D:\AppServ\www\shop\Runtime\Cache\Home\2f412aae274b751dca883838bf7e7502.php 第 88 行.
NOTIC: [8] Use of undefined constant cat_id - assumed 'cat_id' D:\AppServ\www\shop\Runtime\Cache\Home\2f412aae274b751dca883838bf7e7502.php 第 88 行.
NOTIC: [8] Use of undefined constant cat_id - assumed 'cat_id' D:\AppServ\www\shop\Runtime\Cache\Home\2f412aae274b751dca883838bf7e7502.php 第 88 行.
NOTIC: [8] Use of undefined constant parent_id - assumed 'parent_id' D:\AppServ\www\shop\Runtime\Cache\Home\2f412aae274b751dca883838bf7e7502.php 第 88 行.
NOTIC: [8] Use of undefined constant cat_id - assumed 'cat_id' D:\AppServ\www\shop\Runtime\Cache\Home\2f412aae274b751dca883838bf7e7502.php 第 88 行.
NOTIC: [8] Use of undefined constant parent_id - assumed 'parent_id' D:\AppServ\www\shop\Runtime\Cache\Home\2f412aae274b751dca883838bf7e7502.php 第 88 行.
NOTIC: [8] Use of undefined constant cat_id - assumed 'cat_id' D:\AppServ\www\shop\Runtime\Cache\Home\2f412aae274b751dca883838bf7e7502.php 第 88 行.
NOTIC: [8] Use of undefined constant parent_id - assumed 'parent_id' D:\AppServ\www\shop\Runtime\Cache\Home\2f412aae274b751dca883838bf7e7502.php 第 88 行.
NOTIC: [8] Use of undefined constant cat_id - assumed 'cat_id' D:\AppServ\www\shop\Runtime\Cache\Home\2f412aae274b751dca883838bf7e7502.php 第 88 行.
NOTIC: [8] Use of undefined constant parent_id - assumed 'parent_id' D:\AppServ\www\shop\Runtime\Cache\Home\2f412aae274b751dca883838bf7e7502.php 第 88 行.
NOTIC: [8] Use of undefined constant cat_id - assumed 'cat_id' D:\AppServ\www\shop\Runtime\Cache\Home\2f412aae274b751dca883838bf7e7502.php 第 88 行.
NOTIC: [8] Use of undefined constant parent_id - assumed 'parent_id' D:\AppServ\www\shop\Runtime\Cache\Home\2f412aae274b751dca883838bf7e7502.php 第 88 行.
NOTIC: [8] Use of undefined constant cat_id - assumed 'cat_id' D:\AppServ\www\shop\Runtime\Cache\Home\2f412aae274b751dca883838bf7e7502.php 第 88 行.
NOTIC: [8] Use of undefined constant parent_id - assumed 'parent_id' D:\AppServ\www\shop\Runtime\Cache\Home\2f412aae274b751dca883838bf7e7502.php 第 88 行.
NOTIC: [8] Use of undefined constant cat_id - assumed 'cat_id' D:\AppServ\www\shop\Runtime\Cache\Home\2f412aae274b751dca883838bf7e7502.php 第 88 行.
NOTIC: [8] Use of undefined constant parent_id - assumed 'parent_id' D:\AppServ\www\shop\Runtime\Cache\Home\2f412aae274b751dca883838bf7e7502.php 第 88 行.
NOTIC: [8] Use of undefined constant cat_id - assumed 'cat_id' D:\AppServ\www\shop\Runtime\Cache\Home\2f412aae274b751dca883838bf7e7502.php 第 88 行.
NOTIC: [8] Use of undefined constant parent_id - assumed 'parent_id' D:\AppServ\www\shop\Runtime\Cache\Home\2f412aae274b751dca883838bf7e7502.php 第 88 行.
NOTIC: [8] Use of undefined constant cat_id - assumed 'cat_id' D:\AppServ\www\shop\Runtime\Cache\Home\2f412aae274b751dca883838bf7e7502.php 第 88 行.
NOTIC: [8] Use of undefined constant parent_id - assumed 'parent_id' D:\AppServ\www\shop\Runtime\Cache\Home\2f412aae274b751dca883838bf7e7502.php 第 88 行.
NOTIC: [8] Use of undefined constant cat_id - assumed 'cat_id' D:\AppServ\www\shop\Runtime\Cache\Home\2f412aae274b751dca883838bf7e7502.php 第 88 行.
NOTIC: [8] Use of undefined constant parent_id - assumed 'parent_id' D:\AppServ\www\shop\Runtime\Cache\Home\2f412aae274b751dca883838bf7e7502.php 第 88 行.
NOTIC: [8] Use of undefined constant cat_id - assumed 'cat_id' D:\AppServ\www\shop\Runtime\Cache\Home\2f412aae274b751dca883838bf7e7502.php 第 88 行.
NOTIC: [8] Use of undefined constant parent_id - assumed 'parent_id' D:\AppServ\www\shop\Runtime\Cache\Home\2f412aae274b751dca883838bf7e7502.php 第 88 行.
NOTIC: [8] Use of undefined constant cat_id - assumed 'cat_id' D:\AppServ\www\shop\Runtime\Cache\Home\2f412aae274b751dca883838bf7e7502.php 第 88 行.
NOTIC: [8] Use of undefined constant parent_id - assumed 'parent_id' D:\AppServ\www\shop\Runtime\Cache\Home\2f412aae274b751dca883838bf7e7502.php 第 88 行.
NOTIC: [8] Use of undefined constant cat_id - assumed 'cat_id' D:\AppServ\www\shop\Runtime\Cache\Home\2f412aae274b751dca883838bf7e7502.php 第 88 行.
NOTIC: [8] Use of undefined constant parent_id - assumed 'parent_id' D:\AppServ\www\shop\Runtime\Cache\Home\2f412aae274b751dca883838bf7e7502.php 第 88 行.
NOTIC: [8] Use of undefined constant cat_id - assumed 'cat_id' D:\AppServ\www\shop\Runtime\Cache\Home\2f412aae274b751dca883838bf7e7502.php 第 88 行.
NOTIC: [8] Use of undefined constant parent_id - assumed 'parent_id' D:\AppServ\www\shop\Runtime\Cache\Home\2f412aae274b751dca883838bf7e7502.php 第 88 行.
NOTIC: [8] Use of undefined constant cat_id - assumed 'cat_id' D:\AppServ\www\shop\Runtime\Cache\Home\2f412aae274b751dca883838bf7e7502.php 第 88 行.
NOTIC: [8] Use of undefined constant parent_id - assumed 'parent_id' D:\AppServ\www\shop\Runtime\Cache\Home\2f412aae274b751dca883838bf7e7502.php 第 88 行.
NOTIC: [8] Use of undefined constant cat_id - assumed 'cat_id' D:\AppServ\www\shop\Runtime\Cache\Home\2f412aae274b751dca883838bf7e7502.php 第 88 行.
NOTIC: [8] Use of undefined constant parent_id - assumed 'parent_id' D:\AppServ\www\shop\Runtime\Cache\Home\2f412aae274b751dca883838bf7e7502.php 第 88 行.
NOTIC: [8] Use of undefined constant cat_id - assumed 'cat_id' D:\AppServ\www\shop\Runtime\Cache\Home\2f412aae274b751dca883838bf7e7502.php 第 88 行.
NOTIC: [8] Use of undefined constant parent_id - assumed 'parent_id' D:\AppServ\www\shop\Runtime\Cache\Home\2f412aae274b751dca883838bf7e7502.php 第 88 行.
NOTIC: [8] Use of undefined constant cat_id - assumed 'cat_id' D:\AppServ\www\shop\Runtime\Cache\Home\2f412aae274b751dca883838bf7e7502.php 第 88 行.
NOTIC: [8] Use of undefined constant cat_id - assumed 'cat_id' D:\AppServ\www\shop\Runtime\Cache\Home\2f412aae274b751dca883838bf7e7502.php 第 88 行.
NOTIC: [8] Use of undefined constant parent_id - assumed 'parent_id' D:\AppServ\www\shop\Runtime\Cache\Home\2f412aae274b751dca883838bf7e7502.php 第 88 行.
NOTIC: [8] Use of undefined constant cat_id - assumed 'cat_id' D:\AppServ\www\shop\Runtime\Cache\Home\2f412aae274b751dca883838bf7e7502.php 第 88 行.
NOTIC: [8] Use of undefined constant cat_id - assumed 'cat_id' D:\AppServ\www\shop\Runtime\Cache\Home\2f412aae274b751dca883838bf7e7502.php 第 88 行.
NOTIC: [8] Use of undefined constant parent_id - assumed 'parent_id' D:\AppServ\www\shop\Runtime\Cache\Home\2f412aae274b751dca883838bf7e7502.php 第 88 行.
NOTIC: [8] Use of undefined constant cat_id - assumed 'cat_id' D:\AppServ\www\shop\Runtime\Cache\Home\2f412aae274b751dca883838bf7e7502.php 第 88 行.
NOTIC: [8] Use of undefined constant cat_id - assumed 'cat_id' D:\AppServ\www\shop\Runtime\Cache\Home\2f412aae274b751dca883838bf7e7502.php 第 88 行.
NOTIC: [8] Use of undefined constant parent_id - assumed 'parent_id' D:\AppServ\www\shop\Runtime\Cache\Home\2f412aae274b751dca883838bf7e7502.php 第 88 行.
NOTIC: [8] Use of undefined constant cat_id - assumed 'cat_id' D:\AppServ\www\shop\Runtime\Cache\Home\2f412aae274b751dca883838bf7e7502.php 第 88 行.
NOTIC: [8] Undefined variable: his D:\AppServ\www\shop\Runtime\Cache\Home\2f412aae274b751dca883838bf7e7502.php 第 131 行.
NOTIC: [8] Use of undefined constant goods_img - assumed 'goods_img' D:\AppServ\www\shop\Runtime\Cache\Home\2f412aae274b751dca883838bf7e7502.php 第 201 行.
NOTIC: [8] Use of undefined constant goods_img - assumed 'goods_img' D:\AppServ\www\shop\Runtime\Cache\Home\2f412aae274b751dca883838bf7e7502.php 第 201 行.
NOTIC: [8] Use of undefined constant goods_img - assumed 'goods_img' D:\AppServ\www\shop\Runtime\Cache\Home\2f412aae274b751dca883838bf7e7502.php 第 201 行.
NOTIC: [8] Use of undefined constant goods_img - assumed 'goods_img' D:\AppServ\www\shop\Runtime\Cache\Home\2f412aae274b751dca883838bf7e7502.php 第 201 行.
INFO: Run Behavior\ParseTemplateBehavior [ RunTime:0.017491s ]
INFO: [ view_parse ] --END-- [ RunTime:0.017538s ]
INFO: [ view_filter ] --START--
INFO: Run Behavior\WriteHtmlCacheBehavior [ RunTime:0.000596s ]
INFO: [ view_filter ] --END-- [ RunTime:0.000635s ]
INFO: [ app_end ] --START--
INFO: Run Behavior\ShowPageTraceBehavior [ RunTime:0.001108s ]
INFO: [ app_end ] --END-- [ RunTime:0.001171s ]

[ 2017-05-02T19:35:39+08:00 ] ::1 /shop/index.php/Home/cat/cat/cat_id/2.html
INFO: [ app_init ] --START--
INFO: Run Behavior\BuildLiteBehavior [ RunTime:0.000015s ]
INFO: [ app_init ] --END-- [ RunTime:0.000602s ]
INFO: [ app_begin ] --START--
INFO: Run Behavior\ReadHtmlCacheBehavior [ RunTime:0.000914s ]
INFO: [ app_begin ] --END-- [ RunTime:0.000970s ]
SQL: SHOW COLUMNS FROM `cat` [ RunTime:0.0014s ]
SQL: SELECT * FROM `cat`  [ RunTime:0.0003s ]
SQL: SELECT * FROM `cat`  [ RunTime:0.0003s ]
SQL: SELECT * FROM `cat`  [ RunTime:0.0003s ]
SQL: SELECT * FROM `cat`  [ RunTime:0.0003s ]
SQL: SELECT * FROM `cat`  [ RunTime:0.0003s ]
SQL: SELECT * FROM `cat`  [ RunTime:0.0003s ]
SQL: SELECT * FROM `cat`  [ RunTime:0.0003s ]
SQL: SELECT * FROM `cat`  [ RunTime:0.0003s ]
SQL: SELECT * FROM `cat`  [ RunTime:0.0003s ]
SQL: SELECT * FROM `cat`  [ RunTime:0.0003s ]
SQL: SELECT * FROM `cat`  [ RunTime:0.0003s ]
SQL: SELECT * FROM `cat`  [ RunTime:0.0004s ]
SQL: SELECT * FROM `cat`  [ RunTime:0.0003s ]
SQL: SELECT * FROM `cat`  [ RunTime:0.0003s ]
SQL: SELECT * FROM `cat`  [ RunTime:0.0003s ]
SQL: SELECT * FROM `cat`  [ RunTime:0.0003s ]
SQL: SHOW COLUMNS FROM `goods` [ RunTime:0.0013s ]
SQL: SELECT `goods_id`,`goods_name`,`goods_img`,`shop_price`,`market_price` FROM `goods` WHERE `cat_id` = 2  [ RunTime:0.0008s ]
NOTIC: [2] array_reverse() expects parameter 1 to be array, null given D:\AppServ\www\shop\Home\Controller\CatController.class.php 第 11 行.
NOTIC: [2] array_reverse() expects parameter 1 to be array, null given D:\AppServ\www\shop\Home\Controller\CatController.class.php 第 12 行.
INFO: [ view_parse ] --START--
INFO: [ template_filter ] --START--
INFO: Run Behavior\ContentReplaceBehavior [ RunTime:0.000095s ]
INFO: [ template_filter ] --END-- [ RunTime:0.000139s ]
NOTIC: [8] Undefined variable: count D:\AppServ\www\shop\Runtime\Cache\Home\449c4c1fd7bfb113095defb76959b374.php 第 230 行.
NOTIC: [8] Undefined variable: page D:\AppServ\www\shop\Runtime\Cache\Home\449c4c1fd7bfb113095defb76959b374.php 第 230 行.
INFO: Run Behavior\ParseTemplateBehavior [ RunTime:0.013664s ]
INFO: [ view_parse ] --END-- [ RunTime:0.013708s ]
INFO: [ view_filter ] --START--
INFO: Run Behavior\WriteHtmlCacheBehavior [ RunTime:0.000629s ]
INFO: [ view_filter ] --END-- [ RunTime:0.000666s ]
INFO: [ app_end ] --START--
INFO: Run Behavior\ShowPageTraceBehavior [ RunTime:0.000714s ]
INFO: [ app_end ] --END-- [ RunTime:0.000763s ]

[ 2017-05-02T19:35:39+08:00 ] ::1 /shop/index.php/Home/cat/cat/cat_id/themes/68ecshop_hechafree/images/sdgg.gif
INFO: [ app_init ] --START--
INFO: Run Behavior\BuildLiteBehavior [ RunTime:0.000013s ]
INFO: [ app_init ] --END-- [ RunTime:0.000483s ]

[ 2017-05-02T19:35:39+08:00 ] ::1 /shop/index.php/Home/cat/cat/cat_id/api/cron.php-t=1452023217
INFO: [ app_init ] --START--
INFO: Run Behavior\BuildLiteBehavior [ RunTime:0.000019s ]
INFO: [ app_init ] --END-- [ RunTime:0.000802s ]
INFO: [ app_begin ] --START--
INFO: Run Behavior\ReadHtmlCacheBehavior [ RunTime:0.000778s ]
INFO: [ app_begin ] --END-- [ RunTime:0.000858s ]
SQL: SHOW COLUMNS FROM `cat` [ RunTime:0.0010s ]
SQL: SELECT * FROM `cat`  [ RunTime:0.0003s ]
SQL: SELECT * FROM `cat`  [ RunTime:0.0002s ]
SQL: SELECT * FROM `cat`  [ RunTime:0.0002s ]
SQL: SELECT * FROM `cat`  [ RunTime:0.0002s ]
SQL: SELECT * FROM `cat`  [ RunTime:0.0002s ]
SQL: SELECT * FROM `cat`  [ RunTime:0.0002s ]
SQL: SELECT * FROM `cat`  [ RunTime:0.0002s ]
SQL: SELECT * FROM `cat`  [ RunTime:0.0003s ]
SQL: SELECT * FROM `cat`  [ RunTime:0.0002s ]
SQL: SELECT * FROM `cat`  [ RunTime:0.0004s ]
SQL: SELECT * FROM `cat`  [ RunTime:0.0004s ]
SQL: SELECT * FROM `cat`  [ RunTime:0.0004s ]
SQL: SELECT * FROM `cat`  [ RunTime:0.0003s ]
SQL: SELECT * FROM `cat`  [ RunTime:0.0003s ]
SQL: SELECT * FROM `cat`  [ RunTime:0.0003s ]
SQL: SELECT * FROM `cat`  [ RunTime:0.0003s ]
SQL: SHOW COLUMNS FROM `goods` [ RunTime:0.0013s ]
SQL: SELECT `goods_id`,`goods_name`,`goods_img`,`shop_price`,`market_price` FROM `goods` WHERE `cat_id` = 0  [ RunTime:0.0004s ]
NOTIC: [2] array_reverse() expects parameter 1 to be array, null given D:\AppServ\www\shop\Home\Controller\CatController.class.php 第 11 行.
NOTIC: [2] array_reverse() expects parameter 1 to be array, null given D:\AppServ\www\shop\Home\Controller\CatController.class.php 第 12 行.
INFO: [ view_parse ] --START--
INFO: [ template_filter ] --START--
INFO: Run Behavior\ContentReplaceBehavior [ RunTime:0.000118s ]
INFO: [ template_filter ] --END-- [ RunTime:0.000173s ]
NOTIC: [8] Undefined variable: count D:\AppServ\www\shop\Runtime\Cache\Home\449c4c1fd7bfb113095defb76959b374.php 第 230 行.
NOTIC: [8] Undefined variable: page D:\AppServ\www\shop\Runtime\Cache\Home\449c4c1fd7bfb113095defb76959b374.php 第 230 行.
INFO: Run Behavior\ParseTemplateBehavior [ RunTime:0.016452s ]
INFO: [ view_parse ] --END-- [ RunTime:0.016536s ]
INFO: [ view_filter ] --START--
INFO: Run Behavior\WriteHtmlCacheBehavior [ RunTime:0.000792s ]
INFO: [ view_filter ] --END-- [ RunTime:0.000842s ]
INFO: [ app_end ] --START--
INFO: Run Behavior\ShowPageTraceBehavior [ RunTime:0.001224s ]
INFO: [ app_end ] --END-- [ RunTime:0.001311s ]

[ 2017-05-02T19:35:41+08:00 ] ::1 /shop/index.php/home/cat/cat/cat_id/3.html
INFO: [ app_init ] --START--
INFO: Run Behavior\BuildLiteBehavior [ RunTime:0.000016s ]
INFO: [ app_init ] --END-- [ RunTime:0.000632s ]
INFO: [ app_begin ] --START--
INFO: Run Behavior\ReadHtmlCacheBehavior [ RunTime:0.000970s ]
INFO: [ app_begin ] --END-- [ RunTime:0.001041s ]
SQL: SHOW COLUMNS FROM `cat` [ RunTime:0.0015s ]
SQL: SELECT * FROM `cat`  [ RunTime:0.0003s ]
SQL: SELECT * FROM `cat`  [ RunTime:0.0003s ]
SQL: SELECT * FROM `cat`  [ RunTime:0.0002s ]
SQL: SELECT * FROM `cat`  [ RunTime:0.0002s ]
SQL: SELECT * FROM `cat`  [ RunTime:0.0002s ]
SQL: SELECT * FROM `cat`  [ RunTime:0.0002s ]
SQL: SELECT * FROM `cat`  [ RunTime:0.0002s ]
SQL: SELECT * FROM `cat`  [ RunTime:0.0003s ]
SQL: SELECT * FROM `cat`  [ RunTime:0.0002s ]
SQL: SELECT * FROM `cat`  [ RunTime:0.0002s ]
SQL: SELECT * FROM `cat`  [ RunTime:0.0002s ]
SQL: SELECT * FROM `cat`  [ RunTime:0.0002s ]
SQL: SELECT * FROM `cat`  [ RunTime:0.0003s ]
SQL: SELECT * FROM `cat`  [ RunTime:0.0003s ]
SQL: SELECT * FROM `cat`  [ RunTime:0.0003s ]
SQL: SELECT * FROM `cat`  [ RunTime:0.0002s ]
SQL: SHOW COLUMNS FROM `goods` [ RunTime:0.0012s ]
SQL: SELECT `goods_id`,`goods_name`,`goods_img`,`shop_price`,`market_price` FROM `goods` WHERE `cat_id` = 3  [ RunTime:0.0006s ]
NOTIC: [2] array_reverse() expects parameter 1 to be array, null given D:\AppServ\www\shop\Home\Controller\CatController.class.php 第 11 行.
NOTIC: [2] array_reverse() expects parameter 1 to be array, null given D:\AppServ\www\shop\Home\Controller\CatController.class.php 第 12 行.
INFO: [ view_parse ] --START--
INFO: [ template_filter ] --START--
INFO: Run Behavior\ContentReplaceBehavior [ RunTime:0.000112s ]
INFO: [ template_filter ] --END-- [ RunTime:0.000174s ]
NOTIC: [8] Undefined variable: count D:\AppServ\www\shop\Runtime\Cache\Home\449c4c1fd7bfb113095defb76959b374.php 第 230 行.
NOTIC: [8] Undefined variable: page D:\AppServ\www\shop\Runtime\Cache\Home\449c4c1fd7bfb113095defb76959b374.php 第 230 行.
INFO: Run Behavior\ParseTemplateBehavior [ RunTime:0.015514s ]
INFO: [ view_parse ] --END-- [ RunTime:0.015567s ]
INFO: [ view_filter ] --START--
INFO: Run Behavior\WriteHtmlCacheBehavior [ RunTime:0.000582s ]
INFO: [ view_filter ] --END-- [ RunTime:0.000616s ]
INFO: [ app_end ] --START--
INFO: Run Behavior\ShowPageTraceBehavior [ RunTime:0.001067s ]
INFO: [ app_end ] --END-- [ RunTime:0.001130s ]

[ 2017-05-02T19:35:41+08:00 ] ::1 /shop/index.php/home/cat/cat/cat_id/themes/68ecshop_hechafree/images/sdgg.gif
INFO: [ app_init ] --START--
INFO: Run Behavior\BuildLiteBehavior [ RunTime:0.000020s ]
INFO: [ app_init ] --END-- [ RunTime:0.000622s ]

[ 2017-05-02T19:35:41+08:00 ] ::1 /shop/index.php/home/cat/cat/cat_id/api/cron.php-t=1452023217
INFO: [ app_init ] --START--
INFO: Run Behavior\BuildLiteBehavior [ RunTime:0.000023s ]
INFO: [ app_init ] --END-- [ RunTime:0.000839s ]
INFO: [ app_begin ] --START--
INFO: Run Behavior\ReadHtmlCacheBehavior [ RunTime:0.001247s ]
INFO: [ app_begin ] --END-- [ RunTime:0.001345s ]
SQL: SHOW COLUMNS FROM `cat` [ RunTime:0.0011s ]
SQL: SELECT * FROM `cat`  [ RunTime:0.0004s ]
SQL: SELECT * FROM `cat`  [ RunTime:0.0004s ]
SQL: SELECT * FROM `cat`  [ RunTime:0.0003s ]
SQL: SELECT * FROM `cat`  [ RunTime:0.0004s ]
SQL: SELECT * FROM `cat`  [ RunTime:0.0004s ]
SQL: SELECT * FROM `cat`  [ RunTime:0.0005s ]
SQL: SELECT * FROM `cat`  [ RunTime:0.0004s ]
SQL: SELECT * FROM `cat`  [ RunTime:0.0004s ]
SQL: SELECT * FROM `cat`  [ RunTime:0.0004s ]
SQL: SELECT * FROM `cat`  [ RunTime:0.0005s ]
SQL: SELECT * FROM `cat`  [ RunTime:0.0004s ]
SQL: SELECT * FROM `cat`  [ RunTime:0.0004s ]
SQL: SELECT * FROM `cat`  [ RunTime:0.0004s ]
SQL: SELECT * FROM `cat`  [ RunTime:0.0003s ]
SQL: SELECT * FROM `cat`  [ RunTime:0.0004s ]
SQL: SELECT * FROM `cat`  [ RunTime:0.0005s ]
SQL: SHOW COLUMNS FROM `goods` [ RunTime:0.0016s ]
SQL: SELECT `goods_id`,`goods_name`,`goods_img`,`shop_price`,`market_price` FROM `goods` WHERE `cat_id` = 0  [ RunTime:0.0003s ]
NOTIC: [2] array_reverse() expects parameter 1 to be array, null given D:\AppServ\www\shop\Home\Controller\CatController.class.php 第 11 行.
NOTIC: [2] array_reverse() expects parameter 1 to be array, null given D:\AppServ\www\shop\Home\Controller\CatController.class.php 第 12 行.
INFO: [ view_parse ] --START--
INFO: [ template_filter ] --START--
INFO: Run Behavior\ContentReplaceBehavior [ RunTime:0.000109s ]
INFO: [ template_filter ] --END-- [ RunTime:0.000162s ]
NOTIC: [8] Undefined variable: count D:\AppServ\www\shop\Runtime\Cache\Home\449c4c1fd7bfb113095defb76959b374.php 第 230 行.
NOTIC: [8] Undefined variable: page D:\AppServ\www\shop\Runtime\Cache\Home\449c4c1fd7bfb113095defb76959b374.php 第 230 行.
INFO: Run Behavior\ParseTemplateBehavior [ RunTime:0.013969s ]
INFO: [ view_parse ] --END-- [ RunTime:0.014012s ]
INFO: [ view_filter ] --START--
INFO: Run Behavior\WriteHtmlCacheBehavior [ RunTime:0.000593s ]
INFO: [ view_filter ] --END-- [ RunTime:0.000626s ]
INFO: [ app_end ] --START--
INFO: Run Behavior\ShowPageTraceBehavior [ RunTime:0.000976s ]
INFO: [ app_end ] --END-- [ RunTime:0.001048s ]

